#
# There is insufficient memory for the Java Runtime Environment to continue.
# Native memory allocation (malloc) failed to allocate 728256 bytes for Chunk::new
# Possible reasons:
#   The system is out of physical RAM or swap space
#   The process is running with CompressedOops enabled, and the Java Heap may be blocking the growth of the native heap
# Possible solutions:
#   Reduce memory load on the system
#   Increase physical memory or swap space
#   Check if swap backing store is full
#   Decrease Java heap size (-Xmx/-Xms)
#   Decrease number of Java threads
#   Decrease Java thread stack sizes (-Xss)
#   Set larger code cache with -XX:ReservedCodeCacheSize=
#   JVM is running with Unscaled Compressed Oops mode in which the Java heap is
#     placed in the first 4GB address space. The Java Heap base address is the
#     maximum limit for the native heap growth. Please use -XX:HeapBaseMinAddress
#     to set the Java Heap base and to place the Java Heap above 4GB virtual address.
# This output file may be truncated or incomplete.
#
#  Out of Memory Error (allocation.cpp:389), pid=13816, tid=0x0000000000003e80
#
# JRE version: OpenJDK Runtime Environment (8.0_242-b01) (build 1.8.0_242-release-1644-b01)
# Java VM: OpenJDK 64-Bit Server VM (25.242-b01 mixed mode windows-amd64 compressed oops)
# Failed to write core dump. Minidumps are not enabled by default on client versions of Windows
#

---------------  T H R E A D  ---------------

Current thread (0x0000000018c88000):  JavaThread "C2 CompilerThread1" daemon [_thread_in_native, id=16000, stack(0x0000000019650000,0x0000000019750000)]

Stack: [0x0000000019650000,0x0000000019750000]
[error occurred during error reporting (printing stack bounds), id 0xc0000005]

Native frames: (J=compiled Java code, j=interpreted, Vv=VM code, C=native code)


Current CompileTask:
C2:  39045 15652       4       com.android.tools.r8.code.K0::a (11 bytes)


---------------  P R O C E S S  ---------------

Java Threads: ( => current thread )
  0x000000001e117000 JavaThread "ForkJoinPool-1-worker-0" daemon [_thread_blocked, id=2380, stack(0x000000002be30000,0x000000002bf30000)]
  0x000000001dfae000 JavaThread "ForkJoinPool-1-worker-7" daemon [_thread_blocked, id=16228, stack(0x000000002bd30000,0x000000002be30000)]
  0x000000001dfaf800 JavaThread "ForkJoinPool-1-worker-6" daemon [_thread_blocked, id=3832, stack(0x000000002bc30000,0x000000002bd30000)]
  0x000000001dfaf000 JavaThread "ForkJoinPool-1-worker-5" daemon [_thread_blocked, id=8980, stack(0x000000002bb30000,0x000000002bc30000)]
  0x000000001dfad800 JavaThread "ForkJoinPool-1-worker-4" daemon [_thread_blocked, id=18508, stack(0x000000002ba30000,0x000000002bb30000)]
  0x000000001dfac000 JavaThread "ForkJoinPool-1-worker-3" daemon [_thread_blocked, id=19548, stack(0x000000002b930000,0x000000002ba30000)]
  0x000000001dfa2000 JavaThread "ForkJoinPool-1-worker-2" daemon [_thread_blocked, id=21320, stack(0x000000002b280000,0x000000002b380000)]
  0x000000001dfa9000 JavaThread "ForkJoinPool-1-worker-1" daemon [_thread_blocked, id=23440, stack(0x000000002ab60000,0x000000002ac60000)]
  0x000000001dfa5000 JavaThread "WorkerExecutor Queue Thread 6" [_thread_blocked, id=2844, stack(0x0000000029d60000,0x0000000029e60000)]
  0x000000001dfa3800 JavaThread "WorkerExecutor Queue Thread 5" [_thread_in_Java, id=10896, stack(0x000000002ac60000,0x000000002ad60000)]
  0x000000001dfa4800 JavaThread "WorkerExecutor Queue Thread 4" [_thread_blocked, id=3268, stack(0x000000002ad80000,0x000000002ae80000)]
  0x000000001dfa8000 JavaThread "ForkJoinPool.commonPool-worker-6" daemon [_thread_blocked, id=18776, stack(0x000000002aa60000,0x000000002ab60000)]
  0x000000001dfa6800 JavaThread "ForkJoinPool.commonPool-worker-5" daemon [_thread_blocked, id=19484, stack(0x000000002a960000,0x000000002aa60000)]
  0x000000001dfa0800 JavaThread "ForkJoinPool.commonPool-worker-4" daemon [_thread_blocked, id=19812, stack(0x000000002a860000,0x000000002a960000)]
  0x000000001dfa6000 JavaThread "ForkJoinPool.commonPool-worker-3" daemon [_thread_blocked, id=2500, stack(0x000000002a760000,0x000000002a860000)]
  0x000000001dfa7800 JavaThread "ForkJoinPool.commonPool-worker-2" daemon [_thread_blocked, id=25520, stack(0x000000002a660000,0x000000002a760000)]
  0x000000001dfa3000 JavaThread "ForkJoinPool.commonPool-worker-1" daemon [_thread_blocked, id=26424, stack(0x000000002a560000,0x000000002a660000)]
  0x000000001ddca000 JavaThread "WorkerExecutor Queue Thread 3" [_thread_blocked, id=1884, stack(0x000000002a460000,0x000000002a560000)]
  0x000000001e114800 JavaThread "RMI TCP Connection(1)-127.0.0.1" daemon [_thread_in_native, id=26172, stack(0x000000002a160000,0x000000002a260000)]
  0x000000001e11a000 JavaThread "RMI Reaper" [_thread_blocked, id=11860, stack(0x000000002a060000,0x000000002a160000)]
  0x000000001e119000 JavaThread "RMI TCP Accept-0" daemon [_thread_in_native, id=25380, stack(0x0000000029f60000,0x000000002a060000)]
  0x000000001e115800 JavaThread "GC Daemon" daemon [_thread_blocked, id=23768, stack(0x0000000029e60000,0x0000000029f60000)]
  0x000000001e11b800 JavaThread "RMI Scheduler(0)" daemon [_thread_blocked, id=1988, stack(0x0000000029c60000,0x0000000029d60000)]
  0x000000001e117800 JavaThread "WorkerExecutor Queue" [_thread_blocked, id=25768, stack(0x0000000029960000,0x0000000029a60000)]
  0x000000001e118800 JavaThread "stdout" [_thread_in_native, id=16996, stack(0x0000000029860000,0x0000000029960000)]
  0x000000001e116000 JavaThread "stderr" [_thread_in_native, id=9852, stack(0x0000000029760000,0x0000000029860000)]
  0x000000001ddd3000 JavaThread "pool-4-thread-1" [_thread_blocked, id=12884, stack(0x0000000029660000,0x0000000029760000)]
  0x000000001ddd7000 JavaThread "Cache worker for execution history cache (C:\Users\cadla_authorized_use\AndroidStudioProjects\durianMoney\contentstack-android-ecommerce-app\.gradle\6.1.1\executionHistory)" [_thread_blocked, id=12420, stack(0x0000000029360000,0x0000000029460000)]
  0x000000001ddd6000 JavaThread "Execution worker for ':' Thread 7" [_thread_blocked, id=10148, stack(0x0000000029260000,0x0000000029360000)]
  0x000000001ddd5800 JavaThread "Execution worker for ':' Thread 6" [_thread_blocked, id=23712, stack(0x0000000029160000,0x0000000029260000)]
  0x000000001ddd4800 JavaThread "Execution worker for ':' Thread 5" [_thread_blocked, id=13496, stack(0x0000000029060000,0x0000000029160000)]
  0x000000001ddd4000 JavaThread "Execution worker for ':' Thread 4" [_thread_blocked, id=20120, stack(0x0000000028f60000,0x0000000029060000)]
  0x000000001ddc9000 JavaThread "Execution worker for ':' Thread 3" [_thread_blocked, id=24152, stack(0x0000000028e60000,0x0000000028f60000)]
  0x000000001ddce000 JavaThread "Execution worker for ':' Thread 2" [_thread_blocked, id=10244, stack(0x0000000028d60000,0x0000000028e60000)]
  0x000000001ddcc000 JavaThread "Execution worker for ':'" [_thread_blocked, id=12300, stack(0x0000000028c60000,0x0000000028d60000)]
  0x000000001ddcb800 JavaThread "Cache worker for file content cache (C:\Users\cadla_authorized_use\AndroidStudioProjects\durianMoney\contentstack-android-ecommerce-app\.gradle\6.1.1\fileContent)" [_thread_blocked, id=17360, stack(0x0000000028870000,0x0000000028970000)]
  0x000000001ddca800 JavaThread "Cache worker for file content cache (C:\Users\cadla_authorized_use\.gradle\caches\6.1.1\fileContent)" [_thread_blocked, id=25688, stack(0x0000000028630000,0x0000000028730000)]
  0x000000001ddcd000 JavaThread "Memory manager" [_thread_blocked, id=19336, stack(0x0000000028770000,0x0000000028870000)]
  0x000000001ddd0000 JavaThread "Cache worker for Build Output Cleanup Cache (C:\Users\cadla_authorized_use\AndroidStudioProjects\durianMoney\contentstack-android-ecommerce-app\.gradle\buildOutputCleanup)" [_thread_blocked, id=7820, stack(0x0000000026c90000,0x0000000026d90000)]
  0x000000001ddcf800 JavaThread "Build operations Thread 8" [_thread_blocked, id=3116, stack(0x0000000026500000,0x0000000026600000)]
  0x000000001ddce800 JavaThread "Build operations Thread 7" [_thread_blocked, id=10448, stack(0x0000000025500000,0x0000000025600000)]
  0x000000001bd57800 JavaThread "Build operations Thread 6" [_thread_blocked, id=14128, stack(0x0000000024e00000,0x0000000024f00000)]
  0x000000001bd56000 JavaThread "Build operations Thread 5" [_thread_blocked, id=24996, stack(0x0000000024d00000,0x0000000024e00000)]
  0x000000001bd54800 JavaThread "Build operations Thread 4" [_thread_blocked, id=3720, stack(0x0000000024c00000,0x0000000024d00000)]
  0x000000001bd53000 JavaThread "Build operations Thread 3" [_thread_blocked, id=22352, stack(0x0000000024b00000,0x0000000024c00000)]
  0x000000001bd59000 JavaThread "Build operations Thread 2" [_thread_blocked, id=25944, stack(0x00000000237f0000,0x00000000238f0000)]
  0x000000001f466800 JavaThread "Build operations" [_thread_blocked, id=12928, stack(0x00000000236f0000,0x00000000237f0000)]
  0x000000001f45a000 JavaThread "Cache worker for cache directory md-rule (C:\Users\cadla_authorized_use\.gradle\caches\6.1.1\md-rule)" [_thread_blocked, id=4612, stack(0x00000000235f0000,0x00000000236f0000)]
  0x000000001f45f800 JavaThread "Cache worker for cache directory md-supplier (C:\Users\cadla_authorized_use\.gradle\caches\6.1.1\md-supplier)" [_thread_blocked, id=20860, stack(0x00000000230c0000,0x00000000231c0000)]
  0x000000001f458000 JavaThread "Cache worker for file hash cache (C:\Users\cadla_authorized_use\AndroidStudioProjects\durianMoney\contentstack-android-ecommerce-app\.gradle\6.1.1\fileHashes)" [_thread_blocked, id=17224, stack(0x0000000021550000,0x0000000021650000)]
  0x000000001f45e800 JavaThread "Cache worker for checksums cache (C:\Users\cadla_authorized_use\AndroidStudioProjects\durianMoney\contentstack-android-ecommerce-app\.gradle\checksums)" [_thread_blocked, id=14116, stack(0x0000000021450000,0x0000000021550000)]
  0x000000001f459800 JavaThread "Thread-30" [_thread_blocked, id=23200, stack(0x0000000021250000,0x0000000021350000)]
  0x000000001f457000 JavaThread "Stdin handler" [_thread_blocked, id=23952, stack(0x0000000021150000,0x0000000021250000)]
  0x000000001f45e000 JavaThread "Asynchronous log dispatcher for DefaultDaemonConnection: socket connection from /127.0.0.1:51500 to /127.0.0.1:51567" [_thread_blocked, id=26268, stack(0x000000001d280000,0x000000001d380000)]
  0x000000001f45b800 JavaThread "Cancel handler" [_thread_blocked, id=21212, stack(0x000000001d080000,0x000000001d180000)]
  0x000000001f45d000 JavaThread "Handler for socket connection from /127.0.0.1:51500 to /127.0.0.1:51567" [_thread_in_native, id=8944, stack(0x000000001cd80000,0x000000001ce80000)]
  0x000000001bd5a000 JavaThread "Cache worker for execution history cache (C:\Users\cadla_authorized_use\.gradle\caches\6.1.1\executionHistory)" [_thread_blocked, id=23776, stack(0x0000000021350000,0x0000000021450000)]
  0x000000001bd54000 JavaThread "Cache worker for file hash cache (C:\Users\cadla_authorized_use\.gradle\caches\6.1.1\fileHashes)" [_thread_blocked, id=13460, stack(0x000000001da80000,0x000000001db80000)]
  0x000000001bd58800 JavaThread "File lock request listener" [_thread_in_native, id=10616, stack(0x000000001d980000,0x000000001da80000)]
  0x000000001bd71000 JavaThread "Cache worker for journal cache (C:\Users\cadla_authorized_use\.gradle\caches\journal-1)" [_thread_blocked, id=9140, stack(0x000000001d880000,0x000000001d980000)]
  0x0000000019c22000 JavaThread "Daemon worker" [_thread_blocked, id=17276, stack(0x000000001d180000,0x000000001d280000)]
  0x0000000018dbe000 JavaThread "Daemon" [_thread_blocked, id=24708, stack(0x000000001cc80000,0x000000001cd80000)]
  0x000000001ba87800 JavaThread "Daemon periodic checks" [_thread_blocked, id=13152, stack(0x000000001cb80000,0x000000001cc80000)]
  0x000000001ba85800 JavaThread "Incoming local TCP Connector on port 51500" [_thread_in_native, id=21764, stack(0x000000001c940000,0x000000001ca40000)]
  0x000000001ba2e000 JavaThread "Daemon health stats" [_thread_blocked, id=2744, stack(0x000000001b320000,0x000000001b420000)]
  0x0000000018d1d000 JavaThread "Service Thread" daemon [_thread_blocked, id=14088, stack(0x0000000019950000,0x0000000019a50000)]
  0x0000000018c94000 JavaThread "C1 CompilerThread3" daemon [_thread_blocked, id=18484, stack(0x0000000019850000,0x0000000019950000)]
  0x0000000018c88800 JavaThread "C2 CompilerThread2" daemon [_thread_in_native, id=17244, stack(0x0000000019750000,0x0000000019850000)]
=>0x0000000018c88000 JavaThread "C2 CompilerThread1" daemon [_thread_in_native, id=16000, stack(0x0000000019650000,0x0000000019750000)]
  0x0000000018c82000 JavaThread "C2 CompilerThread0" daemon [_thread_in_native, id=22004, stack(0x0000000019550000,0x0000000019650000)]
  0x0000000018c81000 JavaThread "Attach Listener" daemon [_thread_blocked, id=23420, stack(0x0000000019450000,0x0000000019550000)]
  0x0000000018c80800 JavaThread "Signal Dispatcher" daemon [_thread_blocked, id=2644, stack(0x0000000019350000,0x0000000019450000)]
  0x0000000018c70800 JavaThread "Finalizer" daemon [_thread_blocked, id=20636, stack(0x0000000019150000,0x0000000019250000)]
  0x0000000016e8c800 JavaThread "Reference Handler" daemon [_thread_blocked, id=7092, stack(0x0000000019050000,0x0000000019150000)]
  0x00000000030ce800 JavaThread "main" [_thread_blocked, id=14048, stack(0x0000000002d90000,0x0000000002e90000)]

Other Threads:
  0x0000000016e86800 VMThread [stack: 0x0000000018b50000,0x0000000018c50000] [id=19732]
  0x0000000018d1e000 WatcherThread [stack: 0x0000000019a50000,0x0000000019b50000] [id=12684]

VM state:not at safepoint (normal execution)

VM Mutex/Monitor currently owned by a thread: None

heap address: 0x00000000a0000000, size: 1536 MB, Compressed Oops mode: 32-bit
Narrow klass base: 0x0000000000000000, Narrow klass shift: 3
Compressed class space size: 1073741824 Address: 0x0000000100000000

Heap:
 PSYoungGen      total 245248K, used 138997K [0x00000000e0000000, 0x00000000f1800000, 0x0000000100000000)
  eden space 210944K, 49% used [0x00000000e0000000,0x00000000e66445a8,0x00000000ece00000)
  from space 34304K, 99% used [0x00000000ef680000,0x00000000f17f8fe8,0x00000000f1800000)
  to   space 37888K, 0% used [0x00000000ece00000,0x00000000ece00000,0x00000000ef300000)
 ParOldGen       total 201728K, used 126156K [0x00000000a0000000, 0x00000000ac500000, 0x00000000e0000000)
  object space 201728K, 62% used [0x00000000a0000000,0x00000000a7b331c0,0x00000000ac500000)
 Metaspace       used 97199K, capacity 102464K, committed 102680K, reserved 1138688K
  class space    used 13042K, capacity 14095K, committed 14128K, reserved 1048576K

Card table byte_map: [0x0000000012490000,0x00000000127a0000] byte_map_base: 0x0000000011f90000

Marking Bits: (ParMarkBitMap*) 0x000000007565f030
 Begin Bits: [0x00000000131a0000, 0x00000000149a0000)
 End Bits:   [0x00000000149a0000, 0x00000000161a0000)

Polling page: 0x0000000001530000

CodeCache: size=245760Kb used=41823Kb max_used=41836Kb free=203937Kb
 bounds [0x00000000030d0000, 0x0000000005a20000, 0x00000000120d0000]
 total_blobs=14140 nmethods=13251 adapters=799
 compilation: enabled

Compilation events (10 events):
Event: 38.985 Thread 0x0000000018c88800 nmethod 15660 0x0000000004ff3ad0 code [0x0000000004ff3c80, 0x0000000004ff40f0]
Event: 38.985 Thread 0x0000000018c88800 15675       4       java.util.stream.SpinedBuffer::capacity (38 bytes)
Event: 38.987 Thread 0x0000000018c88800 nmethod 15675 0x000000000534abd0 code [0x000000000534ad20, 0x000000000534ae38]
Event: 38.987 Thread 0x0000000018c88800 15674       4       com.android.tools.r8.dex.P$g$$Lambda$1022/883400995::apply (15 bytes)
Event: 38.993 Thread 0x0000000018c88800 nmethod 15674 0x0000000004ff2d50 code [0x0000000004ff2f00, 0x0000000004ff3370]
Event: 38.993 Thread 0x0000000018c88800 15604       4       java.util.stream.SpinedBuffer::accept (94 bytes)
Event: 39.011 Thread 0x0000000018c94000 15677       2       com.android.tools.r8.code.Z1::a (1 bytes)
Event: 39.011 Thread 0x0000000018c94000 nmethod 15677 0x0000000005371c50 code [0x0000000005371da0, 0x0000000005371ef0]
Event: 39.013 Thread 0x0000000018c88800 nmethod 15604 0x00000000053412d0 code [0x0000000005341460, 0x0000000005341d38]
Event: 39.013 Thread 0x0000000018c88800 15672       4       com.android.tools.r8.graph.c0::collectIndexedItems (55 bytes)

GC Heap History (10 events):
Event: 19.695 GC heap before
{Heap before GC invocations=18 (full 3):
 PSYoungGen      total 217088K, used 216946K [0x00000000e0000000, 0x00000000ef900000, 0x0000000100000000)
  eden space 190464K, 100% used [0x00000000e0000000,0x00000000eba00000,0x00000000eba00000)
  from space 26624K, 99% used [0x00000000ed780000,0x00000000ef15c8c8,0x00000000ef180000)
  to   space 30208K, 0% used [0x00000000eba00000,0x00000000eba00000,0x00000000ed780000)
 ParOldGen       total 201728K, used 49283K [0x00000000a0000000, 0x00000000ac500000, 0x00000000e0000000)
  object space 201728K, 24% used [0x00000000a0000000,0x00000000a3020e78,0x00000000ac500000)
 Metaspace       used 83678K, capacity 87780K, committed 87960K, reserved 1126400K
  class space    used 11132K, capacity 11916K, committed 11952K, reserved 1048576K
Event: 19.724 GC heap after
Heap after GC invocations=18 (full 3):
 PSYoungGen      total 220672K, used 30198K [0x00000000e0000000, 0x00000000f1b00000, 0x0000000100000000)
  eden space 190464K, 0% used [0x00000000e0000000,0x00000000e0000000,0x00000000eba00000)
  from space 30208K, 99% used [0x00000000eba00000,0x00000000ed77db80,0x00000000ed780000)
  to   space 37376K, 0% used [0x00000000ef680000,0x00000000ef680000,0x00000000f1b00000)
 ParOldGen       total 201728K, used 56709K [0x00000000a0000000, 0x00000000ac500000, 0x00000000e0000000)
  object space 201728K, 28% used [0x00000000a0000000,0x00000000a3761690,0x00000000ac500000)
 Metaspace       used 83678K, capacity 87780K, committed 87960K, reserved 1126400K
  class space    used 11132K, capacity 11916K, committed 11952K, reserved 1048576K
}
Event: 35.299 GC heap before
{Heap before GC invocations=19 (full 3):
 PSYoungGen      total 220672K, used 220662K [0x00000000e0000000, 0x00000000f1b00000, 0x0000000100000000)
  eden space 190464K, 100% used [0x00000000e0000000,0x00000000eba00000,0x00000000eba00000)
  from space 30208K, 99% used [0x00000000eba00000,0x00000000ed77db80,0x00000000ed780000)
  to   space 37376K, 0% used [0x00000000ef680000,0x00000000ef680000,0x00000000f1b00000)
 ParOldGen       total 201728K, used 56709K [0x00000000a0000000, 0x00000000ac500000, 0x00000000e0000000)
  object space 201728K, 28% used [0x00000000a0000000,0x00000000a3761690,0x00000000ac500000)
 Metaspace       used 88263K, capacity 92786K, committed 93080K, reserved 1130496K
  class space    used 11780K, capacity 12670K, committed 12720K, reserved 1048576K
Event: 35.335 GC heap after
Heap after GC invocations=19 (full 3):
 PSYoungGen      total 245248K, used 23154K [0x00000000e0000000, 0x00000000f1800000, 0x0000000100000000)
  eden space 210944K, 0% used [0x00000000e0000000,0x00000000e0000000,0x00000000ece00000)
  from space 34304K, 67% used [0x00000000ef680000,0x00000000f0d1ca28,0x00000000f1800000)
  to   space 37888K, 0% used [0x00000000ece00000,0x00000000ece00000,0x00000000ef300000)
 ParOldGen       total 201728K, used 73939K [0x00000000a0000000, 0x00000000ac500000, 0x00000000e0000000)
  object space 201728K, 36% used [0x00000000a0000000,0x00000000a4834c38,0x00000000ac500000)
 Metaspace       used 88263K, capacity 92786K, committed 93080K, reserved 1130496K
  class space    used 11780K, capacity 12670K, committed 12720K, reserved 1048576K
}
Event: 36.351 GC heap before
{Heap before GC invocations=20 (full 3):
 PSYoungGen      total 245248K, used 157604K [0x00000000e0000000, 0x00000000f1800000, 0x0000000100000000)
  eden space 210944K, 63% used [0x00000000e0000000,0x00000000e834c890,0x00000000ece00000)
  from space 34304K, 67% used [0x00000000ef680000,0x00000000f0d1ca28,0x00000000f1800000)
  to   space 37888K, 0% used [0x00000000ece00000,0x00000000ece00000,0x00000000ef300000)
 ParOldGen       total 201728K, used 73939K [0x00000000a0000000, 0x00000000ac500000, 0x00000000e0000000)
  object space 201728K, 36% used [0x00000000a0000000,0x00000000a4834c38,0x00000000ac500000)
 Metaspace       used 93657K, capacity 98528K, committed 98584K, reserved 1134592K
  class space    used 12609K, capacity 13603K, committed 13616K, reserved 1048576K
Event: 36.383 GC heap after
Heap after GC invocations=20 (full 3):
 PSYoungGen      total 248832K, used 37867K [0x00000000e0000000, 0x00000000f1800000, 0x0000000100000000)
  eden space 210944K, 0% used [0x00000000e0000000,0x00000000e0000000,0x00000000ece00000)
  from space 37888K, 99% used [0x00000000ece00000,0x00000000ef2faf28,0x00000000ef300000)
  to   space 34304K, 0% used [0x00000000ef680000,0x00000000ef680000,0x00000000f1800000)
 ParOldGen       total 201728K, used 79212K [0x00000000a0000000, 0x00000000ac500000, 0x00000000e0000000)
  object space 201728K, 39% used [0x00000000a0000000,0x00000000a4d5b3a8,0x00000000ac500000)
 Metaspace       used 93657K, capacity 98528K, committed 98584K, reserved 1134592K
  class space    used 12609K, capacity 13603K, committed 13616K, reserved 1048576K
}
Event: 36.383 GC heap before
{Heap before GC invocations=21 (full 4):
 PSYoungGen      total 248832K, used 37867K [0x00000000e0000000, 0x00000000f1800000, 0x0000000100000000)
  eden space 210944K, 0% used [0x00000000e0000000,0x00000000e0000000,0x00000000ece00000)
  from space 37888K, 99% used [0x00000000ece00000,0x00000000ef2faf28,0x00000000ef300000)
  to   space 34304K, 0% used [0x00000000ef680000,0x00000000ef680000,0x00000000f1800000)
 ParOldGen       total 201728K, used 79212K [0x00000000a0000000, 0x00000000ac500000, 0x00000000e0000000)
  object space 201728K, 39% used [0x00000000a0000000,0x00000000a4d5b3a8,0x00000000ac500000)
 Metaspace       used 93657K, capacity 98528K, committed 98584K, reserved 1134592K
  class space    used 12609K, capacity 13603K, committed 13616K, reserved 1048576K
Event: 36.675 GC heap after
Heap after GC invocations=21 (full 4):
 PSYoungGen      total 248832K, used 0K [0x00000000e0000000, 0x00000000f1800000, 0x0000000100000000)
  eden space 210944K, 0% used [0x00000000e0000000,0x00000000e0000000,0x00000000ece00000)
  from space 37888K, 0% used [0x00000000ece00000,0x00000000ece00000,0x00000000ef300000)
  to   space 34304K, 0% used [0x00000000ef680000,0x00000000ef680000,0x00000000f1800000)
 ParOldGen       total 201728K, used 94094K [0x00000000a0000000, 0x00000000ac500000, 0x00000000e0000000)
  object space 201728K, 46% used [0x00000000a0000000,0x00000000a5be3b60,0x00000000ac500000)
 Metaspace       used 93502K, capacity 98102K, committed 98584K, reserved 1134592K
  class space    used 12562K, capacity 13520K, committed 13616K, reserved 1048576K
}
Event: 38.122 GC heap before
{Heap before GC invocations=22 (full 4):
 PSYoungGen      total 248832K, used 210944K [0x00000000e0000000, 0x00000000f1800000, 0x0000000100000000)
  eden space 210944K, 100% used [0x00000000e0000000,0x00000000ece00000,0x00000000ece00000)
  from space 37888K, 0% used [0x00000000ece00000,0x00000000ece00000,0x00000000ef300000)
  to   space 34304K, 0% used [0x00000000ef680000,0x00000000ef680000,0x00000000f1800000)
 ParOldGen       total 201728K, used 94094K [0x00000000a0000000, 0x00000000ac500000, 0x00000000e0000000)
  object space 201728K, 46% used [0x00000000a0000000,0x00000000a5be3b60,0x00000000ac500000)
 Metaspace       used 97061K, capacity 102268K, committed 102424K, reserved 1138688K
  class space    used 13041K, capacity 14095K, committed 14128K, reserved 1048576K
Event: 38.352 GC heap after
Heap after GC invocations=22 (full 4):
 PSYoungGen      total 245248K, used 34275K [0x00000000e0000000, 0x00000000f1800000, 0x0000000100000000)
  eden space 210944K, 0% used [0x00000000e0000000,0x00000000e0000000,0x00000000ece00000)
  from space 34304K, 99% used [0x00000000ef680000,0x00000000f17f8fe8,0x00000000f1800000)
  to   space 37888K, 0% used [0x00000000ece00000,0x00000000ece00000,0x00000000ef300000)
 ParOldGen       total 201728K, used 126156K [0x00000000a0000000, 0x00000000ac500000, 0x00000000e0000000)
  object space 201728K, 62% used [0x00000000a0000000,0x00000000a7b331c0,0x00000000ac500000)
 Metaspace       used 97061K, capacity 102268K, committed 102424K, reserved 1138688K
  class space    used 13041K, capacity 14095K, committed 14128K, reserved 1048576K
}

Deoptimization events (10 events):
Event: 37.946 Thread 0x000000001dfa9000 Uncommon trap: reason=unstable_if action=reinterpret pc=0x000000000592c280 method=com.android.tools.r8.graph.c0.computeEquals(Ljava/lang/Object;)Z @ 37
Event: 38.042 Thread 0x000000001e117000 Uncommon trap: reason=unstable_if action=reinterpret pc=0x000000000598265c method=com.android.tools.r8.graph.c0.b(Lcom/android/tools/r8/graph/c0;)I @ 86
Event: 38.043 Thread 0x000000001dfa2000 Uncommon trap: reason=unstable_if action=reinterpret pc=0x0000000003809d40 method=com.android.tools.r8.utils.W.d(I)Z @ 45
Event: 38.379 Thread 0x000000001dfa2000 Uncommon trap: reason=unloaded action=reinterpret pc=0x00000000059caf6c method=com.android.tools.r8.code.u1.a(Ljava/nio/ShortBuffer;IILcom/android/tools/r8/graph/I0;)[Lcom/android/tools/r8/code/t1; @ 3747
Event: 38.733 Thread 0x000000001dfa3800 Uncommon trap: reason=unstable_if action=reinterpret pc=0x000000000591a458 method=com.android.tools.r8.s.a.b.l.d.a(Ljava/lang/Object;Z)Lcom/android/tools/r8/s/a/b/l/f; @ 84
Event: 38.733 Thread 0x000000001dfa3800 Uncommon trap: reason=unstable_if action=reinterpret pc=0x00000000046da38c method=com.android.tools.r8.s.a.b.l.d.a(Lcom/android/tools/r8/s/a/b/l/f;Z)V @ 33
Event: 38.733 Thread 0x000000001dfa3800 Uncommon trap: reason=class_check action=maybe_recompile pc=0x000000000591b708 method=com.android.tools.r8.s.a.b.h.a(Ljava/lang/Object;)V @ 32
Event: 38.733 Thread 0x000000001dfa3800 Uncommon trap: reason=unstable_if action=reinterpret pc=0x000000000591b6f4 method=com.android.tools.r8.s.a.b.h.a(Ljava/lang/Object;)V @ 28
Event: 38.738 Thread 0x000000001dfa3800 Uncommon trap: reason=unstable_if action=reinterpret pc=0x00000000032fd990 method=com.android.tools.r8.s.a.b.m.a.n()Ljava/lang/String; @ 47
Event: 38.738 Thread 0x000000001dfa3800 Uncommon trap: reason=unloaded action=reinterpret pc=0x0000000005937c3c method=com.android.tools.r8.s.a.b.l.g.o.b(Lcom/android/tools/r8/s/a/b/m/a;)Lcom/android/tools/r8/s/a/b/b; @ 88

Classes redefined (0 events):
No events

Internal exceptions (10 events):
Event: 35.191 Thread 0x000000001ddd4800 Exception <a 'java/lang/NoSuchMethodError': <clinit>> (0x00000000ea24d7c0) thrown at [C:\src\AOSP-openjdk-git\hotspot\src\share\vm\prims\jni.cpp, line 1615]
Event: 36.222 Thread 0x000000001ddca000 Exception <a 'java/lang/NoSuchMethodError': java.lang.Object.lambda$maxBy$1(Ljava/util/Comparator;Ljava/lang/Object;Ljava/lang/Object;)Ljava/lang/Object;> (0x00000000e724fc88) thrown at [C:\src\AOSP-openjdk-git\hotspot\src\share\vm\interpreter\linkResolve
Event: 37.369 Thread 0x000000001ddd4800 Exception <a 'java/lang/NoSuchMethodError': <clinit>> (0x00000000e55dacf0) thrown at [C:\src\AOSP-openjdk-git\hotspot\src\share\vm\prims\jni.cpp, line 1615]
Event: 37.552 Thread 0x000000001dfa3800 Exception <a 'sun/nio/fs/WindowsException'> (0x00000000e62cb908) thrown at [C:\src\AOSP-openjdk-git\hotspot\src\share\vm\prims\jni.cpp, line 710]
Event: 37.939 Thread 0x000000001dfae000 Implicit null exception at 0x0000000003cff86f to 0x0000000003cff961
Event: 37.939 Thread 0x000000001dfaf000 Implicit null exception at 0x0000000003cff86f to 0x0000000003cff961
Event: 37.939 Thread 0x000000001dfad800 Implicit null exception at 0x0000000003cff86f to 0x0000000003cff961
Event: 37.939 Thread 0x000000001dfa2000 Implicit null exception at 0x0000000003cff86f to 0x0000000003cff961
Event: 37.939 Thread 0x000000001dfa9000 Implicit null exception at 0x0000000003cff86f to 0x0000000003cff961
Event: 38.733 Thread 0x000000001dfa3800 Implicit null exception at 0x00000000046da074 to 0x00000000046da366

Events (10 events):
Event: 38.733 Thread 0x000000001dfa3800 DEOPT PACKING pc=0x000000000591b6f4 sp=0x000000002ad5db00
Event: 38.733 Thread 0x000000001dfa3800 DEOPT UNPACKING pc=0x000000000311557b sp=0x000000002ad5da88 mode 2
Event: 38.738 Thread 0x000000001dfa3800 Uncommon trap: trap_request=0xffffff65 fr.pc=0x00000000032fd990
Event: 38.738 Thread 0x000000001dfa3800 DEOPT PACKING pc=0x00000000032fd990 sp=0x000000002ad5d920
Event: 38.738 Thread 0x000000001dfa3800 DEOPT UNPACKING pc=0x000000000311557b sp=0x000000002ad5d898 mode 2
Event: 38.738 Thread 0x000000001dfa3800 Uncommon trap: trap_request=0x0000003d fr.pc=0x0000000005937c3c
Event: 38.738 Thread 0x000000001dfa3800 DEOPT PACKING pc=0x0000000005937c3c sp=0x000000002ad5d950
Event: 38.738 Thread 0x000000001dfa3800 DEOPT UNPACKING pc=0x000000000311557b sp=0x000000002ad5d8e8 mode 2
Event: 38.768 Executing VM operation: BulkRevokeBias
Event: 38.769 Executing VM operation: BulkRevokeBias done


Dynamic libraries:
0x00007ff6b2ca0000 - 0x00007ff6b2cd1000 	C:\Program Files\Android\Android Studio\jre\bin\java.exe
0x00007ffcb0940000 - 0x00007ffcb0b30000 	C:\WINDOWS\SYSTEM32\ntdll.dll
0x00007ffcae9f0000 - 0x00007ffcaeaa2000 	C:\WINDOWS\System32\KERNEL32.DLL
0x00007ffcae270000 - 0x00007ffcae515000 	C:\WINDOWS\System32\KERNELBASE.dll
0x00007ffcb0690000 - 0x00007ffcb0733000 	C:\WINDOWS\System32\ADVAPI32.dll
0x00007ffcafba0000 - 0x00007ffcafc3e000 	C:\WINDOWS\System32\msvcrt.dll
0x00007ffcaeab0000 - 0x00007ffcaeb47000 	C:\WINDOWS\System32\sechost.dll
0x00007ffcafe80000 - 0x00007ffcaff9f000 	C:\WINDOWS\System32\RPCRT4.dll
0x00007ffcaed00000 - 0x00007ffcaee94000 	C:\WINDOWS\System32\USER32.dll
0x00007ffcae9c0000 - 0x00007ffcae9e1000 	C:\WINDOWS\System32\win32u.dll
0x00007ffcafe50000 - 0x00007ffcafe76000 	C:\WINDOWS\System32\GDI32.dll
0x00007ffcae820000 - 0x00007ffcae9b8000 	C:\WINDOWS\System32\gdi32full.dll
0x00007ffcae680000 - 0x00007ffcae71e000 	C:\WINDOWS\System32\msvcp_win.dll
0x00007ffcae170000 - 0x00007ffcae26a000 	C:\WINDOWS\System32\ucrtbase.dll
0x00007ffc9ade0000 - 0x00007ffc9b064000 	C:\WINDOWS\WinSxS\amd64_microsoft.windows.common-controls_6595b64144ccf1df_6.0.18362.1440_none_9e7dbfb9e45e8e67\COMCTL32.dll
0x00007ffcaefd0000 - 0x00007ffcaf306000 	C:\WINDOWS\System32\combase.dll
0x00007ffcae060000 - 0x00007ffcae0e1000 	C:\WINDOWS\System32\bcryptPrimitives.dll
0x00007ffcafa40000 - 0x00007ffcafa6e000 	C:\WINDOWS\System32\IMM32.DLL
0x0000000074cd0000 - 0x0000000074da2000 	C:\Program Files\Android\Android Studio\jre\jre\bin\msvcr100.dll
0x0000000074e90000 - 0x00000000756db000 	C:\Program Files\Android\Android Studio\jre\jre\bin\server\jvm.dll
0x00007ffcaf5c0000 - 0x00007ffcaf5c8000 	C:\WINDOWS\System32\PSAPI.DLL
0x00007ffcab330000 - 0x00007ffcab354000 	C:\WINDOWS\SYSTEM32\WINMM.dll
0x00007ffc99fc0000 - 0x00007ffc99fc9000 	C:\WINDOWS\SYSTEM32\WSOCK32.dll
0x00007ffca7db0000 - 0x00007ffca7dba000 	C:\WINDOWS\SYSTEM32\VERSION.dll
0x00007ffcafa70000 - 0x00007ffcafadf000 	C:\WINDOWS\System32\WS2_32.dll
0x00007ffcab300000 - 0x00007ffcab32d000 	C:\WINDOWS\SYSTEM32\WINMMBASE.dll
0x00007ffcae720000 - 0x00007ffcae76a000 	C:\WINDOWS\System32\cfgmgr32.dll
0x00007ffca6c90000 - 0x00007ffca6c9f000 	C:\Program Files\Android\Android Studio\jre\jre\bin\verify.dll
0x00007ffc97080000 - 0x00007ffc970a9000 	C:\Program Files\Android\Android Studio\jre\jre\bin\java.dll
0x00007ffc97c90000 - 0x00007ffc97ca6000 	C:\Program Files\Android\Android Studio\jre\jre\bin\zip.dll
0x00007ffcaffa0000 - 0x00007ffcb0688000 	C:\WINDOWS\System32\SHELL32.dll
0x00007ffcafaf0000 - 0x00007ffcafb97000 	C:\WINDOWS\System32\shcore.dll
0x00007ffcad8e0000 - 0x00007ffcae05b000 	C:\WINDOWS\System32\windows.storage.dll
0x00007ffcad870000 - 0x00007ffcad88e000 	C:\WINDOWS\System32\profapi.dll
0x00007ffcad820000 - 0x00007ffcad86a000 	C:\WINDOWS\System32\powrprof.dll
0x00007ffcad7f0000 - 0x00007ffcad800000 	C:\WINDOWS\System32\UMPDC.dll
0x00007ffcb0740000 - 0x00007ffcb0792000 	C:\WINDOWS\System32\shlwapi.dll
0x00007ffcad800000 - 0x00007ffcad811000 	C:\WINDOWS\System32\kernel.appcore.dll
0x00007ffcae0f0000 - 0x00007ffcae107000 	C:\WINDOWS\System32\cryptsp.dll
0x00007ffc916a0000 - 0x00007ffc916ba000 	C:\Program Files\Android\Android Studio\jre\jre\bin\net.dll
0x00007ffcacfd0000 - 0x00007ffcad037000 	C:\WINDOWS\system32\mswsock.dll
0x00007ffc90f60000 - 0x00007ffc90f73000 	C:\Program Files\Android\Android Studio\jre\jre\bin\nio.dll
0x00007ffc97da0000 - 0x00007ffc97dc6000 	C:\Users\cadla_authorized_use\.gradle\native\31\windows-amd64\native-platform.dll
0x00007ffc91690000 - 0x00007ffc9169d000 	C:\Program Files\Android\Android Studio\jre\jre\bin\management.dll
0x00007ffcacb50000 - 0x00007ffcacb83000 	C:\WINDOWS\system32\rsaenh.dll
0x00007ffcad8b0000 - 0x00007ffcad8d6000 	C:\WINDOWS\System32\bcrypt.dll
0x00007ffcad6d0000 - 0x00007ffcad6f5000 	C:\WINDOWS\SYSTEM32\USERENV.dll
0x00007ffcad1a0000 - 0x00007ffcad1ac000 	C:\WINDOWS\SYSTEM32\CRYPTBASE.dll
0x00007ffcacce0000 - 0x00007ffcacd1a000 	C:\WINDOWS\SYSTEM32\IPHLPAPI.DLL
0x00007ffcb08f0000 - 0x00007ffcb08f8000 	C:\WINDOWS\System32\NSI.dll
0x00007ffca40b0000 - 0x00007ffca40c6000 	C:\WINDOWS\SYSTEM32\dhcpcsvc6.DLL
0x00007ffca4360000 - 0x00007ffca437c000 	C:\WINDOWS\SYSTEM32\dhcpcsvc.DLL
0x00007ffcacd30000 - 0x00007ffcacdfb000 	C:\WINDOWS\SYSTEM32\DNSAPI.dll
0x00007ffcac810000 - 0x00007ffcac841000 	C:\WINDOWS\SYSTEM32\ntmarta.dll
0x00007ffc99410000 - 0x00007ffc9942e000 	C:\Users\cadla_authorized_use\AppData\Local\Temp\native-platform5554426846434709858dir\native-platform.dll

VM Arguments:
jvm_args: -Xmx1536m -Dfile.encoding=windows-1252 -Duser.country=US -Duser.language=en -Duser.variant 
java_command: org.gradle.launcher.daemon.bootstrap.GradleDaemon 6.1.1
java_class_path (initial): C:\Users\cadla_authorized_use\.gradle\wrapper\dists\gradle-6.1.1-all\cfmwm155h49vnt3hynmlrsdst\gradle-6.1.1\lib\gradle-launcher-6.1.1.jar
Launcher Type: SUN_STANDARD

Environment Variables:
PATH=C:\ProgramData\Oracle\Java\javapath;C:\Program Files (x86)\Common Files\Oracle\Java\javapath;C:\Users\cadla_authorized_use\Documents\mongodb-shell-windows-x86_64-4.4.3\mongodb-win32-x86_64-windows-4.4.3\bin;C:\Python39\;C:\WINDOWS\system32;C:\WINDOWS;C:\WINDOWS\System32\Wbem;C:\WINDOWS\System32\WindowsPowerShell\v1.0\;C:\WINDOWS\System32\OpenSSH\;C:\Program Files\Intel\WiFi\bin\;C:\Program Files\Common Files\Intel\WirelessCommon\;C:\Program Files\Java\jdk1.8.0_162\bin;C:\Users\cadla_authorized_use\AppData\Local\Android\Sdk\platform-tools;C:\OpenSSL\include\openssl;C:\Program Files\Git\cmd;C:\Program Files\nodejs\;C:\Program Files (x86)\Yarn\bin\;C:\ProgramData\chocolatey\bin;C:\Users\cadla_authorized_use\Documents\flutter\bin;C:\Users\cadla_authorized_use\scoop\shims;C:\Users\cadla_authorized_use\AppData\Local\Microsoft\WindowsApps;C:\Program Files\PostgreSQL\13\bin;C:\Users\cadla_authorized_use\AppData\Roaming\npm;C:\Users\cadla_authorized_use\AppData\Local\Yarn\bin;C:\Users\cadla_authorized_use\AppData\Local\Programs\Microsoft VS Code\bin
USERNAME=cadla_authorized_use
OS=Windows_NT
PROCESSOR_IDENTIFIER=Intel64 Family 6 Model 142 Stepping 10, GenuineIntel



---------------  S Y S T E M  ---------------

OS: Windows 10.0 , 64 bit Build 18362 (10.0.18362.1350)

CPU:total 8 (initial active 8) (4 cores per cpu, 2 threads per core) family 6 model 142 stepping 10, cmov, cx8, fxsr, mmx, sse, sse2, sse3, ssse3, sse4.1, sse4.2, popcnt, avx, avx2, aes, clmul, erms, 3dnowpref, lzcnt, ht, tsc, tscinvbit, bmi1, bmi2, adx

Memory: 4k page, physical 12463124k(312100k free), swap 34477584k(13408k free)

vm_info: OpenJDK 64-Bit Server VM (25.242-b01) for windows-amd64 JRE (1.8.0_242-release-1644-b01), built by "builder" with MS VC++ 10.0 (VS2010)

time: Tue Apr 20 20:01:21 2021
timezone: India Standard Time
elapsed time: 39 seconds (0d 0h 0m 39s)

