#
# There is insufficient memory for the Java Runtime Environment to continue.
# Native memory allocation (malloc) failed to allocate 1687776 bytes for Chunk::new
# Possible reasons:
#   The system is out of physical RAM or swap space
#   The process is running with CompressedOops enabled, and the Java Heap may be blocking the growth of the native heap
# Possible solutions:
#   Reduce memory load on the system
#   Increase physical memory or swap space
#   Check if swap backing store is full
#   Decrease Java heap size (-Xmx/-Xms)
#   Decrease number of Java threads
#   Decrease Java thread stack sizes (-Xss)
#   Set larger code cache with -XX:ReservedCodeCacheSize=
#   JVM is running with Unscaled Compressed Oops mode in which the Java heap is
#     placed in the first 4GB address space. The Java Heap base address is the
#     maximum limit for the native heap growth. Please use -XX:HeapBaseMinAddress
#     to set the Java Heap base and to place the Java Heap above 4GB virtual address.
# This output file may be truncated or incomplete.
#
#  Out of Memory Error (allocation.cpp:389), pid=24220, tid=0x00000000000061c4
#
# JRE version: OpenJDK Runtime Environment (8.0_242-b01) (build 1.8.0_242-release-1644-b01)
# Java VM: OpenJDK 64-Bit Server VM (25.242-b01 mixed mode windows-amd64 compressed oops)
# Failed to write core dump. Minidumps are not enabled by default on client versions of Windows
#

---------------  T H R E A D  ---------------

Current thread (0x00000000182f5000):  JavaThread "C2 CompilerThread0" daemon [_thread_in_native, id=25028, stack(0x0000000018bd0000,0x0000000018cd0000)]

Stack: [0x0000000018bd0000,0x0000000018cd0000]
[error occurred during error reporting (printing stack bounds), id 0xc0000005]

Native frames: (J=compiled Java code, j=interpreted, Vv=VM code, C=native code)


Current CompileTask:
C2:   6427 2629       4       groovy.lang.MetaClassImpl$1MOPIter::methodNameAction (325 bytes)


---------------  P R O C E S S  ---------------

Java Threads: ( => current thread )
  0x000000001ac69800 JavaThread "Cache worker for execution history cache (C:\Users\cadla_authorized_use\.gradle\caches\6.1.1\executionHistory)" [_thread_blocked, id=27092, stack(0x00000000209d0000,0x0000000020ad0000)]
  0x000000001ac68800 JavaThread "Cache worker for cache directory md-rule (C:\Users\cadla_authorized_use\.gradle\caches\6.1.1\md-rule)" [_thread_blocked, id=22188, stack(0x000000001f690000,0x000000001f790000)]
  0x000000001ac6c800 JavaThread "Cache worker for cache directory md-supplier (C:\Users\cadla_authorized_use\.gradle\caches\6.1.1\md-supplier)" [_thread_blocked, id=21132, stack(0x000000001f590000,0x000000001f690000)]
  0x000000001ac6b800 JavaThread "Cache worker for file hash cache (C:\Users\cadla_authorized_use\AndroidStudioProjects\durianMoney\contentstack-android-ecommerce-app\.gradle\6.1.1\fileHashes)" [_thread_blocked, id=12792, stack(0x00000000208d0000,0x00000000209d0000)]
  0x000000001ac68000 JavaThread "Cache worker for checksums cache (C:\Users\cadla_authorized_use\AndroidStudioProjects\durianMoney\contentstack-android-ecommerce-app\.gradle\checksums)" [_thread_blocked, id=19828, stack(0x00000000207d0000,0x00000000208d0000)]
  0x000000001ac6b000 JavaThread "Cache worker for file hash cache (C:\Users\cadla_authorized_use\.gradle\caches\6.1.1\fileHashes)" [_thread_blocked, id=24224, stack(0x000000001d0f0000,0x000000001d1f0000)]
  0x000000001ac66800 JavaThread "File lock request listener" [_thread_in_native, id=26696, stack(0x000000001cff0000,0x000000001d0f0000)]
  0x000000001adee000 JavaThread "Cache worker for journal cache (C:\Users\cadla_authorized_use\.gradle\caches\journal-1)" [_thread_blocked, id=17744, stack(0x000000001cef0000,0x000000001cff0000)]
  0x00000000192fb800 JavaThread "Thread-9" [_thread_blocked, id=3172, stack(0x000000001cbf0000,0x000000001ccf0000)]
  0x00000000192fb000 JavaThread "Stdin handler" [_thread_blocked, id=24948, stack(0x000000001caf0000,0x000000001cbf0000)]
  0x00000000192fa800 JavaThread "Asynchronous log dispatcher for DefaultDaemonConnection: socket connection from /127.0.0.1:50142 to /127.0.0.1:50143" [_thread_blocked, id=18324, stack(0x000000001c8f0000,0x000000001c9f0000)]
  0x000000001841b800 JavaThread "Daemon worker" [_thread_in_vm, id=21028, stack(0x000000001c7f0000,0x000000001c8f0000)]
  0x0000000019241000 JavaThread "Cancel handler" [_thread_blocked, id=19604, stack(0x000000001c6f0000,0x000000001c7f0000)]
  0x0000000018434000 JavaThread "Handler for socket connection from /127.0.0.1:50142 to /127.0.0.1:50143" [_thread_in_native, id=7016, stack(0x000000001c3f0000,0x000000001c4f0000)]
  0x000000001ac2e800 JavaThread "Daemon" [_thread_blocked, id=26496, stack(0x000000001c2f0000,0x000000001c3f0000)]
  0x000000001acce800 JavaThread "Daemon periodic checks" [_thread_blocked, id=25168, stack(0x000000001c1f0000,0x000000001c2f0000)]
  0x000000001accd800 JavaThread "Incoming local TCP Connector on port 50142" [_thread_in_native, id=21116, stack(0x000000001bfb0000,0x000000001c0b0000)]
  0x000000001abea000 JavaThread "Daemon health stats" [_thread_blocked, id=13560, stack(0x000000001b970000,0x000000001ba70000)]
  0x0000000018387800 JavaThread "Service Thread" daemon [_thread_blocked, id=12216, stack(0x0000000018fd0000,0x00000000190d0000)]
  0x0000000018332800 JavaThread "C1 CompilerThread3" daemon [_thread_blocked, id=9784, stack(0x0000000018ed0000,0x0000000018fd0000)]
  0x0000000018316000 JavaThread "C2 CompilerThread2" daemon [_thread_in_native, id=5172, stack(0x0000000018dd0000,0x0000000018ed0000)]
  0x00000000182f8000 JavaThread "C2 CompilerThread1" daemon [_thread_in_native, id=27268, stack(0x0000000018cd0000,0x0000000018dd0000)]
=>0x00000000182f5000 JavaThread "C2 CompilerThread0" daemon [_thread_in_native, id=25028, stack(0x0000000018bd0000,0x0000000018cd0000)]
  0x00000000182f3800 JavaThread "Attach Listener" daemon [_thread_blocked, id=16328, stack(0x0000000018ad0000,0x0000000018bd0000)]
  0x00000000182f2800 JavaThread "Signal Dispatcher" daemon [_thread_blocked, id=20684, stack(0x00000000189d0000,0x0000000018ad0000)]
  0x00000000026fe000 JavaThread "Finalizer" daemon [_thread_blocked, id=27088, stack(0x00000000187c0000,0x00000000188c0000)]
  0x00000000026f7000 JavaThread "Reference Handler" daemon [_thread_blocked, id=13904, stack(0x00000000186c0000,0x00000000187c0000)]
  0x0000000002602800 JavaThread "main" [_thread_blocked, id=22392, stack(0x00000000024f0000,0x00000000025f0000)]

Other Threads:
  0x00000000164e6800 VMThread [stack: 0x00000000181c0000,0x00000000182c0000] [id=18988]
  0x0000000018388000 WatcherThread [stack: 0x00000000190d0000,0x00000000191d0000] [id=15892]

VM state:not at safepoint (normal execution)

VM Mutex/Monitor currently owned by a thread: None

heap address: 0x00000000a0000000, size: 1536 MB, Compressed Oops mode: 32-bit
Narrow klass base: 0x0000000000000000, Narrow klass shift: 3
Compressed class space size: 1073741824 Address: 0x0000000100000000

Heap:
 PSYoungGen      total 146944K, used 2747K [0x00000000e0000000, 0x00000000eb300000, 0x0000000100000000)
  eden space 134144K, 2% used [0x00000000e0000000,0x00000000e02aed50,0x00000000e8300000)
  from space 12800K, 0% used [0x00000000e9000000,0x00000000e9000000,0x00000000e9c80000)
  to   space 13312K, 0% used [0x00000000e8300000,0x00000000e8300000,0x00000000e9000000)
 ParOldGen       total 137216K, used 17761K [0x00000000a0000000, 0x00000000a8600000, 0x00000000e0000000)
  object space 137216K, 12% used [0x00000000a0000000,0x00000000a1158638,0x00000000a8600000)
 Metaspace       used 34446K, capacity 35446K, committed 35752K, reserved 1079296K
  class space    used 4689K, capacity 4942K, committed 5032K, reserved 1048576K

Card table byte_map: [0x0000000011ad0000,0x0000000011de0000] byte_map_base: 0x00000000115d0000

Marking Bits: (ParMarkBitMap*) 0x00000000731cf030
 Begin Bits: [0x00000000127e0000, 0x0000000013fe0000)
 End Bits:   [0x0000000013fe0000, 0x00000000157e0000)

Polling page: 0x0000000000ce0000

CodeCache: size=245760Kb used=11189Kb max_used=11252Kb free=234570Kb
 bounds [0x0000000002710000, 0x0000000003220000, 0x0000000011710000]
 total_blobs=3475 nmethods=2782 adapters=605
 compilation: enabled

Compilation events (10 events):
Event: 6.173 Thread 0x0000000018332800 2845       3       org.objectweb.asm.ClassReader::readUtf (44 bytes)
Event: 6.173 Thread 0x0000000018332800 nmethod 2845 0x000000000281f510 code [0x000000000281f6a0, 0x000000000281fb08]
Event: 6.173 Thread 0x0000000018332800 2846       3       org.objectweb.asm.ClassReader::readUTF8 (23 bytes)
Event: 6.174 Thread 0x0000000018332800 nmethod 2846 0x000000000281ee10 code [0x000000000281ef80, 0x000000000281f2e8]
Event: 6.174 Thread 0x0000000018332800 2848       3       org.objectweb.asm.ByteVector::putShort (52 bytes)
Event: 6.174 Thread 0x0000000018332800 nmethod 2848 0x0000000002882290 code [0x0000000002882400, 0x0000000002882648]
Event: 6.174 Thread 0x0000000018332800 2849       3       org.objectweb.asm.ClassReader::readUtf (161 bytes)
Event: 6.174 Thread 0x0000000018332800 nmethod 2849 0x0000000002881890 code [0x0000000002881a20, 0x0000000002881ea8]
Event: 6.175 Thread 0x0000000018332800 2850       3       org.objectweb.asm.ClassReader::createDebugLabel (23 bytes)
Event: 6.175 Thread 0x0000000018332800 nmethod 2850 0x000000000287eed0 code [0x000000000287f060, 0x000000000287f550]

GC Heap History (10 events):
Event: 4.333 GC heap before
{Heap before GC invocations=6 (full 1):
 PSYoungGen      total 57344K, used 8171K [0x00000000e0000000, 0x00000000e7800000, 0x0000000100000000)
  eden space 49152K, 0% used [0x00000000e0000000,0x00000000e0000000,0x00000000e3000000)
  from space 8192K, 99% used [0x00000000e3000000,0x00000000e37fae28,0x00000000e3800000)
  to   space 12288K, 0% used [0x00000000e6c00000,0x00000000e6c00000,0x00000000e7800000)
 ParOldGen       total 131072K, used 3777K [0x00000000a0000000, 0x00000000a8000000, 0x00000000e0000000)
  object space 131072K, 2% used [0x00000000a0000000,0x00000000a03b05a0,0x00000000a8000000)
 Metaspace       used 20589K, capacity 21214K, committed 21296K, reserved 1067008K
  class space    used 2893K, capacity 3093K, committed 3120K, reserved 1048576K
Event: 4.362 GC heap after
Heap after GC invocations=6 (full 1):
 PSYoungGen      total 57344K, used 0K [0x00000000e0000000, 0x00000000e7800000, 0x0000000100000000)
  eden space 49152K, 0% used [0x00000000e0000000,0x00000000e0000000,0x00000000e3000000)
  from space 8192K, 0% used [0x00000000e3000000,0x00000000e3000000,0x00000000e3800000)
  to   space 12288K, 0% used [0x00000000e6c00000,0x00000000e6c00000,0x00000000e7800000)
 ParOldGen       total 76800K, used 8093K [0x00000000a0000000, 0x00000000a4b00000, 0x00000000e0000000)
  object space 76800K, 10% used [0x00000000a0000000,0x00000000a07e75d0,0x00000000a4b00000)
 Metaspace       used 20589K, capacity 21214K, committed 21296K, reserved 1067008K
  class space    used 2893K, capacity 3093K, committed 3120K, reserved 1048576K
}
Event: 4.852 GC heap before
{Heap before GC invocations=7 (full 1):
 PSYoungGen      total 57344K, used 49152K [0x00000000e0000000, 0x00000000e7800000, 0x0000000100000000)
  eden space 49152K, 100% used [0x00000000e0000000,0x00000000e3000000,0x00000000e3000000)
  from space 8192K, 0% used [0x00000000e3000000,0x00000000e3000000,0x00000000e3800000)
  to   space 12288K, 0% used [0x00000000e6c00000,0x00000000e6c00000,0x00000000e7800000)
 ParOldGen       total 76800K, used 8093K [0x00000000a0000000, 0x00000000a4b00000, 0x00000000e0000000)
  object space 76800K, 10% used [0x00000000a0000000,0x00000000a07e75d0,0x00000000a4b00000)
 Metaspace       used 24452K, capacity 25184K, committed 25520K, reserved 1071104K
  class space    used 3504K, capacity 3751K, committed 3760K, reserved 1048576K
Event: 4.857 GC heap after
Heap after GC invocations=7 (full 1):
 PSYoungGen      total 87040K, used 5126K [0x00000000e0000000, 0x00000000e7180000, 0x0000000100000000)
  eden space 81408K, 0% used [0x00000000e0000000,0x00000000e0000000,0x00000000e4f80000)
  from space 5632K, 91% used [0x00000000e6c00000,0x00000000e7101bb0,0x00000000e7180000)
  to   space 12288K, 0% used [0x00000000e5980000,0x00000000e5980000,0x00000000e6580000)
 ParOldGen       total 76800K, used 8101K [0x00000000a0000000, 0x00000000a4b00000, 0x00000000e0000000)
  object space 76800K, 10% used [0x00000000a0000000,0x00000000a07e95d0,0x00000000a4b00000)
 Metaspace       used 24452K, capacity 25184K, committed 25520K, reserved 1071104K
  class space    used 3504K, capacity 3751K, committed 3760K, reserved 1048576K
}
Event: 5.730 GC heap before
{Heap before GC invocations=8 (full 1):
 PSYoungGen      total 87040K, used 86534K [0x00000000e0000000, 0x00000000e7180000, 0x0000000100000000)
  eden space 81408K, 100% used [0x00000000e0000000,0x00000000e4f80000,0x00000000e4f80000)
  from space 5632K, 91% used [0x00000000e6c00000,0x00000000e7101bb0,0x00000000e7180000)
  to   space 12288K, 0% used [0x00000000e5980000,0x00000000e5980000,0x00000000e6580000)
 ParOldGen       total 76800K, used 8101K [0x00000000a0000000, 0x00000000a4b00000, 0x00000000e0000000)
  object space 76800K, 10% used [0x00000000a0000000,0x00000000a07e95d0,0x00000000a4b00000)
 Metaspace       used 32177K, capacity 33238K, committed 33456K, reserved 1077248K
  class space    used 4369K, capacity 4664K, committed 4784K, reserved 1048576K
Event: 5.742 GC heap after
Heap after GC invocations=8 (full 1):
 PSYoungGen      total 103936K, used 10031K [0x00000000e0000000, 0x00000000e9c80000, 0x0000000100000000)
  eden space 91648K, 0% used [0x00000000e0000000,0x00000000e0000000,0x00000000e5980000)
  from space 12288K, 81% used [0x00000000e5980000,0x00000000e634bc68,0x00000000e6580000)
  to   space 12800K, 0% used [0x00000000e9000000,0x00000000e9000000,0x00000000e9c80000)
 ParOldGen       total 76800K, used 8109K [0x00000000a0000000, 0x00000000a4b00000, 0x00000000e0000000)
  object space 76800K, 10% used [0x00000000a0000000,0x00000000a07eb5d0,0x00000000a4b00000)
 Metaspace       used 32177K, capacity 33238K, committed 33456K, reserved 1077248K
  class space    used 4369K, capacity 4664K, committed 4784K, reserved 1048576K
}
Event: 6.176 GC heap before
{Heap before GC invocations=9 (full 1):
 PSYoungGen      total 103936K, used 53069K [0x00000000e0000000, 0x00000000e9c80000, 0x0000000100000000)
  eden space 91648K, 46% used [0x00000000e0000000,0x00000000e2a07988,0x00000000e5980000)
  from space 12288K, 81% used [0x00000000e5980000,0x00000000e634bc68,0x00000000e6580000)
  to   space 12800K, 0% used [0x00000000e9000000,0x00000000e9000000,0x00000000e9c80000)
 ParOldGen       total 76800K, used 8109K [0x00000000a0000000, 0x00000000a4b00000, 0x00000000e0000000)
  object space 76800K, 10% used [0x00000000a0000000,0x00000000a07eb5d0,0x00000000a4b00000)
 Metaspace       used 34443K, capacity 35382K, committed 35496K, reserved 1079296K
  class space    used 4689K, capacity 4942K, committed 5032K, reserved 1048576K
Event: 6.187 GC heap after
Heap after GC invocations=9 (full 1):
 PSYoungGen      total 146944K, used 10378K [0x00000000e0000000, 0x00000000eb300000, 0x0000000100000000)
  eden space 134144K, 0% used [0x00000000e0000000,0x00000000e0000000,0x00000000e8300000)
  from space 12800K, 81% used [0x00000000e9000000,0x00000000e9a229d0,0x00000000e9c80000)
  to   space 13312K, 0% used [0x00000000e8300000,0x00000000e8300000,0x00000000e9000000)
 ParOldGen       total 76800K, used 8117K [0x00000000a0000000, 0x00000000a4b00000, 0x00000000e0000000)
  object space 76800K, 10% used [0x00000000a0000000,0x00000000a07ed5d0,0x00000000a4b00000)
 Metaspace       used 34443K, capacity 35382K, committed 35496K, reserved 1079296K
  class space    used 4689K, capacity 4942K, committed 5032K, reserved 1048576K
}
Event: 6.187 GC heap before
{Heap before GC invocations=10 (full 2):
 PSYoungGen      total 146944K, used 10378K [0x00000000e0000000, 0x00000000eb300000, 0x0000000100000000)
  eden space 134144K, 0% used [0x00000000e0000000,0x00000000e0000000,0x00000000e8300000)
  from space 12800K, 81% used [0x00000000e9000000,0x00000000e9a229d0,0x00000000e9c80000)
  to   space 13312K, 0% used [0x00000000e8300000,0x00000000e8300000,0x00000000e9000000)
 ParOldGen       total 76800K, used 8117K [0x00000000a0000000, 0x00000000a4b00000, 0x00000000e0000000)
  object space 76800K, 10% used [0x00000000a0000000,0x00000000a07ed5d0,0x00000000a4b00000)
 Metaspace       used 34443K, capacity 35382K, committed 35496K, reserved 1079296K
  class space    used 4689K, capacity 4942K, committed 5032K, reserved 1048576K
Event: 6.415 GC heap after
Heap after GC invocations=10 (full 2):
 PSYoungGen      total 146944K, used 0K [0x00000000e0000000, 0x00000000eb300000, 0x0000000100000000)
  eden space 134144K, 0% used [0x00000000e0000000,0x00000000e0000000,0x00000000e8300000)
  from space 12800K, 0% used [0x00000000e9000000,0x00000000e9000000,0x00000000e9c80000)
  to   space 13312K, 0% used [0x00000000e8300000,0x00000000e8300000,0x00000000e9000000)
 ParOldGen       total 137216K, used 17761K [0x00000000a0000000, 0x00000000a8600000, 0x00000000e0000000)
  object space 137216K, 12% used [0x00000000a0000000,0x00000000a1158638,0x00000000a8600000)
 Metaspace       used 34443K, capacity 35382K, committed 35496K, reserved 1079296K
  class space    used 4689K, capacity 4942K, committed 5032K, reserved 1048576K
}

Deoptimization events (10 events):
Event: 5.057 Thread 0x000000001841b800 Uncommon trap: reason=unstable_if action=reinterpret pc=0x0000000002c091f8 method=java.lang.String.regionMatches(ZILjava/lang/String;II)Z @ 41
Event: 5.427 Thread 0x000000001841b800 Uncommon trap: reason=unstable_if action=reinterpret pc=0x0000000002e134bc method=jdk.internal.org.objectweb.asm.Type.getArgumentsAndReturnSizes(Ljava/lang/String;)I @ 88
Event: 5.691 Thread 0x000000001841b800 Uncommon trap: reason=unstable_if action=reinterpret pc=0x0000000002e35ee0 method=sun.misc.URLClassPath$JarLoader.getResource(Ljava/lang/String;ZLjava/util/Set;)Lsun/misc/Resource; @ 17
Event: 5.875 Thread 0x000000001841b800 Uncommon trap: reason=unstable_if action=reinterpret pc=0x000000000310d304 method=org.codehaus.groovy.runtime.metaclass.MetaMethodIndex.addMethodToList(Ljava/lang/Object;Lgroovy/lang/MetaMethod;)Ljava/lang/Object; @ 226
Event: 5.900 Thread 0x000000001841b800 Uncommon trap: reason=unstable_if action=reinterpret pc=0x0000000002cc8e98 method=java.util.HashMap.putVal(ILjava/lang/Object;Ljava/lang/Object;ZZ)Ljava/lang/Object; @ 162
Event: 5.901 Thread 0x000000001841b800 Uncommon trap: reason=range_check action=make_not_entrant pc=0x0000000003098d04 method=java.lang.String.charAt(I)C @ 27
Event: 6.076 Thread 0x000000001841b800 Uncommon trap: reason=unstable_if action=reinterpret pc=0x000000000298294c method=java.util.HashMap.getNode(ILjava/lang/Object;)Ljava/util/HashMap$Node; @ 53
Event: 6.076 Thread 0x000000001841b800 Uncommon trap: reason=unstable_if action=reinterpret pc=0x0000000002bd13f8 method=java.util.HashMap.hash(Ljava/lang/Object;)I @ 1
Event: 6.173 Thread 0x000000001841b800 Uncommon trap: reason=unstable_if action=reinterpret pc=0x0000000003019e40 method=org.objectweb.asm.ByteVector.putShort(I)Lorg/objectweb/asm/ByteVector; @ 13
Event: 6.418 Thread 0x000000001841b800 Uncommon trap: reason=unstable_if action=reinterpret pc=0x0000000002da39d4 method=java.net.URLStreamHandler.sameFile(Ljava/net/URL;Ljava/net/URL;)Z @ 63

Classes redefined (0 events):
No events

Internal exceptions (10 events):
Event: 5.936 Thread 0x000000001841b800 Exception <a 'java/lang/ClassNotFoundException': org/gradle/initialization/DefaultSettingsBeanInfo> (0x00000000e11648b0) thrown at [C:\src\AOSP-openjdk-git\hotspot\src\share\vm\classfile\systemDictionary.cpp, line 210]
Event: 5.937 Thread 0x000000001841b800 Exception <a 'java/lang/ClassNotFoundException': org/gradle/initialization/DefaultSettingsCustomizer> (0x00000000e11927a0) thrown at [C:\src\AOSP-openjdk-git\hotspot\src\share\vm\classfile\systemDictionary.cpp, line 210]
Event: 5.941 Thread 0x000000001841b800 Exception <a 'java/lang/ClassNotFoundException': org/gradle/initialization/DefaultSettings_DecoratedCustomizer> (0x00000000e1201300) thrown at [C:\src\AOSP-openjdk-git\hotspot\src\share\vm\classfile\systemDictionary.cpp, line 210]
Event: 5.946 Thread 0x000000001841b800 Exception <a 'java/lang/ClassNotFoundException': org/gradle/initialization/DefaultProjectDescriptorBeanInfo> (0x00000000e12af208) thrown at [C:\src\AOSP-openjdk-git\hotspot\src\share\vm\classfile\systemDictionary.cpp, line 210]
Event: 5.947 Thread 0x000000001841b800 Exception <a 'java/lang/ClassNotFoundException': org/gradle/initialization/DefaultProjectDescriptorCustomizer> (0x00000000e12e0128) thrown at [C:\src\AOSP-openjdk-git\hotspot\src\share\vm\classfile\systemDictionary.cpp, line 210]
Event: 6.076 Thread 0x000000001841b800 Implicit null exception at 0x0000000002bd0f9b to 0x0000000002bd13dd
Event: 6.127 Thread 0x000000001841b800 Exception <a 'java/lang/ClassNotFoundException': org/gradle/api/internal/project/DefaultProject_DecoratedBeanInfo> (0x00000000e24abea0) thrown at [C:\src\AOSP-openjdk-git\hotspot\src\share\vm\classfile\systemDictionary.cpp, line 210]
Event: 6.127 Thread 0x000000001841b800 Exception <a 'java/lang/ClassNotFoundException': org/gradle/api/internal/project/DefaultProjectBeanInfo> (0x00000000e24c7850) thrown at [C:\src\AOSP-openjdk-git\hotspot\src\share\vm\classfile\systemDictionary.cpp, line 210]
Event: 6.128 Thread 0x000000001841b800 Exception <a 'java/lang/ClassNotFoundException': org/gradle/api/internal/project/DefaultProjectCustomizer> (0x00000000e24e3dd0) thrown at [C:\src\AOSP-openjdk-git\hotspot\src\share\vm\classfile\systemDictionary.cpp, line 210]
Event: 6.133 Thread 0x000000001841b800 Exception <a 'java/lang/ClassNotFoundException': org/gradle/api/internal/project/DefaultProject_DecoratedCustomizer> (0x00000000e25d4420) thrown at [C:\src\AOSP-openjdk-git\hotspot\src\share\vm\classfile\systemDictionary.cpp, line 210]

Events (10 events):
Event: 6.420 Executing VM operation: RevokeBias done
Event: 6.422 Executing VM operation: RevokeBias
Event: 6.423 Executing VM operation: RevokeBias done
Event: 6.423 Executing VM operation: RevokeBias
Event: 6.424 Executing VM operation: RevokeBias done
Event: 6.424 Executing VM operation: RevokeBias
Event: 6.424 Executing VM operation: RevokeBias done
Event: 6.424 Executing VM operation: BulkRevokeBias
Event: 6.425 Executing VM operation: BulkRevokeBias done
Event: 6.425 Executing VM operation: RevokeBias


Dynamic libraries:
0x00007ff6a6850000 - 0x00007ff6a6881000 	C:\Program Files\Android\Android Studio\jre\bin\java.exe
0x00007ffe24ff0000 - 0x00007ffe251e5000 	C:\WINDOWS\SYSTEM32\ntdll.dll
0x00007ffe24ba0000 - 0x00007ffe24c5d000 	C:\WINDOWS\System32\KERNEL32.DLL
0x00007ffe22a00000 - 0x00007ffe22cc8000 	C:\WINDOWS\System32\KERNELBASE.dll
0x00007ffe24d60000 - 0x00007ffe24e0c000 	C:\WINDOWS\System32\ADVAPI32.dll
0x00007ffe24c60000 - 0x00007ffe24cfe000 	C:\WINDOWS\System32\msvcrt.dll
0x00007ffe23060000 - 0x00007ffe230fb000 	C:\WINDOWS\System32\sechost.dll
0x00007ffe238b0000 - 0x00007ffe239db000 	C:\WINDOWS\System32\RPCRT4.dll
0x00007ffe24e10000 - 0x00007ffe24fb0000 	C:\WINDOWS\System32\USER32.dll
0x00007ffe22d20000 - 0x00007ffe22d42000 	C:\WINDOWS\System32\win32u.dll
0x00007ffe23100000 - 0x00007ffe2312a000 	C:\WINDOWS\System32\GDI32.dll
0x00007ffe22e50000 - 0x00007ffe22f5b000 	C:\WINDOWS\System32\gdi32full.dll
0x00007ffe22fc0000 - 0x00007ffe2305d000 	C:\WINDOWS\System32\msvcp_win.dll
0x00007ffe22d50000 - 0x00007ffe22e50000 	C:\WINDOWS\System32\ucrtbase.dll
0x00007ffe0e410000 - 0x00007ffe0e6aa000 	C:\WINDOWS\WinSxS\amd64_microsoft.windows.common-controls_6595b64144ccf1df_6.0.19041.1052_none_60b8f8fd71f5e8cb\COMCTL32.dll
0x00007ffe23490000 - 0x00007ffe234c0000 	C:\WINDOWS\System32\IMM32.DLL
0x00000000723b0000 - 0x0000000072482000 	C:\Program Files\Android\Android Studio\jre\jre\bin\msvcr100.dll
0x0000000072a00000 - 0x000000007324b000 	C:\Program Files\Android\Android Studio\jre\jre\bin\server\jvm.dll
0x00007ffe23640000 - 0x00007ffe23648000 	C:\WINDOWS\System32\PSAPI.DLL
0x00007ffe14320000 - 0x00007ffe14347000 	C:\WINDOWS\SYSTEM32\WINMM.dll
0x00007ffe09ff0000 - 0x00007ffe09ff9000 	C:\WINDOWS\SYSTEM32\WSOCK32.dll
0x00007ffe19a10000 - 0x00007ffe19a1a000 	C:\WINDOWS\SYSTEM32\VERSION.dll
0x00007ffe24a00000 - 0x00007ffe24a6b000 	C:\WINDOWS\System32\WS2_32.dll
0x00007ffe0ccf0000 - 0x00007ffe0ccff000 	C:\Program Files\Android\Android Studio\jre\jre\bin\verify.dll
0x00007ffdcc690000 - 0x00007ffdcc6b9000 	C:\Program Files\Android\Android Studio\jre\jre\bin\java.dll
0x00007ffdcc670000 - 0x00007ffdcc686000 	C:\Program Files\Android\Android Studio\jre\jre\bin\zip.dll
0x00007ffe23ad0000 - 0x00007ffe2420f000 	C:\WINDOWS\System32\SHELL32.dll
0x00007ffe20840000 - 0x00007ffe20fd0000 	C:\WINDOWS\SYSTEM32\windows.storage.dll
0x00007ffe23130000 - 0x00007ffe23485000 	C:\WINDOWS\System32\combase.dll
0x00007ffe220d0000 - 0x00007ffe220fc000 	C:\WINDOWS\SYSTEM32\Wldp.dll
0x00007ffe23650000 - 0x00007ffe236fe000 	C:\WINDOWS\System32\SHCORE.dll
0x00007ffe24d00000 - 0x00007ffe24d55000 	C:\WINDOWS\System32\shlwapi.dll
0x00007ffe22670000 - 0x00007ffe2268f000 	C:\WINDOWS\SYSTEM32\profapi.dll
0x00007ffddb980000 - 0x00007ffddb99a000 	C:\Program Files\Android\Android Studio\jre\jre\bin\net.dll
0x00007ffe21e40000 - 0x00007ffe21eaa000 	C:\WINDOWS\system32\mswsock.dll
0x00007ffddb960000 - 0x00007ffddb973000 	C:\Program Files\Android\Android Studio\jre\jre\bin\nio.dll
0x00007ffe0e7a0000 - 0x00007ffe0e7c6000 	C:\Users\cadla_authorized_use\.gradle\native\31\windows-amd64\native-platform.dll
0x00007ffe09f10000 - 0x00007ffe09f1d000 	C:\Program Files\Android\Android Studio\jre\jre\bin\management.dll
0x00007ffe22010000 - 0x00007ffe22028000 	C:\WINDOWS\SYSTEM32\CRYPTSP.dll
0x00007ffe217e0000 - 0x00007ffe21814000 	C:\WINDOWS\system32\rsaenh.dll
0x00007ffe22730000 - 0x00007ffe22757000 	C:\WINDOWS\System32\bcrypt.dll
0x00007ffe22630000 - 0x00007ffe2265e000 	C:\WINDOWS\SYSTEM32\USERENV.dll
0x00007ffe22970000 - 0x00007ffe229f3000 	C:\WINDOWS\System32\bcryptprimitives.dll
0x00007ffe22030000 - 0x00007ffe2203c000 	C:\WINDOWS\SYSTEM32\CRYPTBASE.dll
0x00007ffe21b30000 - 0x00007ffe21b6b000 	C:\WINDOWS\SYSTEM32\IPHLPAPI.DLL
0x00007ffe24960000 - 0x00007ffe24968000 	C:\WINDOWS\System32\NSI.dll
0x00007ffe196f0000 - 0x00007ffe19707000 	C:\WINDOWS\SYSTEM32\dhcpcsvc6.DLL
0x00007ffe19c40000 - 0x00007ffe19c5d000 	C:\WINDOWS\SYSTEM32\dhcpcsvc.DLL
0x00007ffe21b70000 - 0x00007ffe21c3c000 	C:\WINDOWS\SYSTEM32\DNSAPI.dll

VM Arguments:
jvm_args: -Xmx1536m -Dfile.encoding=windows-1252 -Duser.country=US -Duser.language=en -Duser.variant 
java_command: org.gradle.launcher.daemon.bootstrap.GradleDaemon 6.1.1
java_class_path (initial): C:\Users\cadla_authorized_use\.gradle\wrapper\dists\gradle-6.1.1-all\cfmwm155h49vnt3hynmlrsdst\gradle-6.1.1\lib\gradle-launcher-6.1.1.jar
Launcher Type: SUN_STANDARD

Environment Variables:
JAVA_HOME=C:\Program Files\Java\jdk1.8.0_211
CLASSPATH=.;
PATH=C:\Python27\;C:\Python27\Scripts;C:\ProgramData\Oracle\Java\javapath;C:\Program Files (x86)\Common Files\Oracle\Java\javapath;C:\Users\cadla_authorized_use\Documents\mongodb-shell-windows-x86_64-4.4.3\mongodb-win32-x86_64-windows-4.4.3\bin;C:\Python39\;C:\WINDOWS\system32;C:\WINDOWS;C:\WINDOWS\System32\Wbem;C:\WINDOWS\System32\WindowsPowerShell\v1.0\;C:\WINDOWS\System32\OpenSSH\;C:\Program Files\Intel\WiFi\bin\;C:\Program Files\Common Files\Intel\WirelessCommon\;C:\Program Files\Java\jdk1.8.0_162\bin;C:\Users\cadla_authorized_use\AppData\Local\Android\Sdk\platform-tools;C:\OpenSSL\include\openssl;C:\Program Files\Git\cmd;C:\Program Files (x86)\Yarn\bin\;C:\ProgramData\chocolatey\bin;C:\Users\cadla_authorized_use\Documents\flutter\bin;C:\Program Files\nodejs\;C:\Program Files\Java\jdk1.8.0_211\bin;C:\Users\cadla_authorized_use\scoop\shims;C:\Users\cadla_authorized_use\AppData\Local\Microsoft\WindowsApps;C:\Program Files\PostgreSQL\13\bin;C:\Users\cadla_authorized_use\AppData\Local\Yarn\bin;C:\Users\cadla_authorized_use\AppData\Local\Programs\Microsoft VS Code\bin;C:\Users\cadla_authorized_use\AppData\Local\Android\Sdk\platform-tools;C:\Users\cadla_authorized_use\AppData\Roaming\npm;%USERPROFILE%\AppData\Local\Microsoft\WindowsApps;
USERNAME=cadla_authorized_use
OS=Windows_NT
PROCESSOR_IDENTIFIER=Intel64 Family 6 Model 142 Stepping 10, GenuineIntel



---------------  S Y S T E M  ---------------

OS: Windows 10.0 , 64 bit Build 19041 (10.0.19041.1023)

CPU:total 8 (initial active 8) (4 cores per cpu, 2 threads per core) family 6 model 142 stepping 10, cmov, cx8, fxsr, mmx, sse, sse2, sse3, ssse3, sse4.1, sse4.2, popcnt, avx, avx2, aes, clmul, erms, 3dnowpref, lzcnt, ht, tsc, tscinvbit, bmi1, bmi2, adx

Memory: 4k page, physical 12463124k(407212k free), swap 34410416k(5144k free)

vm_info: OpenJDK 64-Bit Server VM (25.242-b01) for windows-amd64 JRE (1.8.0_242-release-1644-b01), built by "builder" with MS VC++ 10.0 (VS2010)

time: Wed Jun 30 19:58:35 2021
timezone: India Standard Time
elapsed time: 6 seconds (0d 0h 0m 6s)

