#
# There is insufficient memory for the Java Runtime Environment to continue.
# Native memory allocation (malloc) failed to allocate 736176 bytes for Chunk::new
# Possible reasons:
#   The system is out of physical RAM or swap space
#   The process is running with CompressedOops enabled, and the Java Heap may be blocking the growth of the native heap
# Possible solutions:
#   Reduce memory load on the system
#   Increase physical memory or swap space
#   Check if swap backing store is full
#   Decrease Java heap size (-Xmx/-Xms)
#   Decrease number of Java threads
#   Decrease Java thread stack sizes (-Xss)
#   Set larger code cache with -XX:ReservedCodeCacheSize=
#   JVM is running with Unscaled Compressed Oops mode in which the Java heap is
#     placed in the first 4GB address space. The Java Heap base address is the
#     maximum limit for the native heap growth. Please use -XX:HeapBaseMinAddress
#     to set the Java Heap base and to place the Java Heap above 4GB virtual address.
# This output file may be truncated or incomplete.
#
#  Out of Memory Error (allocation.cpp:389), pid=4792, tid=0x00000000000045c0
#
# JRE version: OpenJDK Runtime Environment (8.0_242-b01) (build 1.8.0_242-release-1644-b01)
# Java VM: OpenJDK 64-Bit Server VM (25.242-b01 mixed mode windows-amd64 compressed oops)
# Failed to write core dump. Minidumps are not enabled by default on client versions of Windows
#

---------------  T H R E A D  ---------------

Current thread (0x0000000018d88000):  JavaThread "C2 CompilerThread1" daemon [_thread_in_native, id=17856, stack(0x0000000019750000,0x0000000019850000)]

Stack: [0x0000000019750000,0x0000000019850000]
[error occurred during error reporting (printing stack bounds), id 0xc0000005]

Native frames: (J=compiled Java code, j=interpreted, Vv=VM code, C=native code)


Current CompileTask:
C2:   4713 4114       4       org.objectweb.asm.SymbolTable::addConstantMemberReference (147 bytes)


---------------  P R O C E S S  ---------------

Java Threads: ( => current thread )
  0x000000001c4df800 JavaThread "Cache worker for Build Output Cleanup Cache (C:\Users\cadla_authorized_use\AndroidStudioProjects\durianMoney\contentstack-android-ecommerce-app\.gradle\buildOutputCleanup)" [_thread_blocked, id=10148, stack(0x0000000023230000,0x0000000023330000)]
  0x000000001c4e6800 JavaThread "Build operations Thread 8" [_thread_blocked, id=5496, stack(0x0000000023cb0000,0x0000000023db0000)]
  0x000000001c4e5800 JavaThread "Build operations Thread 7" [_thread_blocked, id=30776, stack(0x0000000023bb0000,0x0000000023cb0000)]
  0x000000001c4e4000 JavaThread "Build operations Thread 6" [_thread_blocked, id=29660, stack(0x0000000023ab0000,0x0000000023bb0000)]
  0x000000001c4e3800 JavaThread "Build operations Thread 5" [_thread_blocked, id=20680, stack(0x00000000239b0000,0x0000000023ab0000)]
  0x000000001c4e2800 JavaThread "Build operations Thread 4" [_thread_blocked, id=24512, stack(0x00000000238b0000,0x00000000239b0000)]
  0x000000001c4df000 JavaThread "Build operations Thread 3" [_thread_blocked, id=13700, stack(0x00000000237b0000,0x00000000238b0000)]
  0x000000001c4e5000 JavaThread "Build operations Thread 2" [_thread_blocked, id=27408, stack(0x00000000236b0000,0x00000000237b0000)]
  0x000000001c4e2000 JavaThread "Build operations" [_thread_blocked, id=2860, stack(0x0000000023360000,0x0000000023460000)]
  0x000000001bdaf000 JavaThread "Cache worker for execution history cache (C:\Users\cadla_authorized_use\.gradle\caches\6.1.1\executionHistory)" [_thread_blocked, id=18996, stack(0x0000000021760000,0x0000000021860000)]
  0x000000001bdae000 JavaThread "Cache worker for cache directory md-rule (C:\Users\cadla_authorized_use\.gradle\caches\6.1.1\md-rule)" [_thread_blocked, id=26592, stack(0x00000000205c0000,0x00000000206c0000)]
  0x000000001bdb4000 JavaThread "Cache worker for cache directory md-supplier (C:\Users\cadla_authorized_use\.gradle\caches\6.1.1\md-supplier)" [_thread_blocked, id=31556, stack(0x0000000020020000,0x0000000020120000)]
  0x000000001bdb2800 JavaThread "Cache worker for file hash cache (C:\Users\cadla_authorized_use\AndroidStudioProjects\durianMoney\contentstack-android-ecommerce-app\.gradle\6.1.1\fileHashes)" [_thread_blocked, id=31612, stack(0x00000000202c0000,0x00000000203c0000)]
  0x000000001bdb0800 JavaThread "Cache worker for checksums cache (C:\Users\cadla_authorized_use\AndroidStudioProjects\durianMoney\contentstack-android-ecommerce-app\.gradle\checksums)" [_thread_blocked, id=13512, stack(0x00000000201c0000,0x00000000202c0000)]
  0x000000001bdaf800 JavaThread "Cache worker for file hash cache (C:\Users\cadla_authorized_use\.gradle\caches\6.1.1\fileHashes)" [_thread_blocked, id=7288, stack(0x000000001db80000,0x000000001dc80000)]
  0x000000001bdb5000 JavaThread "File lock request listener" [_thread_in_native, id=22360, stack(0x000000001da80000,0x000000001db80000)]
  0x0000000019f3e000 JavaThread "Cache worker for journal cache (C:\Users\cadla_authorized_use\.gradle\caches\journal-1)" [_thread_blocked, id=14636, stack(0x000000001d980000,0x000000001da80000)]
  0x000000001bcf1800 JavaThread "Thread-9" [_thread_blocked, id=21496, stack(0x000000001d680000,0x000000001d780000)]
  0x000000001bcf0800 JavaThread "Stdin handler" [_thread_blocked, id=22072, stack(0x000000001d580000,0x000000001d680000)]
  0x0000000019ce9800 JavaThread "Asynchronous log dispatcher for DefaultDaemonConnection: socket connection from /127.0.0.1:54126 to /127.0.0.1:54127" [_thread_blocked, id=30580, stack(0x000000001d380000,0x000000001d480000)]
  0x0000000019f46000 JavaThread "Daemon worker" [_thread_in_Java, id=6456, stack(0x000000001d280000,0x000000001d380000)]
  0x0000000019d82000 JavaThread "Cancel handler" [_thread_blocked, id=18304, stack(0x000000001d180000,0x000000001d280000)]
  0x0000000019d3a000 JavaThread "Handler for socket connection from /127.0.0.1:54126 to /127.0.0.1:54127" [_thread_in_native, id=32500, stack(0x000000001ce80000,0x000000001cf80000)]
  0x0000000019d2a000 JavaThread "Daemon" [_thread_blocked, id=22840, stack(0x000000001cd80000,0x000000001ce80000)]
  0x000000001bcc1800 JavaThread "Daemon periodic checks" [_thread_blocked, id=16944, stack(0x000000001cc80000,0x000000001cd80000)]
  0x000000001bc4a000 JavaThread "Incoming local TCP Connector on port 54126" [_thread_in_native, id=22256, stack(0x000000001ca40000,0x000000001cb40000)]
  0x000000001bbe6000 JavaThread "Daemon health stats" [_thread_blocked, id=27008, stack(0x000000001b420000,0x000000001b520000)]
  0x0000000018e19000 JavaThread "Service Thread" daemon [_thread_blocked, id=23076, stack(0x0000000019a50000,0x0000000019b50000)]
  0x0000000018d8d800 JavaThread "C1 CompilerThread3" daemon [_thread_blocked, id=31564, stack(0x0000000019950000,0x0000000019a50000)]
  0x0000000018d88800 JavaThread "C2 CompilerThread2" daemon [_thread_in_native, id=30928, stack(0x0000000019850000,0x0000000019950000)]
=>0x0000000018d88000 JavaThread "C2 CompilerThread1" daemon [_thread_in_native, id=17856, stack(0x0000000019750000,0x0000000019850000)]
  0x0000000016f8e000 JavaThread "C2 CompilerThread0" daemon [_thread_in_native, id=12432, stack(0x0000000019650000,0x0000000019750000)]
  0x0000000018d83800 JavaThread "Attach Listener" daemon [_thread_blocked, id=21228, stack(0x0000000019550000,0x0000000019650000)]
  0x0000000018d83000 JavaThread "Signal Dispatcher" daemon [_thread_blocked, id=6124, stack(0x0000000019450000,0x0000000019550000)]
  0x0000000018d70800 JavaThread "Finalizer" daemon [_thread_blocked, id=11404, stack(0x0000000019250000,0x0000000019350000)]
  0x00000000031b8000 JavaThread "Reference Handler" daemon [_thread_blocked, id=32464, stack(0x0000000019150000,0x0000000019250000)]
  0x00000000030c2800 JavaThread "main" [_thread_blocked, id=13548, stack(0x0000000002fc0000,0x00000000030c0000)]

Other Threads:
  0x0000000016f76000 VMThread [stack: 0x0000000018c50000,0x0000000018d50000] [id=26180]
  0x0000000018e19800 WatcherThread [stack: 0x0000000019b50000,0x0000000019c50000] [id=31604]

VM state:not at safepoint (normal execution)

VM Mutex/Monitor currently owned by a thread: None

heap address: 0x00000000a0000000, size: 1536 MB, Compressed Oops mode: 32-bit
Narrow klass base: 0x0000000000000000, Narrow klass shift: 3
Compressed class space size: 1073741824 Address: 0x0000000100000000

Heap:
 PSYoungGen      total 206848K, used 140672K [0x00000000e0000000, 0x00000000f4480000, 0x0000000100000000)
  eden space 194048K, 72% used [0x00000000e0000000,0x00000000e8960040,0x00000000ebd80000)
  from space 12800K, 0% used [0x00000000ebd80000,0x00000000ebd80000,0x00000000eca00000)
  to   space 13824K, 0% used [0x00000000f3700000,0x00000000f3700000,0x00000000f4480000)
 ParOldGen       total 112640K, used 17233K [0x00000000a0000000, 0x00000000a6e00000, 0x00000000e0000000)
  object space 112640K, 15% used [0x00000000a0000000,0x00000000a10d47e8,0x00000000a6e00000)
 Metaspace       used 44904K, capacity 46504K, committed 46760K, reserved 1089536K
  class space    used 6078K, capacity 6469K, committed 6576K, reserved 1048576K

Card table byte_map: [0x0000000012580000,0x0000000012890000] byte_map_base: 0x0000000012080000

Marking Bits: (ParMarkBitMap*) 0x000000005ce6f030
 Begin Bits: [0x0000000013290000, 0x0000000014a90000)
 End Bits:   [0x0000000014a90000, 0x0000000016290000)

Polling page: 0x0000000001270000

CodeCache: size=245760Kb used=14272Kb max_used=14272Kb free=231487Kb
 bounds [0x00000000031c0000, 0x0000000003fc0000, 0x00000000121c0000]
 total_blobs=4838 nmethods=4094 adapters=656
 compilation: enabled

Compilation events (10 events):
Event: 4.683 Thread 0x0000000018d8d800 4130       2       java.lang.ClassLoader::defineClassSourceLocation (28 bytes)
Event: 4.683 Thread 0x0000000018d8d800 nmethod 4130 0x0000000003f97590 code [0x0000000003f97700, 0x0000000003f978c8]
Event: 4.683 Thread 0x0000000018d8d800 4131       2       java.lang.ClassLoader::postDefineClass (26 bytes)
Event: 4.684 Thread 0x0000000018d8d800 nmethod 4131 0x0000000003353c90 code [0x0000000003353e00, 0x0000000003353fb8]
Event: 4.687 Thread 0x0000000018d88800 nmethod 4106 0x0000000003fb6cd0 code [0x0000000003fb6f00, 0x0000000003fb8000]
Event: 4.687 Thread 0x0000000018d88800 4125       4       java.lang.ClassLoader::defineClass (43 bytes)
Event: 4.692 Thread 0x0000000018d8d800 4133       3       org.objectweb.asm.SymbolTable::addConstantIntegerOrFloat (100 bytes)
Event: 4.692 Thread 0x0000000018d8d800 nmethod 4133 0x0000000003fb6190 code [0x0000000003fb6360, 0x0000000003fb6958]
Event: 4.711 Thread 0x0000000018d8d800 4135       3       org.objectweb.asm.ByteVector::putUTF8 (144 bytes)
Event: 4.711 Thread 0x0000000018d8d800 nmethod 4135 0x0000000003fb51d0 code [0x0000000003fb53c0, 0x0000000003fb5c78]

GC Heap History (10 events):
Event: 2.154 GC heap before
{Heap before GC invocations=5 (full 0):
 PSYoungGen      total 106496K, used 16911K [0x00000000e0000000, 0x00000000e7000000, 0x0000000100000000)
  eden space 98304K, 8% used [0x00000000e0000000,0x00000000e0887878,0x00000000e6000000)
  from space 8192K, 99% used [0x00000000e6800000,0x00000000e6ffc6b0,0x00000000e7000000)
  to   space 8192K, 0% used [0x00000000e6000000,0x00000000e6000000,0x00000000e6800000)
 ParOldGen       total 131072K, used 3451K [0x00000000a0000000, 0x00000000a8000000, 0x00000000e0000000)
  object space 131072K, 2% used [0x00000000a0000000,0x00000000a035ec40,0x00000000a8000000)
 Metaspace       used 20590K, capacity 21208K, committed 21296K, reserved 1067008K
  class space    used 2887K, capacity 3084K, committed 3120K, reserved 1048576K
Event: 2.162 GC heap after
Heap after GC invocations=5 (full 0):
 PSYoungGen      total 106496K, used 7582K [0x00000000e0000000, 0x00000000ed700000, 0x0000000100000000)
  eden space 98304K, 0% used [0x00000000e0000000,0x00000000e0000000,0x00000000e6000000)
  from space 8192K, 92% used [0x00000000e6000000,0x00000000e67679f0,0x00000000e6800000)
  to   space 11776K, 0% used [0x00000000ecb80000,0x00000000ecb80000,0x00000000ed700000)
 ParOldGen       total 131072K, used 3459K [0x00000000a0000000, 0x00000000a8000000, 0x00000000e0000000)
  object space 131072K, 2% used [0x00000000a0000000,0x00000000a0360c40,0x00000000a8000000)
 Metaspace       used 20590K, capacity 21208K, committed 21296K, reserved 1067008K
  class space    used 2887K, capacity 3084K, committed 3120K, reserved 1048576K
}
Event: 2.162 GC heap before
{Heap before GC invocations=6 (full 1):
 PSYoungGen      total 106496K, used 7582K [0x00000000e0000000, 0x00000000ed700000, 0x0000000100000000)
  eden space 98304K, 0% used [0x00000000e0000000,0x00000000e0000000,0x00000000e6000000)
  from space 8192K, 92% used [0x00000000e6000000,0x00000000e67679f0,0x00000000e6800000)
  to   space 11776K, 0% used [0x00000000ecb80000,0x00000000ecb80000,0x00000000ed700000)
 ParOldGen       total 131072K, used 3459K [0x00000000a0000000, 0x00000000a8000000, 0x00000000e0000000)
  object space 131072K, 2% used [0x00000000a0000000,0x00000000a0360c40,0x00000000a8000000)
 Metaspace       used 20590K, capacity 21208K, committed 21296K, reserved 1067008K
  class space    used 2887K, capacity 3084K, committed 3120K, reserved 1048576K
Event: 2.187 GC heap after
Heap after GC invocations=6 (full 1):
 PSYoungGen      total 106496K, used 0K [0x00000000e0000000, 0x00000000ed700000, 0x0000000100000000)
  eden space 98304K, 0% used [0x00000000e0000000,0x00000000e0000000,0x00000000e6000000)
  from space 8192K, 0% used [0x00000000e6000000,0x00000000e6000000,0x00000000e6800000)
  to   space 11776K, 0% used [0x00000000ecb80000,0x00000000ecb80000,0x00000000ed700000)
 ParOldGen       total 69632K, used 7942K [0x00000000a0000000, 0x00000000a4400000, 0x00000000e0000000)
  object space 69632K, 11% used [0x00000000a0000000,0x00000000a07c1b10,0x00000000a4400000)
 Metaspace       used 20590K, capacity 21208K, committed 21296K, reserved 1067008K
  class space    used 2887K, capacity 3084K, committed 3120K, reserved 1048576K
}
Event: 2.933 GC heap before
{Heap before GC invocations=7 (full 1):
 PSYoungGen      total 106496K, used 98304K [0x00000000e0000000, 0x00000000ed700000, 0x0000000100000000)
  eden space 98304K, 100% used [0x00000000e0000000,0x00000000e6000000,0x00000000e6000000)
  from space 8192K, 0% used [0x00000000e6000000,0x00000000e6000000,0x00000000e6800000)
  to   space 11776K, 0% used [0x00000000ecb80000,0x00000000ecb80000,0x00000000ed700000)
 ParOldGen       total 69632K, used 7942K [0x00000000a0000000, 0x00000000a4400000, 0x00000000e0000000)
  object space 69632K, 11% used [0x00000000a0000000,0x00000000a07c1b10,0x00000000a4400000)
 Metaspace       used 30969K, capacity 31740K, committed 31920K, reserved 1077248K
  class space    used 4210K, capacity 4463K, committed 4528K, reserved 1048576K
Event: 2.943 GC heap after
Heap after GC invocations=7 (full 1):
 PSYoungGen      total 185344K, used 11037K [0x00000000e0000000, 0x00000000ed680000, 0x0000000100000000)
  eden space 174080K, 0% used [0x00000000e0000000,0x00000000e0000000,0x00000000eaa00000)
  from space 11264K, 97% used [0x00000000ecb80000,0x00000000ed6476a8,0x00000000ed680000)
  to   space 12800K, 0% used [0x00000000ebd80000,0x00000000ebd80000,0x00000000eca00000)
 ParOldGen       total 69632K, used 7950K [0x00000000a0000000, 0x00000000a4400000, 0x00000000e0000000)
  object space 69632K, 11% used [0x00000000a0000000,0x00000000a07c3b10,0x00000000a4400000)
 Metaspace       used 30969K, capacity 31740K, committed 31920K, reserved 1077248K
  class space    used 4210K, capacity 4463K, committed 4528K, reserved 1048576K
}
Event: 3.469 GC heap before
{Heap before GC invocations=8 (full 1):
 PSYoungGen      total 185344K, used 96197K [0x00000000e0000000, 0x00000000ed680000, 0x0000000100000000)
  eden space 174080K, 48% used [0x00000000e0000000,0x00000000e5329ee8,0x00000000eaa00000)
  from space 11264K, 97% used [0x00000000ecb80000,0x00000000ed6476a8,0x00000000ed680000)
  to   space 12800K, 0% used [0x00000000ebd80000,0x00000000ebd80000,0x00000000eca00000)
 ParOldGen       total 69632K, used 7950K [0x00000000a0000000, 0x00000000a4400000, 0x00000000e0000000)
  object space 69632K, 11% used [0x00000000a0000000,0x00000000a07c3b10,0x00000000a4400000)
 Metaspace       used 34505K, capacity 35428K, committed 35496K, reserved 1079296K
  class space    used 4740K, capacity 5008K, committed 5040K, reserved 1048576K
Event: 3.481 GC heap after
Heap after GC invocations=8 (full 1):
 PSYoungGen      total 206848K, used 10741K [0x00000000e0000000, 0x00000000f4480000, 0x0000000100000000)
  eden space 194048K, 0% used [0x00000000e0000000,0x00000000e0000000,0x00000000ebd80000)
  from space 12800K, 83% used [0x00000000ebd80000,0x00000000ec7fd510,0x00000000eca00000)
  to   space 13824K, 0% used [0x00000000f3700000,0x00000000f3700000,0x00000000f4480000)
 ParOldGen       total 69632K, used 7958K [0x00000000a0000000, 0x00000000a4400000, 0x00000000e0000000)
  object space 69632K, 11% used [0x00000000a0000000,0x00000000a07c5b10,0x00000000a4400000)
 Metaspace       used 34505K, capacity 35428K, committed 35496K, reserved 1079296K
  class space    used 4740K, capacity 5008K, committed 5040K, reserved 1048576K
}
Event: 3.481 GC heap before
{Heap before GC invocations=9 (full 2):
 PSYoungGen      total 206848K, used 10741K [0x00000000e0000000, 0x00000000f4480000, 0x0000000100000000)
  eden space 194048K, 0% used [0x00000000e0000000,0x00000000e0000000,0x00000000ebd80000)
  from space 12800K, 83% used [0x00000000ebd80000,0x00000000ec7fd510,0x00000000eca00000)
  to   space 13824K, 0% used [0x00000000f3700000,0x00000000f3700000,0x00000000f4480000)
 ParOldGen       total 69632K, used 7958K [0x00000000a0000000, 0x00000000a4400000, 0x00000000e0000000)
  object space 69632K, 11% used [0x00000000a0000000,0x00000000a07c5b10,0x00000000a4400000)
 Metaspace       used 34505K, capacity 35428K, committed 35496K, reserved 1079296K
  class space    used 4740K, capacity 5008K, committed 5040K, reserved 1048576K
Event: 3.593 GC heap after
Heap after GC invocations=9 (full 2):
 PSYoungGen      total 206848K, used 0K [0x00000000e0000000, 0x00000000f4480000, 0x0000000100000000)
  eden space 194048K, 0% used [0x00000000e0000000,0x00000000e0000000,0x00000000ebd80000)
  from space 12800K, 0% used [0x00000000ebd80000,0x00000000ebd80000,0x00000000eca00000)
  to   space 13824K, 0% used [0x00000000f3700000,0x00000000f3700000,0x00000000f4480000)
 ParOldGen       total 112640K, used 17233K [0x00000000a0000000, 0x00000000a6e00000, 0x00000000e0000000)
  object space 112640K, 15% used [0x00000000a0000000,0x00000000a10d47e8,0x00000000a6e00000)
 Metaspace       used 34505K, capacity 35428K, committed 35496K, reserved 1079296K
  class space    used 4740K, capacity 5008K, committed 5040K, reserved 1048576K
}

Deoptimization events (10 events):
Event: 4.616 Thread 0x0000000019f46000 Uncommon trap: reason=unstable_if action=reinterpret pc=0x0000000003c0c340 method=java.util.jar.JarFile.maybeInstantiateVerifier()V @ 4
Event: 4.617 Thread 0x0000000019f46000 Uncommon trap: reason=unstable_if action=reinterpret pc=0x0000000003f4dd14 method=java.util.jar.JarFile.maybeInstantiateVerifier()V @ 4
Event: 4.617 Thread 0x0000000019f46000 Uncommon trap: reason=unstable_if action=reinterpret pc=0x0000000003f079b0 method=java.security.CodeSource.<init>(Ljava/net/URL;[Ljava/security/CodeSigner;)V @ 25
Event: 4.618 Thread 0x0000000019f46000 Uncommon trap: reason=unstable_if action=reinterpret pc=0x000000000374862c method=java.security.CodeSource.getCertificates()[Ljava/security/cert/Certificate; @ 22
Event: 4.618 Thread 0x0000000019f46000 Uncommon trap: reason=unstable_if action=reinterpret pc=0x00000000036e3970 method=java.util.jar.JarFile.maybeInstantiateVerifier()V @ 4
Event: 4.618 Thread 0x0000000019f46000 Uncommon trap: reason=unstable_if action=reinterpret pc=0x0000000003bae328 method=java.util.jar.JarFile.maybeInstantiateVerifier()V @ 4
Event: 4.618 Thread 0x0000000019f46000 Uncommon trap: reason=unstable_if action=reinterpret pc=0x0000000003dd97c8 method=java.util.jar.JarFile.maybeInstantiateVerifier()V @ 4
Event: 4.618 Thread 0x0000000019f46000 Uncommon trap: reason=unstable_if action=reinterpret pc=0x0000000003ec3cbc method=java.security.CodeSource.matchCerts(Ljava/security/CodeSource;Z)Z @ 11
Event: 4.635 Thread 0x0000000019f46000 Uncommon trap: reason=unstable_if action=reinterpret pc=0x0000000003d39258 method=java.util.LinkedHashMap.get(Ljava/lang/Object;)Ljava/lang/Object; @ 20
Event: 4.710 Thread 0x0000000019f46000 Uncommon trap: reason=unstable_if action=reinterpret pc=0x00000000038515e8 method=org.objectweb.asm.ByteVector.putUTF8(Ljava/lang/String;)Lorg/objectweb/asm/ByteVector; @ 93

Classes redefined (0 events):
No events

Internal exceptions (10 events):
Event: 4.051 Thread 0x000000001bcf1800 Exception <a 'java/lang/NoSuchMethodError': <clinit>> (0x00000000e1de2150) thrown at [C:\src\AOSP-openjdk-git\hotspot\src\share\vm\prims\jni.cpp, line 1615]
Event: 4.052 Thread 0x000000001bcf1800 Exception <a 'java/lang/NoSuchMethodError': <clinit>> (0x00000000e1dec3c0) thrown at [C:\src\AOSP-openjdk-git\hotspot\src\share\vm\prims\jni.cpp, line 1615]
Event: 4.052 Thread 0x000000001bcf1800 Exception <a 'java/lang/NoSuchMethodError': <clinit>> (0x00000000e1df72e0) thrown at [C:\src\AOSP-openjdk-git\hotspot\src\share\vm\prims\jni.cpp, line 1615]
Event: 4.055 Thread 0x000000001bcf1800 Exception <a 'java/lang/NoSuchMethodError': <clinit>> (0x00000000e1e0a6e8) thrown at [C:\src\AOSP-openjdk-git\hotspot\src\share\vm\prims\jni.cpp, line 1615]
Event: 4.061 Thread 0x0000000019f46000 Exception <a 'java/lang/ClassNotFoundException': build_1hg20tx4pqh7ac1tacvpqrqx5BeanInfo> (0x00000000e39948d0) thrown at [C:\src\AOSP-openjdk-git\hotspot\src\share\vm\classfile\systemDictionary.cpp, line 210]
Event: 4.062 Thread 0x0000000019f46000 Exception <a 'java/lang/ClassNotFoundException': build_1hg20tx4pqh7ac1tacvpqrqx5Customizer> (0x00000000e39a1bb8) thrown at [C:\src\AOSP-openjdk-git\hotspot\src\share\vm\classfile\systemDictionary.cpp, line 210]
Event: 4.066 Thread 0x0000000019f46000 Exception <a 'java/lang/ClassNotFoundException': org/gradle/api/internal/plugins/DefaultObjectConfigurationActionBeanInfo> (0x00000000e3a1fab8) thrown at [C:\src\AOSP-openjdk-git\hotspot\src\share\vm\classfile\systemDictionary.cpp, line 210]
Event: 4.066 Thread 0x0000000019f46000 Exception <a 'java/lang/ClassNotFoundException': org/gradle/api/internal/plugins/DefaultObjectConfigurationActionCustomizer> (0x00000000e3a675c8) thrown at [C:\src\AOSP-openjdk-git\hotspot\src\share\vm\classfile\systemDictionary.cpp, line 210]
Event: 4.211 Thread 0x0000000019f46000 Implicit null exception at 0x0000000003c1dab4 to 0x0000000003c21499
Event: 4.574 Thread 0x0000000019f46000 Implicit null exception at 0x0000000003d9e4a8 to 0x0000000003d9e9bd

Events (10 events):
Event: 4.709 loading class com/android/build/api/dsl/CmakeOptions done
Event: 4.709 loading class com/android/build/gradle/internal/dsl/NdkBuildOptions
Event: 4.709 loading class com/android/build/gradle/internal/dsl/NdkBuildOptions done
Event: 4.709 loading class com/android/build/gradle/internal/model/CoreNdkBuildOptions
Event: 4.709 loading class com/android/build/gradle/internal/model/CoreNdkBuildOptions done
Event: 4.710 loading class com/android/build/api/dsl/NdkBuildOptions
Event: 4.710 loading class com/android/build/api/dsl/NdkBuildOptions done
Event: 4.710 Thread 0x0000000019f46000 Uncommon trap: trap_request=0xffffff65 fr.pc=0x00000000038515e8
Event: 4.710 Thread 0x0000000019f46000 DEOPT PACKING pc=0x00000000038515e8 sp=0x000000001d379180
Event: 4.710 Thread 0x0000000019f46000 DEOPT UNPACKING pc=0x000000000320557b sp=0x000000001d379108 mode 2


Dynamic libraries:
0x00007ff621290000 - 0x00007ff6212c1000 	C:\Program Files\Android\Android Studio\jre\bin\java.exe
0x00007ff9d8420000 - 0x00007ff9d8610000 	C:\WINDOWS\SYSTEM32\ntdll.dll
0x00007ff9d7900000 - 0x00007ff9d79b2000 	C:\WINDOWS\System32\KERNEL32.DLL
0x00007ff9d5760000 - 0x00007ff9d5a05000 	C:\WINDOWS\System32\KERNELBASE.dll
0x00007ff9d72b0000 - 0x00007ff9d7353000 	C:\WINDOWS\System32\ADVAPI32.dll
0x00007ff9d7a20000 - 0x00007ff9d7abe000 	C:\WINDOWS\System32\msvcrt.dll
0x00007ff9d6e20000 - 0x00007ff9d6eb7000 	C:\WINDOWS\System32\sechost.dll
0x00007ff9d6a40000 - 0x00007ff9d6b5f000 	C:\WINDOWS\System32\RPCRT4.dll
0x00007ff9d81b0000 - 0x00007ff9d8344000 	C:\WINDOWS\System32\USER32.dll
0x00007ff9d6360000 - 0x00007ff9d6381000 	C:\WINDOWS\System32\win32u.dll
0x00007ff9d83b0000 - 0x00007ff9d83d6000 	C:\WINDOWS\System32\GDI32.dll
0x00007ff9d5560000 - 0x00007ff9d56f8000 	C:\WINDOWS\System32\gdi32full.dll
0x00007ff9d62c0000 - 0x00007ff9d635e000 	C:\WINDOWS\System32\msvcp_win.dll
0x00007ff9d5a40000 - 0x00007ff9d5b3a000 	C:\WINDOWS\System32\ucrtbase.dll
0x00007ff9c3f00000 - 0x00007ff9c4184000 	C:\WINDOWS\WinSxS\amd64_microsoft.windows.common-controls_6595b64144ccf1df_6.0.18362.1440_none_9e7dbfb9e45e8e67\COMCTL32.dll
0x00007ff9d6590000 - 0x00007ff9d68c6000 	C:\WINDOWS\System32\combase.dll
0x00007ff9d6390000 - 0x00007ff9d6411000 	C:\WINDOWS\System32\bcryptPrimitives.dll
0x00007ff9d69a0000 - 0x00007ff9d69ce000 	C:\WINDOWS\System32\IMM32.DLL
0x000000005c4e0000 - 0x000000005c5b2000 	C:\Program Files\Android\Android Studio\jre\jre\bin\msvcr100.dll
0x000000005c6a0000 - 0x000000005ceeb000 	C:\Program Files\Android\Android Studio\jre\jre\bin\server\jvm.dll
0x00007ff9d6d10000 - 0x00007ff9d6d18000 	C:\WINDOWS\System32\PSAPI.DLL
0x00007ff9c7be0000 - 0x00007ff9c7be9000 	C:\WINDOWS\SYSTEM32\WSOCK32.dll
0x00007ff9cc7d0000 - 0x00007ff9cc7f4000 	C:\WINDOWS\SYSTEM32\WINMM.dll
0x00007ff9d6ec0000 - 0x00007ff9d6f2f000 	C:\WINDOWS\System32\WS2_32.dll
0x00007ff9d0a90000 - 0x00007ff9d0a9a000 	C:\WINDOWS\SYSTEM32\VERSION.dll
0x00007ff9cc750000 - 0x00007ff9cc77d000 	C:\WINDOWS\SYSTEM32\winmmbase.dll
0x00007ff9d5510000 - 0x00007ff9d555a000 	C:\WINDOWS\System32\cfgmgr32.dll
0x00007ff9d16c0000 - 0x00007ff9d16cf000 	C:\Program Files\Android\Android Studio\jre\jre\bin\verify.dll
0x00007ff9cff20000 - 0x00007ff9cff49000 	C:\Program Files\Android\Android Studio\jre\jre\bin\java.dll
0x00007ff9d0c40000 - 0x00007ff9d0c56000 	C:\Program Files\Android\Android Studio\jre\jre\bin\zip.dll
0x00007ff9d7ac0000 - 0x00007ff9d81a8000 	C:\WINDOWS\System32\SHELL32.dll
0x00007ff9d7830000 - 0x00007ff9d78d7000 	C:\WINDOWS\System32\shcore.dll
0x00007ff9d5b40000 - 0x00007ff9d62bb000 	C:\WINDOWS\System32\windows.storage.dll
0x00007ff9d5350000 - 0x00007ff9d536e000 	C:\WINDOWS\System32\profapi.dll
0x00007ff9d5300000 - 0x00007ff9d534a000 	C:\WINDOWS\System32\powrprof.dll
0x00007ff9d52d0000 - 0x00007ff9d52e0000 	C:\WINDOWS\System32\UMPDC.dll
0x00007ff9d79c0000 - 0x00007ff9d7a12000 	C:\WINDOWS\System32\shlwapi.dll
0x00007ff9d5370000 - 0x00007ff9d5381000 	C:\WINDOWS\System32\kernel.appcore.dll
0x00007ff9d54f0000 - 0x00007ff9d5507000 	C:\WINDOWS\System32\cryptsp.dll
0x00007ff9d02d0000 - 0x00007ff9d02ea000 	C:\Program Files\Android\Android Studio\jre\jre\bin\net.dll
0x00007ff9d4ab0000 - 0x00007ff9d4b17000 	C:\WINDOWS\system32\mswsock.dll
0x00007ff9cfe00000 - 0x00007ff9cfe13000 	C:\Program Files\Android\Android Studio\jre\jre\bin\nio.dll
0x00007ff9cacb0000 - 0x00007ff9cacd6000 	C:\Users\cadla_authorized_use\.gradle\native\31\windows-amd64\native-platform.dll
0x00007ff9d11d0000 - 0x00007ff9d11dd000 	C:\Program Files\Android\Android Studio\jre\jre\bin\management.dll
0x00007ff9d4630000 - 0x00007ff9d4663000 	C:\WINDOWS\system32\rsaenh.dll
0x00007ff9d5a10000 - 0x00007ff9d5a36000 	C:\WINDOWS\System32\bcrypt.dll
0x00007ff9d51f0000 - 0x00007ff9d5215000 	C:\WINDOWS\SYSTEM32\USERENV.dll
0x00007ff9d4ce0000 - 0x00007ff9d4cec000 	C:\WINDOWS\SYSTEM32\CRYPTBASE.dll
0x00007ff9d47c0000 - 0x00007ff9d47fa000 	C:\WINDOWS\SYSTEM32\IPHLPAPI.DLL
0x00007ff9d72a0000 - 0x00007ff9d72a8000 	C:\WINDOWS\System32\NSI.dll
0x00007ff9ccd90000 - 0x00007ff9ccda6000 	C:\WINDOWS\SYSTEM32\dhcpcsvc6.DLL
0x00007ff9ccd70000 - 0x00007ff9ccd8c000 	C:\WINDOWS\SYSTEM32\dhcpcsvc.DLL
0x00007ff9d4800000 - 0x00007ff9d48cb000 	C:\WINDOWS\SYSTEM32\DNSAPI.dll

VM Arguments:
jvm_args: -Xmx1536m -Dfile.encoding=windows-1252 -Duser.country=US -Duser.language=en -Duser.variant 
java_command: org.gradle.launcher.daemon.bootstrap.GradleDaemon 6.1.1
java_class_path (initial): C:\Users\cadla_authorized_use\.gradle\wrapper\dists\gradle-6.1.1-all\cfmwm155h49vnt3hynmlrsdst\gradle-6.1.1\lib\gradle-launcher-6.1.1.jar
Launcher Type: SUN_STANDARD

Environment Variables:
PATH=C:\ProgramData\Oracle\Java\javapath;C:\Program Files (x86)\Common Files\Oracle\Java\javapath;C:\Users\cadla_authorized_use\Documents\mongodb-shell-windows-x86_64-4.4.3\mongodb-win32-x86_64-windows-4.4.3\bin;C:\Python39\;C:\WINDOWS\system32;C:\WINDOWS;C:\WINDOWS\System32\Wbem;C:\WINDOWS\System32\WindowsPowerShell\v1.0\;C:\WINDOWS\System32\OpenSSH\;C:\Program Files\Intel\WiFi\bin\;C:\Program Files\Common Files\Intel\WirelessCommon\;C:\Program Files\Java\jdk1.8.0_162\bin;C:\Users\cadla_authorized_use\AppData\Local\Android\Sdk\platform-tools;C:\OpenSSL\include\openssl;C:\Program Files\Git\cmd;C:\Program Files\nodejs\;C:\Program Files (x86)\Yarn\bin\;C:\ProgramData\chocolatey\bin;C:\Users\cadla_authorized_use\Documents\flutter\bin;C:\Users\cadla_authorized_use\scoop\shims;C:\Users\cadla_authorized_use\AppData\Local\Microsoft\WindowsApps;C:\Users\cadla_authorized_use\AppData\Local\atom\bin;C:\Program Files\PostgreSQL\13\bin;C:\Users\cadla_authorized_use\AppData\Roaming\npm;C:\Users\cadla_authorized_use\AppData\Local\Yarn\bin;C:\Users\cadla_authorized_use\AppData\Local\Programs\Microsoft VS Code\bin
USERNAME=cadla_authorized_use
OS=Windows_NT
PROCESSOR_IDENTIFIER=Intel64 Family 6 Model 142 Stepping 10, GenuineIntel



---------------  S Y S T E M  ---------------

OS: Windows 10.0 , 64 bit Build 18362 (10.0.18362.1350)

CPU:total 8 (initial active 8) (4 cores per cpu, 2 threads per core) family 6 model 142 stepping 10, cmov, cx8, fxsr, mmx, sse, sse2, sse3, ssse3, sse4.1, sse4.2, popcnt, avx, avx2, aes, clmul, erms, 3dnowpref, lzcnt, ht, tsc, tscinvbit, bmi1, bmi2, adx

Memory: 4k page, physical 12463124k(695536k free), swap 34477584k(5192k free)

vm_info: OpenJDK 64-Bit Server VM (25.242-b01) for windows-amd64 JRE (1.8.0_242-release-1644-b01), built by "builder" with MS VC++ 10.0 (VS2010)

time: Fri Apr 02 22:04:36 2021
timezone: India Standard Time
elapsed time: 4 seconds (0d 0h 0m 4s)

