#
# There is insufficient memory for the Java Runtime Environment to continue.
# Native memory allocation (malloc) failed to allocate 1757536 bytes for Chunk::new
# Possible reasons:
#   The system is out of physical RAM or swap space
#   The process is running with CompressedOops enabled, and the Java Heap may be blocking the growth of the native heap
# Possible solutions:
#   Reduce memory load on the system
#   Increase physical memory or swap space
#   Check if swap backing store is full
#   Decrease Java heap size (-Xmx/-Xms)
#   Decrease number of Java threads
#   Decrease Java thread stack sizes (-Xss)
#   Set larger code cache with -XX:ReservedCodeCacheSize=
#   JVM is running with Unscaled Compressed Oops mode in which the Java heap is
#     placed in the first 4GB address space. The Java Heap base address is the
#     maximum limit for the native heap growth. Please use -XX:HeapBaseMinAddress
#     to set the Java Heap base and to place the Java Heap above 4GB virtual address.
# This output file may be truncated or incomplete.
#
#  Out of Memory Error (allocation.cpp:389), pid=25536, tid=0x00000000000065b0
#
# JRE version: OpenJDK Runtime Environment (8.0_242-b01) (build 1.8.0_242-release-1644-b01)
# Java VM: OpenJDK 64-Bit Server VM (25.242-b01 mixed mode windows-amd64 compressed oops)
# Failed to write core dump. Minidumps are not enabled by default on client versions of Windows
#

---------------  T H R E A D  ---------------

Current thread (0x00000000188b0800):  JavaThread "C2 CompilerThread0" daemon [_thread_in_native, id=26032, stack(0x0000000019180000,0x0000000019280000)]

Stack: [0x0000000019180000,0x0000000019280000]
[error occurred during error reporting (printing stack bounds), id 0xc0000005]

Native frames: (J=compiled Java code, j=interpreted, Vv=VM code, C=native code)


Current CompileTask:
C2: 298544 15981 %     4       com.android.tools.r8.dex.n::a @ 330 (1022 bytes)


---------------  P R O C E S S  ---------------

Java Threads: ( => current thread )
  0x000000001f6af000 JavaThread "ForkJoinPool-1-worker-0" daemon [_thread_blocked, id=10988, stack(0x000000002bec0000,0x000000002bfc0000)]
  0x000000001f6b2000 JavaThread "ForkJoinPool-1-worker-7" daemon [_thread_blocked, id=27456, stack(0x000000002bdc0000,0x000000002bec0000)]
  0x000000001f6aa800 JavaThread "ForkJoinPool-1-worker-6" daemon [_thread_blocked, id=31220, stack(0x000000002bcc0000,0x000000002bdc0000)]
  0x000000001f6ae000 JavaThread "ForkJoinPool-1-worker-5" daemon [_thread_blocked, id=29592, stack(0x000000002bbc0000,0x000000002bcc0000)]
  0x000000001f6b1000 JavaThread "ForkJoinPool-1-worker-4" daemon [_thread_blocked, id=20980, stack(0x000000002bac0000,0x000000002bbc0000)]
  0x000000001f6af800 JavaThread "ForkJoinPool-1-worker-3" daemon [_thread_blocked, id=2808, stack(0x000000002b9c0000,0x000000002bac0000)]
  0x000000001f6ac000 JavaThread "ForkJoinPool-1-worker-2" daemon [_thread_blocked, id=22136, stack(0x000000002b8c0000,0x000000002b9c0000)]
  0x000000001f6ad800 JavaThread "ForkJoinPool-1-worker-1" daemon [_thread_blocked, id=32556, stack(0x000000002b7c0000,0x000000002b8c0000)]
  0x000000001b9ba000 JavaThread "ForkJoinPool.commonPool-worker-7" daemon [_thread_blocked, id=21596, stack(0x000000002b1f0000,0x000000002b2f0000)]
  0x000000001b9ba800 JavaThread "ForkJoinPool.commonPool-worker-6" daemon [_thread_blocked, id=9244, stack(0x000000002b0f0000,0x000000002b1f0000)]
  0x000000001b9b9000 JavaThread "ForkJoinPool.commonPool-worker-5" daemon [_thread_blocked, id=18168, stack(0x000000002aff0000,0x000000002b0f0000)]
  0x000000001b9b8800 JavaThread "ForkJoinPool.commonPool-worker-3" daemon [_thread_blocked, id=9512, stack(0x000000002adf0000,0x000000002aef0000)]
  0x000000001e0b7800 JavaThread "ForkJoinPool.commonPool-worker-2" daemon [_thread_blocked, id=9904, stack(0x000000002acf0000,0x000000002adf0000)]
  0x000000001e0b9800 JavaThread "ForkJoinPool.commonPool-worker-1" daemon [_thread_blocked, id=7124, stack(0x000000002abf0000,0x000000002acf0000)]
  0x000000001e0af000 JavaThread "WorkerExecutor Queue Thread 8" [_thread_blocked, id=27064, stack(0x000000002a4f0000,0x000000002a5f0000)]
  0x000000001e0ae800 JavaThread "WorkerExecutor Queue Thread 7" [_thread_blocked, id=6848, stack(0x000000002a1f0000,0x000000002a2f0000)]
  0x000000001e0b5000 JavaThread "WorkerExecutor Queue Thread 6" [_thread_blocked, id=13368, stack(0x000000002a0f0000,0x000000002a1f0000)]
  0x000000001e0ad000 JavaThread "WorkerExecutor Queue Thread 5" [_thread_blocked, id=26708, stack(0x0000000029dd0000,0x0000000029ed0000)]
  0x000000001e0b2000 JavaThread "WorkerExecutor Queue Thread 4" [_thread_blocked, id=29788, stack(0x00000000296d0000,0x00000000297d0000)]
  0x000000001e0b1800 JavaThread "WorkerExecutor Queue Thread 3" [_thread_blocked, id=24164, stack(0x0000000029260000,0x0000000029360000)]
  0x000000001e0ab800 JavaThread "WorkerExecutor Queue Thread 2" [_thread_blocked, id=31376, stack(0x0000000029160000,0x0000000029260000)]
  0x000000001e0b0000 JavaThread "WorkerExecutor Queue" [_thread_in_Java, id=23188, stack(0x0000000028b60000,0x0000000028c60000)]
  0x000000001e0b0800 JavaThread "Cache worker for Java compile cache (C:\Users\cadla_authorized_use\AndroidStudioProjects\durianMoney\contentstack-android-ecommerce-app\.gradle\6.1.1\javaCompile)" [_thread_blocked, id=27784, stack(0x0000000028e60000,0x0000000028f60000)]
  0x000000001e0aa800 JavaThread "Cache worker for Java compile cache (C:\Users\cadla_authorized_use\.gradle\caches\6.1.1\javaCompile)" [_thread_blocked, id=2964, stack(0x0000000028d60000,0x0000000028e60000)]
  0x000000001ba14800 JavaThread "RMI TCP Connection(3)-127.0.0.1" daemon [_thread_in_native, id=20680, stack(0x0000000028c60000,0x0000000028d60000)]
  0x000000001ba11800 JavaThread "Cache worker for execution history cache (C:\Users\cadla_authorized_use\AndroidStudioProjects\durianMoney\contentstack-android-ecommerce-app\.gradle\6.1.1\executionHistory)" [_thread_blocked, id=20012, stack(0x0000000028a60000,0x0000000028b60000)]
  0x000000001ba16000 JavaThread "Execution worker for ':' Thread 7" [_thread_blocked, id=30852, stack(0x0000000028960000,0x0000000028a60000)]
  0x000000001ba09800 JavaThread "Execution worker for ':' Thread 6" [_thread_blocked, id=14308, stack(0x0000000028860000,0x0000000028960000)]
  0x000000001ba10000 JavaThread "Execution worker for ':' Thread 5" [_thread_blocked, id=15096, stack(0x0000000028760000,0x0000000028860000)]
  0x000000001ba0f800 JavaThread "Execution worker for ':' Thread 4" [_thread_blocked, id=13160, stack(0x0000000028660000,0x0000000028760000)]
  0x000000001ba08000 JavaThread "Execution worker for ':' Thread 3" [_thread_blocked, id=27408, stack(0x0000000028560000,0x0000000028660000)]
  0x000000001ba0e800 JavaThread "Execution worker for ':' Thread 2" [_thread_blocked, id=13584, stack(0x0000000028240000,0x0000000028340000)]
  0x000000001ba0e000 JavaThread "Execution worker for ':'" [_thread_blocked, id=13960, stack(0x0000000028140000,0x0000000028240000)]
  0x000000001ba0b000 JavaThread "Cache worker for file content cache (C:\Users\cadla_authorized_use\AndroidStudioProjects\durianMoney\contentstack-android-ecommerce-app\.gradle\6.1.1\fileContent)" [_thread_blocked, id=24044, stack(0x0000000028040000,0x0000000028140000)]
  0x000000001ba07000 JavaThread "Cache worker for Build Output Cleanup Cache (C:\Users\cadla_authorized_use\AndroidStudioProjects\durianMoney\contentstack-android-ecommerce-app\.gradle\buildOutputCleanup)" [_thread_blocked, id=23272, stack(0x0000000027ca0000,0x0000000027da0000)]
  0x000000001ba0b800 JavaThread "Build operations Thread 8" [_thread_blocked, id=29456, stack(0x0000000024f80000,0x0000000025080000)]
  0x000000001ba0d000 JavaThread "Build operations Thread 7" [_thread_blocked, id=22840, stack(0x0000000024680000,0x0000000024780000)]
  0x000000001ab00800 JavaThread "Build operations Thread 6" [_thread_blocked, id=31656, stack(0x00000000234e0000,0x00000000235e0000)]
  0x000000001aaff800 JavaThread "Build operations Thread 5" [_thread_blocked, id=10828, stack(0x0000000022190000,0x0000000022290000)]
  0x000000001aaff000 JavaThread "Build operations Thread 4" [_thread_blocked, id=22436, stack(0x0000000022090000,0x0000000022190000)]
  0x000000001aafe000 JavaThread "Build operations Thread 3" [_thread_blocked, id=24140, stack(0x0000000021d90000,0x0000000021e90000)]
  0x000000001aafa800 JavaThread "Build operations Thread 2" [_thread_blocked, id=4684, stack(0x0000000021c90000,0x0000000021d90000)]
  0x000000001aafd800 JavaThread "Build operations" [_thread_blocked, id=28440, stack(0x0000000020e90000,0x0000000020f90000)]
  0x000000001aafc800 JavaThread "Cache worker for cache directory md-rule (C:\Users\cadla_authorized_use\.gradle\caches\6.1.1\md-rule)" [_thread_blocked, id=15292, stack(0x000000001fd60000,0x000000001fe60000)]
  0x000000001aaf5000 JavaThread "Cache worker for cache directory md-supplier (C:\Users\cadla_authorized_use\.gradle\caches\6.1.1\md-supplier)" [_thread_blocked, id=8892, stack(0x000000001fc60000,0x000000001fd60000)]
  0x000000001aafb000 JavaThread "Cache worker for file hash cache (C:\Users\cadla_authorized_use\AndroidStudioProjects\durianMoney\contentstack-android-ecommerce-app\.gradle\6.1.1\fileHashes)" [_thread_blocked, id=31848, stack(0x000000001fb60000,0x000000001fc60000)]
  0x000000001aaf9800 JavaThread "Cache worker for checksums cache (C:\Users\cadla_authorized_use\AndroidStudioProjects\durianMoney\contentstack-android-ecommerce-app\.gradle\checksums)" [_thread_blocked, id=15544, stack(0x000000001cec0000,0x000000001cfc0000)]
  0x000000001aaf9000 JavaThread "Thread-65" [_thread_blocked, id=31736, stack(0x000000001cdc0000,0x000000001cec0000)]
  0x000000001aafc000 JavaThread "Stdin handler" [_thread_blocked, id=27500, stack(0x000000001ccc0000,0x000000001cdc0000)]
  0x000000001aaf8000 JavaThread "Asynchronous log dispatcher for DefaultDaemonConnection: socket connection from /127.0.0.1:52036 to /127.0.0.1:52741" [_thread_blocked, id=1056, stack(0x000000001c9c0000,0x000000001cac0000)]
  0x000000001aaf7800 JavaThread "Daemon worker Thread 2" [_thread_blocked, id=28444, stack(0x000000001c8c0000,0x000000001c9c0000)]
  0x000000001aaf3800 JavaThread "Cancel handler" [_thread_blocked, id=28772, stack(0x00000000010c0000,0x00000000011c0000)]
  0x000000001aaf2000 JavaThread "Handler for socket connection from /127.0.0.1:52036 to /127.0.0.1:52741" [_thread_in_native, id=11148, stack(0x0000000000fc0000,0x00000000010c0000)]
  0x000000001aaf6000 JavaThread "Daemon Thread 2" [_thread_blocked, id=19464, stack(0x0000000000ec0000,0x0000000000fc0000)]
  0x000000001aaf1800 JavaThread "RMI Reaper" [_thread_blocked, id=2812, stack(0x0000000029cd0000,0x0000000029dd0000)]
  0x000000001aaf4800 JavaThread "RMI TCP Accept-0" daemon [_thread_in_native, id=6936, stack(0x0000000029bd0000,0x0000000029cd0000)]
  0x000000001aaf6800 JavaThread "GC Daemon" daemon [_thread_blocked, id=13152, stack(0x0000000029ad0000,0x0000000029bd0000)]
  0x000000001aaf3000 JavaThread "RMI RenewClean-[127.0.0.1:17429,org.jetbrains.kotlin.daemon.common.LoopbackNetworkInterface$ClientLoopbackSocketFactory@49e6e52c]" daemon [_thread_blocked, id=24096, stack(0x00000000299d0000,0x0000000029ad0000)]
  0x000000001ba15800 JavaThread "RMI Scheduler(0)" daemon [_thread_blocked, id=11328, stack(0x00000000295d0000,0x00000000296d0000)]
  0x000000001ba0c800 JavaThread "Cache worker for file content cache (C:\Users\cadla_authorized_use\.gradle\caches\6.1.1\fileContent)" [_thread_blocked, id=18304, stack(0x0000000028340000,0x0000000028440000)]
  0x000000001ba0a000 JavaThread "Memory manager" [_thread_blocked, id=4924, stack(0x0000000028460000,0x0000000028560000)]
  0x000000001b9bc000 JavaThread "Cache worker for execution history cache (C:\Users\cadla_authorized_use\.gradle\caches\6.1.1\executionHistory)" [_thread_blocked, id=26308, stack(0x0000000021190000,0x0000000021290000)]
  0x000000001b9b7000 JavaThread "Cache worker for file hash cache (C:\Users\cadla_authorized_use\.gradle\caches\6.1.1\fileHashes)" [_thread_blocked, id=29268, stack(0x000000001d6c0000,0x000000001d7c0000)]
  0x000000001b9b7800 JavaThread "File lock request listener" [_thread_in_native, id=13112, stack(0x000000001d5c0000,0x000000001d6c0000)]
  0x000000001b906800 JavaThread "Cache worker for journal cache (C:\Users\cadla_authorized_use\.gradle\caches\journal-1)" [_thread_blocked, id=28456, stack(0x000000001d4c0000,0x000000001d5c0000)]
  0x000000001b810800 JavaThread "Daemon periodic checks" [_thread_blocked, id=28888, stack(0x000000001c7c0000,0x000000001c8c0000)]
  0x000000001b80f000 JavaThread "Incoming local TCP Connector on port 52036" [_thread_in_native, id=19020, stack(0x000000001c580000,0x000000001c680000)]
  0x000000001ae12000 JavaThread "Daemon health stats" [_thread_blocked, id=26184, stack(0x000000001af50000,0x000000001b050000)]
  0x0000000018948000 JavaThread "Service Thread" daemon [_thread_blocked, id=21084, stack(0x0000000019580000,0x0000000019680000)]
  0x00000000188ca000 JavaThread "C1 CompilerThread3" daemon [_thread_blocked, id=15636, stack(0x0000000019480000,0x0000000019580000)]
  0x00000000188b6800 JavaThread "C2 CompilerThread2" daemon [_thread_in_native, id=3772, stack(0x0000000019380000,0x0000000019480000)]
  0x00000000188b4800 JavaThread "C2 CompilerThread1" daemon [_thread_in_native, id=31320, stack(0x0000000019280000,0x0000000019380000)]
=>0x00000000188b0800 JavaThread "C2 CompilerThread0" daemon [_thread_in_native, id=26032, stack(0x0000000019180000,0x0000000019280000)]
  0x00000000188af000 JavaThread "Attach Listener" daemon [_thread_blocked, id=4344, stack(0x0000000019080000,0x0000000019180000)]
  0x0000000016ace000 JavaThread "Signal Dispatcher" daemon [_thread_blocked, id=23084, stack(0x0000000018f80000,0x0000000019080000)]
  0x00000000188a0800 JavaThread "Finalizer" daemon [_thread_blocked, id=8128, stack(0x0000000018d80000,0x0000000018e80000)]
  0x0000000002cf9000 JavaThread "Reference Handler" daemon [_thread_blocked, id=23788, stack(0x0000000018c80000,0x0000000018d80000)]
  0x0000000002c02800 JavaThread "main" [_thread_blocked, id=20368, stack(0x0000000002a10000,0x0000000002b10000)]

Other Threads:
  0x0000000016ab5800 VMThread [stack: 0x0000000018780000,0x0000000018880000] [id=31904]
  0x0000000018948800 WatcherThread [stack: 0x0000000019680000,0x0000000019780000] [id=32216]

VM state:not at safepoint (normal execution)

VM Mutex/Monitor currently owned by a thread: None

heap address: 0x00000000a0000000, size: 1536 MB, Compressed Oops mode: 32-bit
Narrow klass base: 0x0000000000000000, Narrow klass shift: 3
Compressed class space size: 1073741824 Address: 0x0000000100000000

Heap:
 PSYoungGen      total 254464K, used 91021K [0x00000000e0000000, 0x00000000f5000000, 0x0000000100000000)
  eden space 199680K, 18% used [0x00000000e0000000,0x00000000e2365f28,0x00000000ec300000)
  from space 54784K, 99% used [0x00000000ec300000,0x00000000ef87d740,0x00000000ef880000)
  to   space 44544K, 0% used [0x00000000ef880000,0x00000000ef880000,0x00000000f2400000)
 ParOldGen       total 205312K, used 119534K [0x00000000a0000000, 0x00000000ac880000, 0x00000000e0000000)
  object space 205312K, 58% used [0x00000000a0000000,0x00000000a74bb890,0x00000000ac880000)
 Metaspace       used 102363K, capacity 107666K, committed 107992K, reserved 1142784K
  class space    used 13688K, capacity 14731K, committed 14848K, reserved 1048576K

Card table byte_map: [0x00000000120c0000,0x00000000123d0000] byte_map_base: 0x0000000011bc0000

Marking Bits: (ParMarkBitMap*) 0x000000005ce6f030
 Begin Bits: [0x0000000012dd0000, 0x00000000145d0000)
 End Bits:   [0x00000000145d0000, 0x0000000015dd0000)

Polling page: 0x0000000000d70000

CodeCache: size=245760Kb used=45191Kb max_used=45191Kb free=200568Kb
 bounds [0x0000000002d00000, 0x0000000005960000, 0x0000000011d00000]
 total_blobs=14777 nmethods=13870 adapters=819
 compilation: enabled

Compilation events (10 events):
Event: 298.526 Thread 0x00000000188ca000 16336       2       com.android.tools.r8.graph.s0::e (13 bytes)
Event: 298.526 Thread 0x00000000188ca000 nmethod 16336 0x0000000005951110 code [0x0000000005951260, 0x00000000059513d0]
Event: 298.527 Thread 0x00000000188ca000 16337       2       com.android.tools.r8.graph.u::a (19 bytes)
Event: 298.527 Thread 0x00000000188ca000 nmethod 16337 0x0000000005951450 code [0x00000000059515c0, 0x0000000005951788]
Event: 298.529 Thread 0x00000000188ca000 16338       2       com.android.tools.r8.graph.u::a (71 bytes)
Event: 298.530 Thread 0x00000000188ca000 nmethod 16338 0x0000000005951890 code [0x0000000005951a40, 0x0000000005951f18]
Event: 298.531 Thread 0x00000000188ca000 16339       1       com.android.tools.r8.graph.j0::a (5 bytes)
Event: 298.532 Thread 0x00000000188ca000 nmethod 16339 0x00000000059521d0 code [0x0000000005952320, 0x0000000005952430]
Event: 298.532 Thread 0x00000000188ca000 16340       1       com.android.tools.r8.graph.C::m (6 bytes)
Event: 298.532 Thread 0x00000000188ca000 nmethod 16340 0x0000000005952490 code [0x00000000059525e0, 0x0000000005952710]

GC Heap History (10 events):
Event: 294.050 GC heap before
{Heap before GC invocations=21 (full 3):
 PSYoungGen      total 225792K, used 225773K [0x00000000e0000000, 0x00000000f2400000, 0x0000000100000000)
  eden space 187392K, 100% used [0x00000000e0000000,0x00000000eb700000,0x00000000eb700000)
  from space 38400K, 99% used [0x00000000eb700000,0x00000000edc7b618,0x00000000edc80000)
  to   space 44544K, 0% used [0x00000000ef880000,0x00000000ef880000,0x00000000f2400000)
 ParOldGen       total 205312K, used 51102K [0x00000000a0000000, 0x00000000ac880000, 0x00000000e0000000)
  object space 205312K, 24% used [0x00000000a0000000,0x00000000a31e7bb0,0x00000000ac880000)
 Metaspace       used 92578K, capacity 97000K, committed 97112K, reserved 1132544K
  class space    used 12298K, capacity 13184K, committed 13184K, reserved 1048576K
Event: 294.125 GC heap after
Heap after GC invocations=21 (full 3):
 PSYoungGen      total 243712K, used 44541K [0x00000000e0000000, 0x00000000f3500000, 0x0000000100000000)
  eden space 199168K, 0% used [0x00000000e0000000,0x00000000e0000000,0x00000000ec280000)
  from space 44544K, 99% used [0x00000000ef880000,0x00000000f23ff450,0x00000000f2400000)
  to   space 55296K, 0% used [0x00000000ec280000,0x00000000ec280000,0x00000000ef880000)
 ParOldGen       total 205312K, used 61190K [0x00000000a0000000, 0x00000000ac880000, 0x00000000e0000000)
  object space 205312K, 29% used [0x00000000a0000000,0x00000000a3bc1b68,0x00000000ac880000)
 Metaspace       used 92578K, capacity 97000K, committed 97112K, reserved 1132544K
  class space    used 12298K, capacity 13184K, committed 13184K, reserved 1048576K
}
Event: 294.509 GC heap before
{Heap before GC invocations=22 (full 3):
 PSYoungGen      total 243712K, used 79709K [0x00000000e0000000, 0x00000000f3500000, 0x0000000100000000)
  eden space 199168K, 17% used [0x00000000e0000000,0x00000000e2258120,0x00000000ec280000)
  from space 44544K, 99% used [0x00000000ef880000,0x00000000f23ff450,0x00000000f2400000)
  to   space 55296K, 0% used [0x00000000ec280000,0x00000000ec280000,0x00000000ef880000)
 ParOldGen       total 205312K, used 61190K [0x00000000a0000000, 0x00000000ac880000, 0x00000000e0000000)
  object space 205312K, 29% used [0x00000000a0000000,0x00000000a3bc1b68,0x00000000ac880000)
 Metaspace       used 93746K, capacity 98416K, committed 98496K, reserved 1134592K
  class space    used 12467K, capacity 13416K, committed 13440K, reserved 1048576K
Event: 294.551 GC heap after
Heap after GC invocations=22 (full 3):
 PSYoungGen      total 254464K, used 34623K [0x00000000e0000000, 0x00000000f3500000, 0x0000000100000000)
  eden space 199168K, 0% used [0x00000000e0000000,0x00000000e0000000,0x00000000ec280000)
  from space 55296K, 62% used [0x00000000ec280000,0x00000000ee44fe58,0x00000000ef880000)
  to   space 44544K, 0% used [0x00000000ef880000,0x00000000ef880000,0x00000000f2400000)
 ParOldGen       total 205312K, used 72897K [0x00000000a0000000, 0x00000000ac880000, 0x00000000e0000000)
  object space 205312K, 35% used [0x00000000a0000000,0x00000000a47304e8,0x00000000ac880000)
 Metaspace       used 93746K, capacity 98416K, committed 98496K, reserved 1134592K
  class space    used 12467K, capacity 13416K, committed 13440K, reserved 1048576K
}
Event: 294.551 GC heap before
{Heap before GC invocations=23 (full 4):
 PSYoungGen      total 254464K, used 34623K [0x00000000e0000000, 0x00000000f3500000, 0x0000000100000000)
  eden space 199168K, 0% used [0x00000000e0000000,0x00000000e0000000,0x00000000ec280000)
  from space 55296K, 62% used [0x00000000ec280000,0x00000000ee44fe58,0x00000000ef880000)
  to   space 44544K, 0% used [0x00000000ef880000,0x00000000ef880000,0x00000000f2400000)
 ParOldGen       total 205312K, used 72897K [0x00000000a0000000, 0x00000000ac880000, 0x00000000e0000000)
  object space 205312K, 35% used [0x00000000a0000000,0x00000000a47304e8,0x00000000ac880000)
 Metaspace       used 93746K, capacity 98416K, committed 98496K, reserved 1134592K
  class space    used 12467K, capacity 13416K, committed 13440K, reserved 1048576K
Event: 295.045 GC heap after
Heap after GC invocations=23 (full 4):
 PSYoungGen      total 254464K, used 0K [0x00000000e0000000, 0x00000000f3500000, 0x0000000100000000)
  eden space 199168K, 0% used [0x00000000e0000000,0x00000000e0000000,0x00000000ec280000)
  from space 55296K, 0% used [0x00000000ec280000,0x00000000ec280000,0x00000000ef880000)
  to   space 44544K, 0% used [0x00000000ef880000,0x00000000ef880000,0x00000000f2400000)
 ParOldGen       total 205312K, used 77273K [0x00000000a0000000, 0x00000000ac880000, 0x00000000e0000000)
  object space 205312K, 37% used [0x00000000a0000000,0x00000000a4b764b8,0x00000000ac880000)
 Metaspace       used 93625K, capacity 98060K, committed 98496K, reserved 1134592K
  class space    used 12428K, capacity 13348K, committed 13440K, reserved 1048576K
}
Event: 297.157 GC heap before
{Heap before GC invocations=24 (full 4):
 PSYoungGen      total 254464K, used 199168K [0x00000000e0000000, 0x00000000f3500000, 0x0000000100000000)
  eden space 199168K, 100% used [0x00000000e0000000,0x00000000ec280000,0x00000000ec280000)
  from space 55296K, 0% used [0x00000000ec280000,0x00000000ec280000,0x00000000ef880000)
  to   space 44544K, 0% used [0x00000000ef880000,0x00000000ef880000,0x00000000f2400000)
 ParOldGen       total 205312K, used 77273K [0x00000000a0000000, 0x00000000ac880000, 0x00000000e0000000)
  object space 205312K, 37% used [0x00000000a0000000,0x00000000a4b764b8,0x00000000ac880000)
 Metaspace       used 101457K, capacity 106538K, committed 106712K, reserved 1140736K
  class space    used 13560K, capacity 14557K, committed 14592K, reserved 1048576K
Event: 297.170 GC heap after
Heap after GC invocations=24 (full 4):
 PSYoungGen      total 244224K, used 14255K [0x00000000e0000000, 0x00000000f5000000, 0x0000000100000000)
  eden space 199680K, 0% used [0x00000000e0000000,0x00000000e0000000,0x00000000ec300000)
  from space 44544K, 32% used [0x00000000ef880000,0x00000000f066bd48,0x00000000f2400000)
  to   space 54784K, 0% used [0x00000000ec300000,0x00000000ec300000,0x00000000ef880000)
 ParOldGen       total 205312K, used 77281K [0x00000000a0000000, 0x00000000ac880000, 0x00000000e0000000)
  object space 205312K, 37% used [0x00000000a0000000,0x00000000a4b784b8,0x00000000ac880000)
 Metaspace       used 101457K, capacity 106538K, committed 106712K, reserved 1140736K
  class space    used 13560K, capacity 14557K, committed 14592K, reserved 1048576K
}
Event: 298.062 GC heap before
{Heap before GC invocations=25 (full 4):
 PSYoungGen      total 244224K, used 213935K [0x00000000e0000000, 0x00000000f5000000, 0x0000000100000000)
  eden space 199680K, 100% used [0x00000000e0000000,0x00000000ec300000,0x00000000ec300000)
  from space 44544K, 32% used [0x00000000ef880000,0x00000000f066bd48,0x00000000f2400000)
  to   space 54784K, 0% used [0x00000000ec300000,0x00000000ec300000,0x00000000ef880000)
 ParOldGen       total 205312K, used 77281K [0x00000000a0000000, 0x00000000ac880000, 0x00000000e0000000)
  object space 205312K, 37% used [0x00000000a0000000,0x00000000a4b784b8,0x00000000ac880000)
 Metaspace       used 102300K, capacity 107596K, committed 107736K, reserved 1142784K
  class space    used 13686K, capacity 14730K, committed 14848K, reserved 1048576K
Event: 298.146 GC heap after
Heap after GC invocations=25 (full 4):
 PSYoungGen      total 254464K, used 54773K [0x00000000e0000000, 0x00000000f5000000, 0x0000000100000000)
  eden space 199680K, 0% used [0x00000000e0000000,0x00000000e0000000,0x00000000ec300000)
  from space 54784K, 99% used [0x00000000ec300000,0x00000000ef87d740,0x00000000ef880000)
  to   space 44544K, 0% used [0x00000000ef880000,0x00000000ef880000,0x00000000f2400000)
 ParOldGen       total 205312K, used 119534K [0x00000000a0000000, 0x00000000ac880000, 0x00000000e0000000)
  object space 205312K, 58% used [0x00000000a0000000,0x00000000a74bb890,0x00000000ac880000)
 Metaspace       used 102300K, capacity 107596K, committed 107736K, reserved 1142784K
  class space    used 13686K, capacity 14730K, committed 14848K, reserved 1048576K
}

Deoptimization events (10 events):
Event: 297.747 Thread 0x000000001f6af800 Uncommon trap: reason=unstable_if action=reinterpret pc=0x000000000379f4b0 method=java.util.Arrays.hashCode([Ljava/lang/Object;)I @ 1
Event: 297.766 Thread 0x000000001f6af800 Uncommon trap: reason=unstable_if action=reinterpret pc=0x0000000004451ee4 method=com.android.tools.r8.graph.c0.computeEquals(Ljava/lang/Object;)Z @ 37
Event: 297.766 Thread 0x000000001f6af800 Uncommon trap: reason=unstable_if action=reinterpret pc=0x00000000041c3200 method=com.android.tools.r8.graph.c0.computeEquals(Ljava/lang/Object;)Z @ 37
Event: 298.054 Thread 0x000000001e0b1800 Uncommon trap: reason=unstable_if action=reinterpret pc=0x0000000004f17cdc method=java.util.stream.StreamOpFlag.getMask(I)I @ 1
Event: 298.153 Thread 0x000000001e0b1800 Uncommon trap: reason=array_check action=maybe_recompile pc=0x00000000050d4510 method=com.google.common.collect.RegularImmutableMap.fromEntryArray(I[Ljava/util/Map$Entry;)Lcom/google/common/collect/ImmutableMap; @ 157
Event: 298.317 Thread 0x000000001e0b1800 Uncommon trap: reason=unstable_if action=reinterpret pc=0x000000000520de84 method=java.io.ObjectOutputStream$BlockDataOutputStream.writeShort(I)V @ 9
Event: 298.318 Thread 0x000000001e0b1800 Uncommon trap: reason=bimorphic action=maybe_recompile pc=0x0000000005206c54 method=java.security.MessageDigest$Delegate.clone()Ljava/lang/Object; @ 14
Event: 298.318 Thread 0x000000001e0b1800 Uncommon trap: reason=class_check action=maybe_recompile pc=0x00000000046294e8 method=java.lang.StringCoding.decode(Ljava/nio/charset/Charset;[BII)[C @ 1
Event: 298.492 Thread 0x000000001e0b0000 Uncommon trap: reason=unstable_if action=reinterpret pc=0x0000000003a85e58 method=com.android.tools.r8.s.a.b.l.d.a(Ljava/lang/Object;Z)Lcom/android/tools/r8/s/a/b/l/f; @ 84
Event: 298.499 Thread 0x000000001e0b0000 Uncommon trap: reason=unloaded action=reinterpret pc=0x00000000041319fc method=com.android.tools.r8.s.a.b.l.g.o.b(Lcom/android/tools/r8/s/a/b/m/a;)Lcom/android/tools/r8/s/a/b/b; @ 88

Classes redefined (0 events):
No events

Internal exceptions (10 events):
Event: 295.849 Thread 0x000000001e0ab800 Exception <a 'sun/nio/fs/WindowsException'> (0x00000000e41e5da8) thrown at [C:\src\AOSP-openjdk-git\hotspot\src\share\vm\prims\jni.cpp, line 710]
Event: 295.855 Thread 0x000000001e0ab800 Exception <a 'sun/nio/fs/WindowsException'> (0x00000000e43091b0) thrown at [C:\src\AOSP-openjdk-git\hotspot\src\share\vm\prims\jni.cpp, line 710]
Event: 295.884 Thread 0x000000001ba0b800 Exception <a 'sun/nio/fs/WindowsException'> (0x00000000e45ad4c8) thrown at [C:\src\AOSP-openjdk-git\hotspot\src\share\vm\prims\jni.cpp, line 710]
Event: 296.232 Thread 0x000000001aafa800 Exception <a 'sun/nio/fs/WindowsException'> (0x00000000e6848078) thrown at [C:\src\AOSP-openjdk-git\hotspot\src\share\vm\prims\jni.cpp, line 710]
Event: 296.997 Thread 0x000000001aafa800 Exception <a 'sun/nio/fs/WindowsException'> (0x00000000eb3ae6f0) thrown at [C:\src\AOSP-openjdk-git\hotspot\src\share\vm\prims\jni.cpp, line 710]
Event: 297.013 Thread 0x000000001ba16000 Exception <a 'java/lang/NoSuchMethodError': <clinit>> (0x00000000eb4596a0) thrown at [C:\src\AOSP-openjdk-git\hotspot\src\share\vm\prims\jni.cpp, line 1615]
Event: 297.260 Thread 0x000000001e0b0000 Exception <a 'sun/nio/fs/WindowsException'> (0x00000000e0c8d048) thrown at [C:\src\AOSP-openjdk-git\hotspot\src\share\vm\prims\jni.cpp, line 710]
Event: 297.747 Thread 0x000000001f6aa800 Implicit null exception at 0x000000000379f3af to 0x000000000379f4a1
Event: 297.747 Thread 0x000000001f6af000 Implicit null exception at 0x000000000379f3af to 0x000000000379f4a1
Event: 297.747 Thread 0x000000001f6af800 Implicit null exception at 0x000000000379f3af to 0x000000000379f4a1

Events (10 events):
Event: 298.441 Thread 0x000000001f6ad800 DEOPT PACKING pc=0x0000000005918e17 sp=0x000000002b8beb10
Event: 298.441 Thread 0x000000001f6ad800 DEOPT UNPACKING pc=0x0000000002d475d0 sp=0x000000002b8be820 mode 0
Event: 298.492 Thread 0x000000001e0b0000 Uncommon trap: trap_request=0xffffff65 fr.pc=0x0000000003a85e58
Event: 298.492 Thread 0x000000001e0b0000 DEOPT PACKING pc=0x0000000003a85e58 sp=0x0000000028c5db20
Event: 298.492 Thread 0x000000001e0b0000 DEOPT UNPACKING pc=0x0000000002d4557b sp=0x0000000028c5daa8 mode 2
Event: 298.499 Thread 0x000000001e0b0000 Uncommon trap: trap_request=0x0000003d fr.pc=0x00000000041319fc
Event: 298.499 Thread 0x000000001e0b0000 DEOPT PACKING pc=0x00000000041319fc sp=0x0000000028c5d920
Event: 298.499 Thread 0x000000001e0b0000 DEOPT UNPACKING pc=0x0000000002d4557b sp=0x0000000028c5d8b8 mode 2
Event: 298.513 Executing VM operation: RevokeBias
Event: 298.513 Executing VM operation: RevokeBias done


Dynamic libraries:
0x00007ff621290000 - 0x00007ff6212c1000 	C:\Program Files\Android\Android Studio\jre\bin\java.exe
0x00007ff9d8420000 - 0x00007ff9d8610000 	C:\WINDOWS\SYSTEM32\ntdll.dll
0x00007ff9d7900000 - 0x00007ff9d79b2000 	C:\WINDOWS\System32\KERNEL32.DLL
0x00007ff9d5760000 - 0x00007ff9d5a05000 	C:\WINDOWS\System32\KERNELBASE.dll
0x00007ff9d72b0000 - 0x00007ff9d7353000 	C:\WINDOWS\System32\ADVAPI32.dll
0x00007ff9d7a20000 - 0x00007ff9d7abe000 	C:\WINDOWS\System32\msvcrt.dll
0x00007ff9d6e20000 - 0x00007ff9d6eb7000 	C:\WINDOWS\System32\sechost.dll
0x00007ff9d6a40000 - 0x00007ff9d6b5f000 	C:\WINDOWS\System32\RPCRT4.dll
0x00007ff9d81b0000 - 0x00007ff9d8344000 	C:\WINDOWS\System32\USER32.dll
0x00007ff9d6360000 - 0x00007ff9d6381000 	C:\WINDOWS\System32\win32u.dll
0x00007ff9d83b0000 - 0x00007ff9d83d6000 	C:\WINDOWS\System32\GDI32.dll
0x00007ff9d5560000 - 0x00007ff9d56f8000 	C:\WINDOWS\System32\gdi32full.dll
0x00007ff9d62c0000 - 0x00007ff9d635e000 	C:\WINDOWS\System32\msvcp_win.dll
0x00007ff9d5a40000 - 0x00007ff9d5b3a000 	C:\WINDOWS\System32\ucrtbase.dll
0x00007ff9c3f00000 - 0x00007ff9c4184000 	C:\WINDOWS\WinSxS\amd64_microsoft.windows.common-controls_6595b64144ccf1df_6.0.18362.1440_none_9e7dbfb9e45e8e67\COMCTL32.dll
0x00007ff9d6590000 - 0x00007ff9d68c6000 	C:\WINDOWS\System32\combase.dll
0x00007ff9d6390000 - 0x00007ff9d6411000 	C:\WINDOWS\System32\bcryptPrimitives.dll
0x00007ff9d69a0000 - 0x00007ff9d69ce000 	C:\WINDOWS\System32\IMM32.DLL
0x000000005c4e0000 - 0x000000005c5b2000 	C:\Program Files\Android\Android Studio\jre\jre\bin\msvcr100.dll
0x000000005c6a0000 - 0x000000005ceeb000 	C:\Program Files\Android\Android Studio\jre\jre\bin\server\jvm.dll
0x00007ff9d6d10000 - 0x00007ff9d6d18000 	C:\WINDOWS\System32\PSAPI.DLL
0x00007ff9cc7d0000 - 0x00007ff9cc7f4000 	C:\WINDOWS\SYSTEM32\WINMM.dll
0x00007ff9d0a90000 - 0x00007ff9d0a9a000 	C:\WINDOWS\SYSTEM32\VERSION.dll
0x00007ff9c7be0000 - 0x00007ff9c7be9000 	C:\WINDOWS\SYSTEM32\WSOCK32.dll
0x00007ff9d6ec0000 - 0x00007ff9d6f2f000 	C:\WINDOWS\System32\WS2_32.dll
0x00007ff9cc750000 - 0x00007ff9cc77d000 	C:\WINDOWS\SYSTEM32\WINMMBASE.dll
0x00007ff9d5510000 - 0x00007ff9d555a000 	C:\WINDOWS\System32\cfgmgr32.dll
0x00007ff9d16c0000 - 0x00007ff9d16cf000 	C:\Program Files\Android\Android Studio\jre\jre\bin\verify.dll
0x00007ff9cff20000 - 0x00007ff9cff49000 	C:\Program Files\Android\Android Studio\jre\jre\bin\java.dll
0x00007ff9d0c40000 - 0x00007ff9d0c56000 	C:\Program Files\Android\Android Studio\jre\jre\bin\zip.dll
0x00007ff9d7ac0000 - 0x00007ff9d81a8000 	C:\WINDOWS\System32\SHELL32.dll
0x00007ff9d7830000 - 0x00007ff9d78d7000 	C:\WINDOWS\System32\shcore.dll
0x00007ff9d5b40000 - 0x00007ff9d62bb000 	C:\WINDOWS\System32\windows.storage.dll
0x00007ff9d5350000 - 0x00007ff9d536e000 	C:\WINDOWS\System32\profapi.dll
0x00007ff9d5300000 - 0x00007ff9d534a000 	C:\WINDOWS\System32\powrprof.dll
0x00007ff9d52d0000 - 0x00007ff9d52e0000 	C:\WINDOWS\System32\UMPDC.dll
0x00007ff9d79c0000 - 0x00007ff9d7a12000 	C:\WINDOWS\System32\shlwapi.dll
0x00007ff9d5370000 - 0x00007ff9d5381000 	C:\WINDOWS\System32\kernel.appcore.dll
0x00007ff9d54f0000 - 0x00007ff9d5507000 	C:\WINDOWS\System32\cryptsp.dll
0x00007ff9d02d0000 - 0x00007ff9d02ea000 	C:\Program Files\Android\Android Studio\jre\jre\bin\net.dll
0x00007ff9d4ab0000 - 0x00007ff9d4b17000 	C:\WINDOWS\system32\mswsock.dll
0x00007ff9cfe00000 - 0x00007ff9cfe13000 	C:\Program Files\Android\Android Studio\jre\jre\bin\nio.dll
0x00007ff9c2610000 - 0x00007ff9c2636000 	C:\Users\cadla_authorized_use\.gradle\native\31\windows-amd64\native-platform.dll
0x00007ff9d11d0000 - 0x00007ff9d11dd000 	C:\Program Files\Android\Android Studio\jre\jre\bin\management.dll
0x00007ff9d4630000 - 0x00007ff9d4663000 	C:\WINDOWS\system32\rsaenh.dll
0x00007ff9d5a10000 - 0x00007ff9d5a36000 	C:\WINDOWS\System32\bcrypt.dll
0x00007ff9d51f0000 - 0x00007ff9d5215000 	C:\WINDOWS\SYSTEM32\USERENV.dll
0x00007ff9d4ce0000 - 0x00007ff9d4cec000 	C:\WINDOWS\SYSTEM32\CRYPTBASE.dll
0x00007ff9d47c0000 - 0x00007ff9d47fa000 	C:\WINDOWS\SYSTEM32\IPHLPAPI.DLL
0x00007ff9d72a0000 - 0x00007ff9d72a8000 	C:\WINDOWS\System32\NSI.dll
0x00007ff9ccd90000 - 0x00007ff9ccda6000 	C:\WINDOWS\SYSTEM32\dhcpcsvc6.DLL
0x00007ff9ccd70000 - 0x00007ff9ccd8c000 	C:\WINDOWS\SYSTEM32\dhcpcsvc.DLL
0x00007ff9d4800000 - 0x00007ff9d48cb000 	C:\WINDOWS\SYSTEM32\DNSAPI.dll
0x00007ff9d42f0000 - 0x00007ff9d4321000 	C:\WINDOWS\SYSTEM32\ntmarta.dll
0x00007ff9d3d10000 - 0x00007ff9d3d2e000 	C:\Users\cadla_authorized_use\AppData\Local\Temp\native-platform316418418010682780dir\native-platform.dll

VM Arguments:
jvm_args: -Xmx1536m -Dfile.encoding=windows-1252 -Duser.country=US -Duser.language=en -Duser.variant 
java_command: org.gradle.launcher.daemon.bootstrap.GradleDaemon 6.1.1
java_class_path (initial): C:\Users\cadla_authorized_use\.gradle\wrapper\dists\gradle-6.1.1-all\cfmwm155h49vnt3hynmlrsdst\gradle-6.1.1\lib\gradle-launcher-6.1.1.jar
Launcher Type: SUN_STANDARD

Environment Variables:
PATH=C:\ProgramData\Oracle\Java\javapath;C:\Program Files (x86)\Common Files\Oracle\Java\javapath;C:\Users\cadla_authorized_use\Documents\mongodb-shell-windows-x86_64-4.4.3\mongodb-win32-x86_64-windows-4.4.3\bin;C:\Python39\;C:\WINDOWS\system32;C:\WINDOWS;C:\WINDOWS\System32\Wbem;C:\WINDOWS\System32\WindowsPowerShell\v1.0\;C:\WINDOWS\System32\OpenSSH\;C:\Program Files\Intel\WiFi\bin\;C:\Program Files\Common Files\Intel\WirelessCommon\;C:\Program Files\Java\jdk1.8.0_162\bin;C:\Users\cadla_authorized_use\AppData\Local\Android\Sdk\platform-tools;C:\OpenSSL\include\openssl;C:\Program Files\Git\cmd;C:\Program Files\nodejs\;C:\Program Files (x86)\Yarn\bin\;C:\ProgramData\chocolatey\bin;C:\Users\cadla_authorized_use\Documents\flutter\bin;C:\Users\cadla_authorized_use\scoop\shims;C:\Users\cadla_authorized_use\AppData\Local\Microsoft\WindowsApps;C:\Users\cadla_authorized_use\AppData\Local\atom\bin;C:\Program Files\PostgreSQL\13\bin;C:\Users\cadla_authorized_use\AppData\Roaming\npm;C:\Users\cadla_authorized_use\AppData\Local\Yarn\bin;C:\Users\cadla_authorized_use\AppData\Local\Programs\Microsoft VS Code\bin
USERNAME=cadla_authorized_use
OS=Windows_NT
PROCESSOR_IDENTIFIER=Intel64 Family 6 Model 142 Stepping 10, GenuineIntel



---------------  S Y S T E M  ---------------

OS: Windows 10.0 , 64 bit Build 18362 (10.0.18362.1350)

CPU:total 8 (initial active 8) (4 cores per cpu, 2 threads per core) family 6 model 142 stepping 10, cmov, cx8, fxsr, mmx, sse, sse2, sse3, ssse3, sse4.1, sse4.2, popcnt, avx, avx2, aes, clmul, erms, 3dnowpref, lzcnt, ht, tsc, tscinvbit, bmi1, bmi2, adx

Memory: 4k page, physical 12463124k(461448k free), swap 34477584k(5148k free)

vm_info: OpenJDK 64-Bit Server VM (25.242-b01) for windows-amd64 JRE (1.8.0_242-release-1644-b01), built by "builder" with MS VC++ 10.0 (VS2010)

time: Thu Apr 01 08:39:41 2021
timezone: India Standard Time
elapsed time: 298 seconds (0d 0h 4m 58s)

