#
# There is insufficient memory for the Java Runtime Environment to continue.
# Native memory allocation (malloc) failed to allocate 592720 bytes for Chunk::new
# Possible reasons:
#   The system is out of physical RAM or swap space
#   The process is running with CompressedOops enabled, and the Java Heap may be blocking the growth of the native heap
# Possible solutions:
#   Reduce memory load on the system
#   Increase physical memory or swap space
#   Check if swap backing store is full
#   Decrease Java heap size (-Xmx/-Xms)
#   Decrease number of Java threads
#   Decrease Java thread stack sizes (-Xss)
#   Set larger code cache with -XX:ReservedCodeCacheSize=
#   JVM is running with Unscaled Compressed Oops mode in which the Java heap is
#     placed in the first 4GB address space. The Java Heap base address is the
#     maximum limit for the native heap growth. Please use -XX:HeapBaseMinAddress
#     to set the Java Heap base and to place the Java Heap above 4GB virtual address.
# This output file may be truncated or incomplete.
#
#  Out of Memory Error (allocation.cpp:389), pid=10976, tid=0x00000000000052c4
#
# JRE version: OpenJDK Runtime Environment (8.0_242-b01) (build 1.8.0_242-release-1644-b01)
# Java VM: OpenJDK 64-Bit Server VM (25.242-b01 mixed mode windows-amd64 compressed oops)
# Failed to write core dump. Minidumps are not enabled by default on client versions of Windows
#

---------------  T H R E A D  ---------------

Current thread (0x0000000018e5d800):  JavaThread "C2 CompilerThread2" daemon [_thread_in_native, id=21188, stack(0x0000000019920000,0x0000000019a20000)]

Stack: [0x0000000019920000,0x0000000019a20000]
[error occurred during error reporting (printing stack bounds), id 0xc0000005]

Native frames: (J=compiled Java code, j=interpreted, Vv=VM code, C=native code)


Current CompileTask:
C2: 471598 14355 %     4       com.sun.tools.javac.file.ZipFileIndex$ZipDirectory::readEntry @ 215 (587 bytes)


---------------  P R O C E S S  ---------------

Java Threads: ( => current thread )
  0x000000001f712800 JavaThread "Cache worker for Java compile cache (C:\Users\cadla_authorized_use\AndroidStudioProjects\durianMoney\contentstack-android-ecommerce-app\.gradle\6.1.1\javaCompile)" [_thread_blocked, id=19724, stack(0x0000000029e00000,0x0000000029f00000)]
  0x000000001f707000 JavaThread "Cache worker for Java compile cache (C:\Users\cadla_authorized_use\.gradle\caches\6.1.1\javaCompile)" [_thread_blocked, id=11616, stack(0x0000000029d00000,0x0000000029e00000)]
  0x000000001f70d000 JavaThread "RMI TCP Connection(1)-127.0.0.1" daemon [_thread_in_native, id=15340, stack(0x000000002a620000,0x000000002a720000)]
  0x000000001f70c800 JavaThread "RMI Reaper" [_thread_blocked, id=12616, stack(0x000000002a520000,0x000000002a620000)]
  0x000000001f70e000 JavaThread "RMI TCP Accept-0" daemon [_thread_in_native, id=22624, stack(0x000000002a420000,0x000000002a520000)]
  0x000000001f705000 JavaThread "GC Daemon" daemon [_thread_blocked, id=17740, stack(0x000000002a120000,0x000000002a220000)]
  0x00000000247e3000 JavaThread "RMI Scheduler(0)" daemon [_thread_blocked, id=29460, stack(0x0000000029700000,0x0000000029800000)]
  0x00000000247e1800 JavaThread "WorkerExecutor Queue Thread 2" [_thread_blocked, id=8096, stack(0x0000000029600000,0x0000000029700000)]
  0x00000000247e1000 JavaThread "WorkerExecutor Queue" [_thread_blocked, id=26576, stack(0x0000000029500000,0x0000000029600000)]
  0x00000000247d9800 JavaThread "stdout" [_thread_in_native, id=14840, stack(0x0000000029c00000,0x0000000029d00000)]
  0x00000000247e0000 JavaThread "stderr" [_thread_in_native, id=24088, stack(0x0000000029b00000,0x0000000029c00000)]
  0x00000000247de800 JavaThread "pool-8-thread-1" [_thread_blocked, id=24916, stack(0x0000000029800000,0x0000000029900000)]
  0x00000000247dc800 JavaThread "Cache worker for execution history cache (C:\Users\cadla_authorized_use\AndroidStudioProjects\durianMoney\contentstack-android-ecommerce-app\.gradle\6.1.1\executionHistory)" [_thread_blocked, id=28864, stack(0x0000000029400000,0x0000000029500000)]
  0x00000000247d8800 JavaThread "Execution worker for ':' Thread 7" [_thread_in_Java, id=28644, stack(0x0000000029300000,0x0000000029400000)]
  0x00000000247de000 JavaThread "Execution worker for ':' Thread 6" [_thread_blocked, id=25556, stack(0x0000000029200000,0x0000000029300000)]
  0x00000000247df800 JavaThread "Execution worker for ':' Thread 5" [_thread_blocked, id=21896, stack(0x0000000029100000,0x0000000029200000)]
  0x00000000247dd000 JavaThread "Execution worker for ':' Thread 4" [_thread_blocked, id=26716, stack(0x0000000028e00000,0x0000000028f00000)]
  0x00000000247d5000 JavaThread "Execution worker for ':' Thread 3" [_thread_blocked, id=28076, stack(0x0000000028bc0000,0x0000000028cc0000)]
  0x00000000247db800 JavaThread "Execution worker for ':' Thread 2" [_thread_blocked, id=12112, stack(0x00000000289c0000,0x0000000028ac0000)]
  0x00000000247d4000 JavaThread "Execution worker for ':'" [_thread_blocked, id=25768, stack(0x0000000026c20000,0x0000000026d20000)]
  0x00000000247d6800 JavaThread "Cache worker for file content cache (C:\Users\cadla_authorized_use\AndroidStudioProjects\durianMoney\contentstack-android-ecommerce-app\.gradle\6.1.1\fileContent)" [_thread_blocked, id=20076, stack(0x0000000026870000,0x0000000026970000)]
  0x00000000247d7000 JavaThread "Cache worker for Build Output Cleanup Cache (C:\Users\cadla_authorized_use\AndroidStudioProjects\durianMoney\contentstack-android-ecommerce-app\.gradle\buildOutputCleanup)" [_thread_blocked, id=24116, stack(0x0000000024d60000,0x0000000024e60000)]
  0x000000001ad34000 JavaThread "Build operations Thread 8" [_thread_blocked, id=21824, stack(0x0000000024c60000,0x0000000024d60000)]
  0x000000001ad33800 JavaThread "Build operations Thread 7" [_thread_blocked, id=20328, stack(0x0000000024b60000,0x0000000024c60000)]
  0x000000001ad35800 JavaThread "Build operations Thread 6" [_thread_blocked, id=5616, stack(0x0000000023880000,0x0000000023980000)]
  0x000000001ad32800 JavaThread "Build operations Thread 5" [_thread_blocked, id=14120, stack(0x0000000023780000,0x0000000023880000)]
  0x000000001ad35000 JavaThread "Build operations Thread 4" [_thread_blocked, id=20760, stack(0x0000000023680000,0x0000000023780000)]
  0x000000001ad32000 JavaThread "Build operations Thread 3" [_thread_blocked, id=23276, stack(0x0000000023580000,0x0000000023680000)]
  0x000000001ad30800 JavaThread "Build operations Thread 2" [_thread_blocked, id=15916, stack(0x0000000023480000,0x0000000023580000)]
  0x000000001ad31000 JavaThread "Build operations" [_thread_blocked, id=10648, stack(0x0000000021720000,0x0000000021820000)]
  0x000000001ad2f800 JavaThread "Cache worker for cache directory md-rule (C:\Users\cadla_authorized_use\.gradle\caches\6.1.1\md-rule)" [_thread_blocked, id=29440, stack(0x0000000021320000,0x0000000021420000)]
  0x000000001ad28000 JavaThread "Cache worker for cache directory md-supplier (C:\Users\cadla_authorized_use\.gradle\caches\6.1.1\md-supplier)" [_thread_blocked, id=5588, stack(0x00000000201e0000,0x00000000202e0000)]
  0x000000001ad2f000 JavaThread "Cache worker for file hash cache (C:\Users\cadla_authorized_use\AndroidStudioProjects\durianMoney\contentstack-android-ecommerce-app\.gradle\6.1.1\fileHashes)" [_thread_blocked, id=10292, stack(0x00000000200e0000,0x00000000201e0000)]
  0x000000001ad27800 JavaThread "Cache worker for checksums cache (C:\Users\cadla_authorized_use\AndroidStudioProjects\durianMoney\contentstack-android-ecommerce-app\.gradle\checksums)" [_thread_blocked, id=28340, stack(0x000000001d440000,0x000000001d540000)]
  0x000000001ad2e000 JavaThread "Thread-84" [_thread_blocked, id=10980, stack(0x000000001d340000,0x000000001d440000)]
  0x000000001ad2d800 JavaThread "Stdin handler" [_thread_blocked, id=29420, stack(0x000000001d240000,0x000000001d340000)]
  0x000000001ad2c000 JavaThread "Asynchronous log dispatcher for DefaultDaemonConnection: socket connection from /127.0.0.1:53653 to /127.0.0.1:54955" [_thread_blocked, id=28716, stack(0x000000001cf40000,0x000000001d040000)]
  0x000000001ad2c800 JavaThread "Cancel handler" [_thread_blocked, id=22488, stack(0x0000000001610000,0x0000000001710000)]
  0x000000001ad2a800 JavaThread "Handler for socket connection from /127.0.0.1:53653 to /127.0.0.1:54955" [_thread_in_native, id=7296, stack(0x0000000001510000,0x0000000001610000)]
  0x00000000247da000 JavaThread "Daemon worker Thread 2" [_thread_blocked, id=28272, stack(0x000000001ce40000,0x000000001cf40000)]
  0x00000000247d8000 JavaThread "Daemon Thread 2" [_thread_blocked, id=24668, stack(0x00000000012f0000,0x00000000013f0000)]
  0x000000001f708800 JavaThread "Cache worker for file content cache (C:\Users\cadla_authorized_use\.gradle\caches\6.1.1\fileContent)" [_thread_blocked, id=16092, stack(0x0000000028d00000,0x0000000028e00000)]
  0x000000001f70b800 JavaThread "Memory manager" [_thread_blocked, id=7980, stack(0x0000000028ac0000,0x0000000028bc0000)]
  0x0000000018e65800 JavaThread "Cache worker for execution history cache (C:\Users\cadla_authorized_use\.gradle\caches\6.1.1\executionHistory)" [_thread_blocked, id=8468, stack(0x0000000021420000,0x0000000021520000)]
  0x0000000018e68000 JavaThread "Cache worker for file hash cache (C:\Users\cadla_authorized_use\.gradle\caches\6.1.1\fileHashes)" [_thread_blocked, id=27384, stack(0x000000001dc40000,0x000000001dd40000)]
  0x0000000018e62800 JavaThread "File lock request listener" [_thread_in_native, id=15736, stack(0x000000001db40000,0x000000001dc40000)]
  0x000000001b9bb800 JavaThread "Cache worker for journal cache (C:\Users\cadla_authorized_use\.gradle\caches\journal-1)" [_thread_blocked, id=28844, stack(0x000000001da40000,0x000000001db40000)]
  0x000000001b930800 JavaThread "Daemon periodic checks" [_thread_blocked, id=17092, stack(0x000000001cd40000,0x000000001ce40000)]
  0x000000001b8d2800 JavaThread "Incoming local TCP Connector on port 53653" [_thread_in_native, id=23944, stack(0x000000001cb00000,0x000000001cc00000)]
  0x000000001b84e000 JavaThread "Daemon health stats" [_thread_blocked, id=29428, stack(0x000000001c4c0000,0x000000001c5c0000)]
  0x0000000018eb5800 JavaThread "Service Thread" daemon [_thread_blocked, id=9872, stack(0x0000000019b20000,0x0000000019c20000)]
  0x0000000018e66800 JavaThread "C1 CompilerThread3" daemon [_thread_blocked, id=22824, stack(0x0000000019a20000,0x0000000019b20000)]
=>0x0000000018e5d800 JavaThread "C2 CompilerThread2" daemon [_thread_in_native, id=21188, stack(0x0000000019920000,0x0000000019a20000)]
  0x0000000018e56000 JavaThread "C2 CompilerThread1" daemon [_thread_blocked, id=26328, stack(0x0000000019820000,0x0000000019920000)]
  0x0000000018e52000 JavaThread "C2 CompilerThread0" daemon [_thread_blocked, id=27640, stack(0x0000000019720000,0x0000000019820000)]
  0x0000000018e50800 JavaThread "Attach Listener" daemon [_thread_blocked, id=19860, stack(0x0000000019620000,0x0000000019720000)]
  0x0000000018e4e000 JavaThread "Signal Dispatcher" daemon [_thread_blocked, id=26664, stack(0x0000000019520000,0x0000000019620000)]
  0x0000000018e40800 JavaThread "Finalizer" daemon [_thread_blocked, id=6344, stack(0x0000000019320000,0x0000000019420000)]
  0x000000001702b800 JavaThread "Reference Handler" daemon [_thread_blocked, id=25028, stack(0x0000000019220000,0x0000000019320000)]
  0x0000000003172800 JavaThread "main" [_thread_blocked, id=28460, stack(0x0000000003070000,0x0000000003170000)]

Other Threads:
  0x0000000017026800 VMThread [stack: 0x0000000018d20000,0x0000000018e20000] [id=22608]
  0x0000000018eb6000 WatcherThread [stack: 0x0000000019c20000,0x0000000019d20000] [id=26660]

VM state:not at safepoint (normal execution)

VM Mutex/Monitor currently owned by a thread: None

heap address: 0x00000000a0000000, size: 1536 MB, Compressed Oops mode: 32-bit
Narrow klass base: 0x0000000000000000, Narrow klass shift: 3
Compressed class space size: 1073741824 Address: 0x0000000100000000

Heap:
 PSYoungGen      total 189952K, used 18654K [0x00000000e0000000, 0x00000000ef280000, 0x0000000100000000)
  eden space 155136K, 12% used [0x00000000e0000000,0x00000000e1237840,0x00000000e9780000)
  from space 34816K, 0% used [0x00000000e9b00000,0x00000000e9b00000,0x00000000ebd00000)
  to   space 46592K, 0% used [0x00000000ec500000,0x00000000ec500000,0x00000000ef280000)
 ParOldGen       total 227840K, used 75473K [0x00000000a0000000, 0x00000000ade80000, 0x00000000e0000000)
  object space 227840K, 33% used [0x00000000a0000000,0x00000000a49b47b0,0x00000000ade80000)
 Metaspace       used 95022K, capacity 99740K, committed 100376K, reserved 1136640K
  class space    used 12558K, capacity 13499K, committed 13608K, reserved 1048576K

Card table byte_map: [0x0000000012630000,0x0000000012940000] byte_map_base: 0x0000000012130000

Marking Bits: (ParMarkBitMap*) 0x000000005ce6f030
 Begin Bits: [0x0000000013340000, 0x0000000014b40000)
 End Bits:   [0x0000000014b40000, 0x0000000016340000)

Polling page: 0x00000000017a0000

CodeCache: size=245760Kb used=40494Kb max_used=40500Kb free=205265Kb
 bounds [0x0000000003270000, 0x0000000005a30000, 0x0000000012270000]
 total_blobs=13093 nmethods=12214 adapters=788
 compilation: enabled

Compilation events (10 events):
Event: 471.591 Thread 0x0000000018e66800 nmethod 14440 0x0000000005a23b10 code [0x0000000005a23ca0, 0x0000000005a24090]
Event: 471.591 Thread 0x0000000018e66800 14441       3       com.sun.tools.javac.util.ListBuffer::clear (23 bytes)
Event: 471.591 Thread 0x0000000018e66800 nmethod 14441 0x0000000005a23710 code [0x0000000005a23880, 0x0000000005a23a70]
Event: 471.591 Thread 0x0000000018e66800 14442       3       com.sun.tools.javac.util.ListBuffer::toList (10 bytes)
Event: 471.591 Thread 0x0000000018e66800 nmethod 14442 0x0000000005a233d0 code [0x0000000005a23520, 0x0000000005a23670]
Event: 471.591 Thread 0x0000000018e56000 nmethod 14439 0x0000000005a21c10 code [0x0000000005a21d40, 0x0000000005a21e18]
Event: 471.593 Thread 0x0000000018e66800 14443       3       com.sun.tools.javac.code.Type$ClassType::getTag (4 bytes)
Event: 471.593 Thread 0x0000000018e66800 nmethod 14443 0x0000000005a218d0 code [0x0000000005a21a20, 0x0000000005a21b70]
Event: 471.593 Thread 0x0000000018e66800 14444       1       com.sun.tools.javac.code.Type$MethodType::getParameterTypes (5 bytes)
Event: 471.593 Thread 0x0000000018e66800 nmethod 14444 0x0000000005a21610 code [0x0000000005a21760, 0x0000000005a21870]

GC Heap History (10 events):
Event: 42.372 GC heap before
{Heap before GC invocations=19 (full 3):
 PSYoungGen      total 180224K, used 180193K [0x00000000e0000000, 0x00000000eed00000, 0x0000000100000000)
  eden space 150528K, 100% used [0x00000000e0000000,0x00000000e9300000,0x00000000e9300000)
  from space 29696K, 99% used [0x00000000e9300000,0x00000000eaff84f0,0x00000000eb000000)
  to   space 37376K, 0% used [0x00000000ec880000,0x00000000ec880000,0x00000000eed00000)
 ParOldGen       total 227840K, used 54202K [0x00000000a0000000, 0x00000000ade80000, 0x00000000e0000000)
  object space 227840K, 23% used [0x00000000a0000000,0x00000000a34eebe8,0x00000000ade80000)
 Metaspace       used 85334K, capacity 89574K, committed 89752K, reserved 1126400K
  class space    used 11376K, capacity 12196K, committed 12200K, reserved 1048576K
Event: 42.399 GC heap after
Heap after GC invocations=19 (full 3):
 PSYoungGen      total 203264K, used 26997K [0x00000000e0000000, 0x00000000eef80000, 0x0000000100000000)
  eden space 165888K, 0% used [0x00000000e0000000,0x00000000e0000000,0x00000000ea200000)
  from space 37376K, 72% used [0x00000000ec880000,0x00000000ee2dd6e0,0x00000000eed00000)
  to   space 39424K, 0% used [0x00000000ea200000,0x00000000ea200000,0x00000000ec880000)
 ParOldGen       total 227840K, used 65206K [0x00000000a0000000, 0x00000000ade80000, 0x00000000e0000000)
  object space 227840K, 28% used [0x00000000a0000000,0x00000000a3fad840,0x00000000ade80000)
 Metaspace       used 85334K, capacity 89574K, committed 89752K, reserved 1126400K
  class space    used 11376K, capacity 12196K, committed 12200K, reserved 1048576K
}
Event: 454.861 GC heap before
{Heap before GC invocations=20 (full 3):
 PSYoungGen      total 203264K, used 192885K [0x00000000e0000000, 0x00000000eef80000, 0x0000000100000000)
  eden space 165888K, 100% used [0x00000000e0000000,0x00000000ea200000,0x00000000ea200000)
  from space 37376K, 72% used [0x00000000ec880000,0x00000000ee2dd6e0,0x00000000eed00000)
  to   space 39424K, 0% used [0x00000000ea200000,0x00000000ea200000,0x00000000ec880000)
 ParOldGen       total 227840K, used 65206K [0x00000000a0000000, 0x00000000ade80000, 0x00000000e0000000)
  object space 227840K, 28% used [0x00000000a0000000,0x00000000a3fad840,0x00000000ade80000)
 Metaspace       used 88718K, capacity 93334K, committed 93592K, reserved 1130496K
  class space    used 11758K, capacity 12664K, committed 12712K, reserved 1048576K
Event: 454.878 GC heap after
Heap after GC invocations=20 (full 3):
 PSYoungGen      total 192512K, used 29754K [0x00000000e0000000, 0x00000000ef080000, 0x0000000100000000)
  eden space 162304K, 0% used [0x00000000e0000000,0x00000000e0000000,0x00000000e9e80000)
  from space 30208K, 98% used [0x00000000ea200000,0x00000000ebf0e890,0x00000000ebf80000)
  to   space 41984K, 0% used [0x00000000ec780000,0x00000000ec780000,0x00000000ef080000)
 ParOldGen       total 227840K, used 65214K [0x00000000a0000000, 0x00000000ade80000, 0x00000000e0000000)
  object space 227840K, 28% used [0x00000000a0000000,0x00000000a3faf840,0x00000000ade80000)
 Metaspace       used 88718K, capacity 93334K, committed 93592K, reserved 1130496K
  class space    used 11758K, capacity 12664K, committed 12712K, reserved 1048576K
}
Event: 462.431 GC heap before
{Heap before GC invocations=21 (full 3):
 PSYoungGen      total 192512K, used 192058K [0x00000000e0000000, 0x00000000ef080000, 0x0000000100000000)
  eden space 162304K, 100% used [0x00000000e0000000,0x00000000e9e80000,0x00000000e9e80000)
  from space 30208K, 98% used [0x00000000ea200000,0x00000000ebf0e890,0x00000000ebf80000)
  to   space 41984K, 0% used [0x00000000ec780000,0x00000000ec780000,0x00000000ef080000)
 ParOldGen       total 227840K, used 65214K [0x00000000a0000000, 0x00000000ade80000, 0x00000000e0000000)
  object space 227840K, 28% used [0x00000000a0000000,0x00000000a3faf840,0x00000000ade80000)
 Metaspace       used 89194K, capacity 94004K, committed 94232K, reserved 1130496K
  class space    used 11794K, capacity 12722K, committed 12840K, reserved 1048576K
Event: 462.448 GC heap after
Heap after GC invocations=21 (full 3):
 PSYoungGen      total 200192K, used 29373K [0x00000000e0000000, 0x00000000ef000000, 0x0000000100000000)
  eden space 158720K, 0% used [0x00000000e0000000,0x00000000e0000000,0x00000000e9b00000)
  from space 41472K, 70% used [0x00000000ec780000,0x00000000ee42f718,0x00000000ef000000)
  to   space 43520K, 0% used [0x00000000e9b00000,0x00000000e9b00000,0x00000000ec580000)
 ParOldGen       total 227840K, used 65222K [0x00000000a0000000, 0x00000000ade80000, 0x00000000e0000000)
  object space 227840K, 28% used [0x00000000a0000000,0x00000000a3fb1840,0x00000000ade80000)
 Metaspace       used 89194K, capacity 94004K, committed 94232K, reserved 1130496K
  class space    used 11794K, capacity 12722K, committed 12840K, reserved 1048576K
}
Event: 471.166 GC heap before
{Heap before GC invocations=22 (full 3):
 PSYoungGen      total 200192K, used 93406K [0x00000000e0000000, 0x00000000ef000000, 0x0000000100000000)
  eden space 158720K, 40% used [0x00000000e0000000,0x00000000e3e88350,0x00000000e9b00000)
  from space 41472K, 70% used [0x00000000ec780000,0x00000000ee42f718,0x00000000ef000000)
  to   space 43520K, 0% used [0x00000000e9b00000,0x00000000e9b00000,0x00000000ec580000)
 ParOldGen       total 227840K, used 65222K [0x00000000a0000000, 0x00000000ade80000, 0x00000000e0000000)
  object space 227840K, 28% used [0x00000000a0000000,0x00000000a3fb1840,0x00000000ade80000)
 Metaspace       used 93352K, capacity 98336K, committed 98584K, reserved 1134592K
  class space    used 12398K, capacity 13345K, committed 13352K, reserved 1048576K
Event: 471.182 GC heap after
Heap after GC invocations=22 (full 3):
 PSYoungGen      total 189952K, used 34537K [0x00000000e0000000, 0x00000000ef280000, 0x0000000100000000)
  eden space 155136K, 0% used [0x00000000e0000000,0x00000000e0000000,0x00000000e9780000)
  from space 34816K, 99% used [0x00000000e9b00000,0x00000000ebcba638,0x00000000ebd00000)
  to   space 46592K, 0% used [0x00000000ec500000,0x00000000ec500000,0x00000000ef280000)
 ParOldGen       total 227840K, used 65230K [0x00000000a0000000, 0x00000000ade80000, 0x00000000e0000000)
  object space 227840K, 28% used [0x00000000a0000000,0x00000000a3fb3840,0x00000000ade80000)
 Metaspace       used 93352K, capacity 98336K, committed 98584K, reserved 1134592K
  class space    used 12398K, capacity 13345K, committed 13352K, reserved 1048576K
}
Event: 471.182 GC heap before
{Heap before GC invocations=23 (full 4):
 PSYoungGen      total 189952K, used 34537K [0x00000000e0000000, 0x00000000ef280000, 0x0000000100000000)
  eden space 155136K, 0% used [0x00000000e0000000,0x00000000e0000000,0x00000000e9780000)
  from space 34816K, 99% used [0x00000000e9b00000,0x00000000ebcba638,0x00000000ebd00000)
  to   space 46592K, 0% used [0x00000000ec500000,0x00000000ec500000,0x00000000ef280000)
 ParOldGen       total 227840K, used 65230K [0x00000000a0000000, 0x00000000ade80000, 0x00000000e0000000)
  object space 227840K, 28% used [0x00000000a0000000,0x00000000a3fb3840,0x00000000ade80000)
 Metaspace       used 93352K, capacity 98336K, committed 98584K, reserved 1134592K
  class space    used 12398K, capacity 13345K, committed 13352K, reserved 1048576K
Event: 471.394 GC heap after
Heap after GC invocations=23 (full 4):
 PSYoungGen      total 189952K, used 0K [0x00000000e0000000, 0x00000000ef280000, 0x0000000100000000)
  eden space 155136K, 0% used [0x00000000e0000000,0x00000000e0000000,0x00000000e9780000)
  from space 34816K, 0% used [0x00000000e9b00000,0x00000000e9b00000,0x00000000ebd00000)
  to   space 46592K, 0% used [0x00000000ec500000,0x00000000ec500000,0x00000000ef280000)
 ParOldGen       total 227840K, used 75473K [0x00000000a0000000, 0x00000000ade80000, 0x00000000e0000000)
  object space 227840K, 33% used [0x00000000a0000000,0x00000000a49b47b0,0x00000000ade80000)
 Metaspace       used 93228K, capacity 97972K, committed 98584K, reserved 1134592K
  class space    used 12357K, capacity 13273K, committed 13352K, reserved 1048576K
}

Deoptimization events (10 events):
Event: 471.462 Thread 0x00000000247d8800 Uncommon trap: reason=unstable_if action=reinterpret pc=0x000000000526c02c method=java.lang.CharacterDataLatin1.digit(II)I @ 60
Event: 471.464 Thread 0x00000000247d8800 Uncommon trap: reason=unstable_if action=reinterpret pc=0x00000000059bc78c method=java.util.RegularEnumSet.contains(Ljava/lang/Object;)Z @ 16
Event: 471.504 Thread 0x00000000247d8800 Uncommon trap: reason=unstable_if action=reinterpret pc=0x0000000003bf26cc method=java.lang.StringCoding$StringDecoder.decode([BII)[C @ 20
Event: 471.508 Thread 0x00000000247d8800 Uncommon trap: reason=unstable_if action=reinterpret pc=0x0000000005575274 method=java.util.EnumMap.isValidKey(Ljava/lang/Object;)Z @ 16
Event: 471.518 Thread 0x00000000247d8800 Uncommon trap: reason=unstable_if action=reinterpret pc=0x000000000466fc6c method=java.io.File.equals(Ljava/lang/Object;)Z @ 1
Event: 471.550 Thread 0x00000000247d8800 Uncommon trap: reason=predicate action=maybe_recompile pc=0x00000000059fb6d4 method=java.util.ComparableTimSort.binarySort([Ljava/lang/Object;III)V @ 37
Event: 471.559 Thread 0x00000000247d8800 Uncommon trap: reason=array_check action=maybe_recompile pc=0x0000000005a067b4 method=java.util.ComparableTimSort.binarySort([Ljava/lang/Object;III)V @ 215
Event: 471.560 Thread 0x00000000247d8800 Uncommon trap: reason=array_check action=maybe_recompile pc=0x0000000005a067b4 method=java.util.ComparableTimSort.binarySort([Ljava/lang/Object;III)V @ 215
Event: 471.562 Thread 0x00000000247d8800 Uncommon trap: reason=array_check action=maybe_recompile pc=0x0000000005a067b4 method=java.util.ComparableTimSort.binarySort([Ljava/lang/Object;III)V @ 215
Event: 471.562 Thread 0x00000000247d8800 Uncommon trap: reason=array_check action=maybe_recompile pc=0x0000000005a067b4 method=java.util.ComparableTimSort.binarySort([Ljava/lang/Object;III)V @ 215

Classes redefined (0 events):
No events

Internal exceptions (10 events):
Event: 470.883 Thread 0x00000000247d8800 Exception <a 'sun/nio/fs/WindowsException'> (0x00000000e1e6b0e8) thrown at [C:\src\AOSP-openjdk-git\hotspot\src\share\vm\prims\jni.cpp, line 710]
Event: 470.883 Thread 0x00000000247d8800 Exception <a 'sun/nio/fs/WindowsException'> (0x00000000e1e6bda8) thrown at [C:\src\AOSP-openjdk-git\hotspot\src\share\vm\prims\jni.cpp, line 710]
Event: 470.883 Thread 0x00000000247d8800 Exception <a 'sun/nio/fs/WindowsException'> (0x00000000e1e6cb08) thrown at [C:\src\AOSP-openjdk-git\hotspot\src\share\vm\prims\jni.cpp, line 710]
Event: 470.884 Thread 0x00000000247d8800 Exception <a 'sun/nio/fs/WindowsException'> (0x00000000e1e737c0) thrown at [C:\src\AOSP-openjdk-git\hotspot\src\share\vm\prims\jni.cpp, line 710]
Event: 470.885 Thread 0x00000000247d8800 Exception <a 'sun/nio/fs/WindowsException'> (0x00000000e1e77538) thrown at [C:\src\AOSP-openjdk-git\hotspot\src\share\vm\prims\jni.cpp, line 710]
Event: 470.885 Thread 0x00000000247d8800 Exception <a 'sun/nio/fs/WindowsException'> (0x00000000e1e782d8) thrown at [C:\src\AOSP-openjdk-git\hotspot\src\share\vm\prims\jni.cpp, line 710]
Event: 470.885 Thread 0x00000000247d8800 Exception <a 'sun/nio/fs/WindowsException'> (0x00000000e1e7a440) thrown at [C:\src\AOSP-openjdk-git\hotspot\src\share\vm\prims\jni.cpp, line 710]
Event: 470.885 Thread 0x00000000247d8800 Exception <a 'sun/nio/fs/WindowsException'> (0x00000000e1e7b150) thrown at [C:\src\AOSP-openjdk-git\hotspot\src\share\vm\prims\jni.cpp, line 710]
Event: 470.885 Thread 0x00000000247d8800 Exception <a 'sun/nio/fs/WindowsException'> (0x00000000e1e7bf00) thrown at [C:\src\AOSP-openjdk-git\hotspot\src\share\vm\prims\jni.cpp, line 710]
Event: 471.518 Thread 0x00000000247d8800 Implicit null exception at 0x000000000466f472 to 0x000000000466fc59

Events (10 events):
Event: 471.596 loading class com/sun/tools/javac/util/Bits
Event: 471.596 loading class com/sun/tools/javac/util/Bits done
Event: 471.596 loading class com/sun/tools/javac/util/Bits$BitsState
Event: 471.596 loading class com/sun/tools/javac/util/Bits$BitsState done
Event: 471.596 loading class com/sun/tools/javac/util/Bits$1
Event: 471.596 loading class com/sun/tools/javac/util/Bits$1 done
Event: 471.597 loading class com/sun/tools/javac/comp/Flow$FlowAnalyzer
Event: 471.597 loading class com/sun/tools/javac/comp/Flow$FlowAnalyzer done
Event: 471.597 loading class com/sun/tools/javac/comp/Flow$FlowAnalyzer$FlowPendingExit
Event: 471.597 loading class com/sun/tools/javac/comp/Flow$FlowAnalyzer$FlowPendingExit done


Dynamic libraries:
0x00007ff6eb150000 - 0x00007ff6eb181000 	C:\Program Files\Android\Android Studio\jre\bin\java.exe
0x00007ff9d8420000 - 0x00007ff9d8610000 	C:\WINDOWS\SYSTEM32\ntdll.dll
0x00007ff9d7900000 - 0x00007ff9d79b2000 	C:\WINDOWS\System32\KERNEL32.DLL
0x00007ff9d5760000 - 0x00007ff9d5a05000 	C:\WINDOWS\System32\KERNELBASE.dll
0x00007ff9d72b0000 - 0x00007ff9d7353000 	C:\WINDOWS\System32\ADVAPI32.dll
0x00007ff9d7a20000 - 0x00007ff9d7abe000 	C:\WINDOWS\System32\msvcrt.dll
0x00007ff9d6e20000 - 0x00007ff9d6eb7000 	C:\WINDOWS\System32\sechost.dll
0x00007ff9d6a40000 - 0x00007ff9d6b5f000 	C:\WINDOWS\System32\RPCRT4.dll
0x00007ff9d81b0000 - 0x00007ff9d8344000 	C:\WINDOWS\System32\USER32.dll
0x00007ff9d6360000 - 0x00007ff9d6381000 	C:\WINDOWS\System32\win32u.dll
0x00007ff9d83b0000 - 0x00007ff9d83d6000 	C:\WINDOWS\System32\GDI32.dll
0x00007ff9d5560000 - 0x00007ff9d56f8000 	C:\WINDOWS\System32\gdi32full.dll
0x00007ff9d62c0000 - 0x00007ff9d635e000 	C:\WINDOWS\System32\msvcp_win.dll
0x00007ff9d5a40000 - 0x00007ff9d5b3a000 	C:\WINDOWS\System32\ucrtbase.dll
0x00007ff9c3f00000 - 0x00007ff9c4184000 	C:\WINDOWS\WinSxS\amd64_microsoft.windows.common-controls_6595b64144ccf1df_6.0.18362.1440_none_9e7dbfb9e45e8e67\COMCTL32.dll
0x00007ff9d6590000 - 0x00007ff9d68c6000 	C:\WINDOWS\System32\combase.dll
0x00007ff9d6390000 - 0x00007ff9d6411000 	C:\WINDOWS\System32\bcryptPrimitives.dll
0x00007ff9d69a0000 - 0x00007ff9d69ce000 	C:\WINDOWS\System32\IMM32.DLL
0x000000005c4e0000 - 0x000000005c5b2000 	C:\Program Files\Android\Android Studio\jre\jre\bin\msvcr100.dll
0x000000005c6a0000 - 0x000000005ceeb000 	C:\Program Files\Android\Android Studio\jre\jre\bin\server\jvm.dll
0x00007ff9d6d10000 - 0x00007ff9d6d18000 	C:\WINDOWS\System32\PSAPI.DLL
0x00007ff9d0a90000 - 0x00007ff9d0a9a000 	C:\WINDOWS\SYSTEM32\VERSION.dll
0x00007ff9c7be0000 - 0x00007ff9c7be9000 	C:\WINDOWS\SYSTEM32\WSOCK32.dll
0x00007ff9cc7d0000 - 0x00007ff9cc7f4000 	C:\WINDOWS\SYSTEM32\WINMM.dll
0x00007ff9d6ec0000 - 0x00007ff9d6f2f000 	C:\WINDOWS\System32\WS2_32.dll
0x00007ff9cc750000 - 0x00007ff9cc77d000 	C:\WINDOWS\SYSTEM32\winmmbase.dll
0x00007ff9d5510000 - 0x00007ff9d555a000 	C:\WINDOWS\System32\cfgmgr32.dll
0x00007ff9d0bb0000 - 0x00007ff9d0bbf000 	C:\Program Files\Android\Android Studio\jre\jre\bin\verify.dll
0x00007ff9cff20000 - 0x00007ff9cff49000 	C:\Program Files\Android\Android Studio\jre\jre\bin\java.dll
0x00007ff9d02d0000 - 0x00007ff9d02e6000 	C:\Program Files\Android\Android Studio\jre\jre\bin\zip.dll
0x00007ff9d7ac0000 - 0x00007ff9d81a8000 	C:\WINDOWS\System32\SHELL32.dll
0x00007ff9d7830000 - 0x00007ff9d78d7000 	C:\WINDOWS\System32\shcore.dll
0x00007ff9d5b40000 - 0x00007ff9d62bb000 	C:\WINDOWS\System32\windows.storage.dll
0x00007ff9d5350000 - 0x00007ff9d536e000 	C:\WINDOWS\System32\profapi.dll
0x00007ff9d5300000 - 0x00007ff9d534a000 	C:\WINDOWS\System32\powrprof.dll
0x00007ff9d52d0000 - 0x00007ff9d52e0000 	C:\WINDOWS\System32\UMPDC.dll
0x00007ff9d79c0000 - 0x00007ff9d7a12000 	C:\WINDOWS\System32\shlwapi.dll
0x00007ff9d5370000 - 0x00007ff9d5381000 	C:\WINDOWS\System32\kernel.appcore.dll
0x00007ff9d54f0000 - 0x00007ff9d5507000 	C:\WINDOWS\System32\cryptsp.dll
0x00007ff9cfe00000 - 0x00007ff9cfe1a000 	C:\Program Files\Android\Android Studio\jre\jre\bin\net.dll
0x00007ff9d4ab0000 - 0x00007ff9d4b17000 	C:\WINDOWS\system32\mswsock.dll
0x00007ff9cfcc0000 - 0x00007ff9cfcd3000 	C:\Program Files\Android\Android Studio\jre\jre\bin\nio.dll
0x00007ff9ce840000 - 0x00007ff9ce866000 	C:\Users\cadla_authorized_use\.gradle\native\31\windows-amd64\native-platform.dll
0x00007ff9cfdf0000 - 0x00007ff9cfdfd000 	C:\Program Files\Android\Android Studio\jre\jre\bin\management.dll
0x00007ff9d4630000 - 0x00007ff9d4663000 	C:\WINDOWS\system32\rsaenh.dll
0x00007ff9d5a10000 - 0x00007ff9d5a36000 	C:\WINDOWS\System32\bcrypt.dll
0x00007ff9d51f0000 - 0x00007ff9d5215000 	C:\WINDOWS\SYSTEM32\USERENV.dll
0x00007ff9d4ce0000 - 0x00007ff9d4cec000 	C:\WINDOWS\SYSTEM32\CRYPTBASE.dll
0x00007ff9d47c0000 - 0x00007ff9d47fa000 	C:\WINDOWS\SYSTEM32\IPHLPAPI.DLL
0x00007ff9d72a0000 - 0x00007ff9d72a8000 	C:\WINDOWS\System32\NSI.dll
0x00007ff9ccd90000 - 0x00007ff9ccda6000 	C:\WINDOWS\SYSTEM32\dhcpcsvc6.DLL
0x00007ff9ccd70000 - 0x00007ff9ccd8c000 	C:\WINDOWS\SYSTEM32\dhcpcsvc.DLL
0x00007ff9d4800000 - 0x00007ff9d48cb000 	C:\WINDOWS\SYSTEM32\DNSAPI.dll
0x00007ff9d42f0000 - 0x00007ff9d4321000 	C:\WINDOWS\SYSTEM32\ntmarta.dll
0x00007ff9c1730000 - 0x00007ff9c174e000 	C:\Users\cadla_authorized_use\AppData\Local\Temp\native-platform6737134356901374994dir\native-platform.dll

VM Arguments:
jvm_args: -Xmx1536m -Dfile.encoding=windows-1252 -Duser.country=US -Duser.language=en -Duser.variant 
java_command: org.gradle.launcher.daemon.bootstrap.GradleDaemon 6.1.1
java_class_path (initial): C:\Users\cadla_authorized_use\.gradle\wrapper\dists\gradle-6.1.1-all\cfmwm155h49vnt3hynmlrsdst\gradle-6.1.1\lib\gradle-launcher-6.1.1.jar
Launcher Type: SUN_STANDARD

Environment Variables:
PATH=C:\ProgramData\Oracle\Java\javapath;C:\Program Files (x86)\Common Files\Oracle\Java\javapath;C:\Users\cadla_authorized_use\Documents\mongodb-shell-windows-x86_64-4.4.3\mongodb-win32-x86_64-windows-4.4.3\bin;C:\Python39\;C:\WINDOWS\system32;C:\WINDOWS;C:\WINDOWS\System32\Wbem;C:\WINDOWS\System32\WindowsPowerShell\v1.0\;C:\WINDOWS\System32\OpenSSH\;C:\Program Files\Intel\WiFi\bin\;C:\Program Files\Common Files\Intel\WirelessCommon\;C:\Program Files\Java\jdk1.8.0_162\bin;C:\Users\cadla_authorized_use\AppData\Local\Android\Sdk\platform-tools;C:\OpenSSL\include\openssl;C:\Program Files\Git\cmd;C:\Program Files\nodejs\;C:\Program Files (x86)\Yarn\bin\;C:\ProgramData\chocolatey\bin;C:\Users\cadla_authorized_use\Documents\flutter\bin;C:\Users\cadla_authorized_use\scoop\shims;C:\Users\cadla_authorized_use\AppData\Local\Microsoft\WindowsApps;C:\Users\cadla_authorized_use\AppData\Local\atom\bin;C:\Program Files\PostgreSQL\13\bin;C:\Users\cadla_authorized_use\AppData\Roaming\npm;C:\Users\cadla_authorized_use\AppData\Local\Yarn\bin;C:\Users\cadla_authorized_use\AppData\Local\Programs\Microsoft VS Code\bin
USERNAME=cadla_authorized_use
OS=Windows_NT
PROCESSOR_IDENTIFIER=Intel64 Family 6 Model 142 Stepping 10, GenuineIntel



---------------  S Y S T E M  ---------------

OS: Windows 10.0 , 64 bit Build 18362 (10.0.18362.1350)

CPU:total 8 (initial active 8) (4 cores per cpu, 2 threads per core) family 6 model 142 stepping 10, cmov, cx8, fxsr, mmx, sse, sse2, sse3, ssse3, sse4.1, sse4.2, popcnt, avx, avx2, aes, clmul, erms, 3dnowpref, lzcnt, ht, tsc, tscinvbit, bmi1, bmi2, adx

Memory: 4k page, physical 12463124k(930004k free), swap 34477584k(5520k free)

vm_info: OpenJDK 64-Bit Server VM (25.242-b01) for windows-amd64 JRE (1.8.0_242-release-1644-b01), built by "builder" with MS VC++ 10.0 (VS2010)

time: Mon Mar 22 23:58:03 2021
timezone: India Standard Time
elapsed time: 471 seconds (0d 0h 7m 51s)

