#
# There is insufficient memory for the Java Runtime Environment to continue.
# Native memory allocation (malloc) failed to allocate 131088 bytes for Chunk::new
# Possible reasons:
#   The system is out of physical RAM or swap space
#   The process is running with CompressedOops enabled, and the Java Heap may be blocking the growth of the native heap
# Possible solutions:
#   Reduce memory load on the system
#   Increase physical memory or swap space
#   Check if swap backing store is full
#   Decrease Java heap size (-Xmx/-Xms)
#   Decrease number of Java threads
#   Decrease Java thread stack sizes (-Xss)
#   Set larger code cache with -XX:ReservedCodeCacheSize=
#   JVM is running with Unscaled Compressed Oops mode in which the Java heap is
#     placed in the first 4GB address space. The Java Heap base address is the
#     maximum limit for the native heap growth. Please use -XX:HeapBaseMinAddress
#     to set the Java Heap base and to place the Java Heap above 4GB virtual address.
# This output file may be truncated or incomplete.
#
#  Out of Memory Error (allocation.cpp:389), pid=14116, tid=0x00000000000066f4
#
# JRE version: OpenJDK Runtime Environment (8.0_242-b01) (build 1.8.0_242-release-1644-b01)
# Java VM: OpenJDK 64-Bit Server VM (25.242-b01 mixed mode windows-amd64 compressed oops)
# Failed to write core dump. Minidumps are not enabled by default on client versions of Windows
#

---------------  T H R E A D  ---------------

Current thread (0x0000000018c08000):  JavaThread "C2 CompilerThread2" daemon [_thread_in_native, id=26356, stack(0x00000000196d0000,0x00000000197d0000)]

Stack: [0x00000000196d0000,0x00000000197d0000]
[error occurred during error reporting (printing stack bounds), id 0xc0000005]

Native frames: (J=compiled Java code, j=interpreted, Vv=VM code, C=native code)


Current CompileTask:
C2:   8032 5596 %     4       org.gradle.internal.instantiation.generator.AbstractClassGenerator::inspectType @ 77 (559 bytes)


---------------  P R O C E S S  ---------------

Java Threads: ( => current thread )
  0x000000001ddde000 JavaThread "Cache worker for file content cache (C:\Users\cadla_authorized_use\AndroidStudioProjects\durianMoney\contentstack-android-ecommerce-app\.gradle\6.1.1\fileContent)" [_thread_blocked, id=32196, stack(0x0000000024e50000,0x0000000024f50000)]
  0x000000001dddd000 JavaThread "Cache worker for file content cache (C:\Users\cadla_authorized_use\.gradle\caches\6.1.1\fileContent)" [_thread_blocked, id=26076, stack(0x0000000024d50000,0x0000000024e50000)]
  0x000000001dddc800 JavaThread "Memory manager" [_thread_blocked, id=30056, stack(0x0000000024a40000,0x0000000024b40000)]
  0x000000001dddb800 JavaThread "Cache worker for Build Output Cleanup Cache (C:\Users\cadla_authorized_use\AndroidStudioProjects\durianMoney\contentstack-android-ecommerce-app\.gradle\buildOutputCleanup)" [_thread_blocked, id=25976, stack(0x00000000223f0000,0x00000000224f0000)]
  0x000000001ddd2000 JavaThread "Build operations Thread 8" [_thread_blocked, id=24328, stack(0x0000000023b40000,0x0000000023c40000)]
  0x000000001ddd6800 JavaThread "Build operations Thread 7" [_thread_blocked, id=5260, stack(0x0000000023a40000,0x0000000023b40000)]
  0x000000001ddd8800 JavaThread "Build operations Thread 6" [_thread_blocked, id=30300, stack(0x0000000023940000,0x0000000023a40000)]
  0x000000001ddd3800 JavaThread "Build operations Thread 5" [_thread_blocked, id=12680, stack(0x0000000023840000,0x0000000023940000)]
  0x000000001ddd2800 JavaThread "Build operations Thread 4" [_thread_blocked, id=32696, stack(0x0000000023740000,0x0000000023840000)]
  0x000000001ddd8000 JavaThread "Build operations Thread 3" [_thread_blocked, id=11208, stack(0x0000000023640000,0x0000000023740000)]
  0x000000001ddd5800 JavaThread "Build operations Thread 2" [_thread_blocked, id=12176, stack(0x0000000023540000,0x0000000023640000)]
  0x000000001ddd5000 JavaThread "Build operations" [_thread_blocked, id=24748, stack(0x00000000220e0000,0x00000000221e0000)]
  0x000000001ba23000 JavaThread "Cache worker for execution history cache (C:\Users\cadla_authorized_use\.gradle\caches\6.1.1\executionHistory)" [_thread_blocked, id=9640, stack(0x00000000212f0000,0x00000000213f0000)]
  0x000000001ba27800 JavaThread "Cache worker for cache directory md-rule (C:\Users\cadla_authorized_use\.gradle\caches\6.1.1\md-rule)" [_thread_blocked, id=1368, stack(0x000000001ffc0000,0x00000000200c0000)]
  0x000000001ba27000 JavaThread "Cache worker for cache directory md-supplier (C:\Users\cadla_authorized_use\.gradle\caches\6.1.1\md-supplier)" [_thread_blocked, id=27948, stack(0x000000001fec0000,0x000000001ffc0000)]
  0x000000001ba26000 JavaThread "Cache worker for file hash cache (C:\Users\cadla_authorized_use\AndroidStudioProjects\durianMoney\contentstack-android-ecommerce-app\.gradle\6.1.1\fileHashes)" [_thread_blocked, id=1452, stack(0x00000000211f0000,0x00000000212f0000)]
  0x000000001ba24800 JavaThread "Cache worker for checksums cache (C:\Users\cadla_authorized_use\AndroidStudioProjects\durianMoney\contentstack-android-ecommerce-app\.gradle\checksums)" [_thread_blocked, id=1296, stack(0x0000000020120000,0x0000000020220000)]
  0x000000001ba2a000 JavaThread "Cache worker for file hash cache (C:\Users\cadla_authorized_use\.gradle\caches\6.1.1\fileHashes)" [_thread_blocked, id=20900, stack(0x000000001da20000,0x000000001db20000)]
  0x000000001ba25800 JavaThread "File lock request listener" [_thread_in_native, id=30984, stack(0x000000001d920000,0x000000001da20000)]
  0x0000000018d24800 JavaThread "Cache worker for journal cache (C:\Users\cadla_authorized_use\.gradle\caches\journal-1)" [_thread_blocked, id=31696, stack(0x000000001d820000,0x000000001d920000)]
  0x0000000019d29800 JavaThread "Thread-9" [_thread_blocked, id=30844, stack(0x000000001d520000,0x000000001d620000)]
  0x0000000019bb5000 JavaThread "Stdin handler" [_thread_blocked, id=30896, stack(0x000000001d420000,0x000000001d520000)]
  0x0000000018d26000 JavaThread "Asynchronous log dispatcher for DefaultDaemonConnection: socket connection from /127.0.0.1:53926 to /127.0.0.1:53927" [_thread_blocked, id=9132, stack(0x000000001d220000,0x000000001d320000)]
  0x0000000019bb4000 JavaThread "Daemon worker" [_thread_in_Java, id=23260, stack(0x000000001d120000,0x000000001d220000)]
  0x0000000019ba7000 JavaThread "Cancel handler" [_thread_blocked, id=19092, stack(0x000000001d020000,0x000000001d120000)]
  0x0000000019b6b800 JavaThread "Handler for socket connection from /127.0.0.1:53926 to /127.0.0.1:53927" [_thread_in_native, id=14980, stack(0x000000001cd20000,0x000000001ce20000)]
  0x0000000019b11800 JavaThread "Daemon" [_thread_blocked, id=32440, stack(0x000000001cc20000,0x000000001cd20000)]
  0x000000001ba10800 JavaThread "Daemon periodic checks" [_thread_blocked, id=25536, stack(0x000000001cb20000,0x000000001cc20000)]
  0x000000001b9b1000 JavaThread "Incoming local TCP Connector on port 53926" [_thread_in_native, id=22184, stack(0x000000001c8e0000,0x000000001c9e0000)]
  0x000000001b8f3000 JavaThread "Daemon health stats" [_thread_blocked, id=32032, stack(0x000000001b2a0000,0x000000001b3a0000)]
  0x0000000018c99800 JavaThread "Service Thread" daemon [_thread_blocked, id=17504, stack(0x00000000198d0000,0x00000000199d0000)]
  0x0000000018c15000 JavaThread "C1 CompilerThread3" daemon [_thread_in_native, id=19248, stack(0x00000000197d0000,0x00000000198d0000)]
=>0x0000000018c08000 JavaThread "C2 CompilerThread2" daemon [_thread_in_native, id=26356, stack(0x00000000196d0000,0x00000000197d0000)]
  0x0000000018c05000 JavaThread "C2 CompilerThread1" daemon [_thread_in_native, id=13188, stack(0x00000000195d0000,0x00000000196d0000)]
  0x0000000018c01000 JavaThread "C2 CompilerThread0" daemon [_thread_in_native, id=1432, stack(0x00000000194d0000,0x00000000195d0000)]
  0x0000000018bff800 JavaThread "Attach Listener" daemon [_thread_blocked, id=6896, stack(0x00000000193d0000,0x00000000194d0000)]
  0x0000000016dfe800 JavaThread "Signal Dispatcher" daemon [_thread_blocked, id=5252, stack(0x00000000192d0000,0x00000000193d0000)]
  0x0000000018bf0800 JavaThread "Finalizer" daemon [_thread_blocked, id=29752, stack(0x00000000190d0000,0x00000000191d0000)]
  0x0000000003027000 JavaThread "Reference Handler" daemon [_thread_blocked, id=31728, stack(0x0000000018fd0000,0x00000000190d0000)]
  0x0000000002f32800 JavaThread "main" [_thread_blocked, id=6072, stack(0x0000000002e10000,0x0000000002f10000)]

Other Threads:
  0x0000000016de6800 VMThread [stack: 0x0000000018ad0000,0x0000000018bd0000] [id=9492]
  0x0000000018c22000 WatcherThread [stack: 0x00000000199d0000,0x0000000019ad0000] [id=30784]

VM state:not at safepoint (normal execution)

VM Mutex/Monitor currently owned by a thread: None

heap address: 0x00000000a0000000, size: 1536 MB, Compressed Oops mode: 32-bit
Narrow klass base: 0x0000000000000000, Narrow klass shift: 3
Compressed class space size: 1073741824 Address: 0x0000000100000000

Heap:
 PSYoungGen      total 181760K, used 72661K [0x00000000e0000000, 0x00000000ef780000, 0x0000000100000000)
  eden space 159744K, 45% used [0x00000000e0000000,0x00000000e46f55b8,0x00000000e9c00000)
  from space 22016K, 0% used [0x00000000e9c00000,0x00000000e9c00000,0x00000000eb180000)
  to   space 22528K, 0% used [0x00000000ee180000,0x00000000ee180000,0x00000000ef780000)
 ParOldGen       total 123904K, used 35144K [0x00000000a0000000, 0x00000000a7900000, 0x00000000e0000000)
  object space 123904K, 28% used [0x00000000a0000000,0x00000000a22522f0,0x00000000a7900000)
 Metaspace       used 60762K, capacity 63092K, committed 63128K, reserved 1103872K
  class space    used 8309K, capacity 8858K, committed 8880K, reserved 1048576K

Card table byte_map: [0x00000000123f0000,0x0000000012700000] byte_map_base: 0x0000000011ef0000

Marking Bits: (ParMarkBitMap*) 0x000000005ce6f030
 Begin Bits: [0x0000000013100000, 0x0000000014900000)
 End Bits:   [0x0000000014900000, 0x0000000016100000)

Polling page: 0x0000000001060000

CodeCache: size=245760Kb used=18941Kb max_used=19113Kb free=226818Kb
 bounds [0x0000000003030000, 0x00000000042f0000, 0x0000000012030000]
 total_blobs=6604 nmethods=5823 adapters=693
 compilation: enabled

Compilation events (10 events):
Event: 8.030 Thread 0x0000000018c15000 nmethod 6543 0x000000000345e0d0 code [0x000000000345e260, 0x000000000345e5d0]
Event: 8.030 Thread 0x0000000018c15000 6540       3       org.gradle.execution.plan.DefaultExecutionPlan$NodeInVisitingSegment::<init> (15 bytes)
Event: 8.030 Thread 0x0000000018c15000 nmethod 6540 0x00000000035906d0 code [0x0000000003590820, 0x00000000035909f0]
Event: 8.030 Thread 0x0000000018c15000 6541       3       java.util.TreeMap$NavigableSubMap$DescendingSubMapKeyIterator::next (8 bytes)
Event: 8.030 Thread 0x0000000018c15000 nmethod 6541 0x0000000003590210 code [0x0000000003590380, 0x0000000003590588]
Event: 8.030 Thread 0x0000000018c15000 6529       1       org.gradle.execution.plan.Node::getMutationInfo (5 bytes)
Event: 8.031 Thread 0x0000000018c15000 nmethod 6529 0x00000000033f7450 code [0x00000000033f75a0, 0x00000000033f76b0]
Event: 8.031 Thread 0x0000000018c15000 6542       3       java.util.TreeMap$NavigableSubMap$SubMapIterator::prevEntry (68 bytes)
Event: 8.031 Thread 0x0000000018c15000 nmethod 6542 0x0000000003f74690 code [0x0000000003f74840, 0x0000000003f74c68]
Event: 8.031 Thread 0x0000000018c15000 6550       3       java.util.TreeMap::getLastEntry (26 bytes)

GC Heap History (10 events):
Event: 3.719 GC heap before
{Heap before GC invocations=10 (full 2):
 PSYoungGen      total 150528K, used 9651K [0x00000000e0000000, 0x00000000eb080000, 0x0000000100000000)
  eden space 137728K, 0% used [0x00000000e0000000,0x00000000e0000000,0x00000000e8680000)
  from space 12800K, 75% used [0x00000000e9300000,0x00000000e9c6ccd0,0x00000000e9f80000)
  to   space 12800K, 0% used [0x00000000e8680000,0x00000000e8680000,0x00000000e9300000)
 ParOldGen       total 74752K, used 8060K [0x00000000a0000000, 0x00000000a4900000, 0x00000000e0000000)
  object space 74752K, 10% used [0x00000000a0000000,0x00000000a07df3b8,0x00000000a4900000)
 Metaspace       used 34562K, capacity 35472K, committed 35496K, reserved 1079296K
  class space    used 4745K, capacity 5040K, committed 5040K, reserved 1048576K
Event: 3.816 GC heap after
Heap after GC invocations=10 (full 2):
 PSYoungGen      total 150528K, used 0K [0x00000000e0000000, 0x00000000eb080000, 0x0000000100000000)
  eden space 137728K, 0% used [0x00000000e0000000,0x00000000e0000000,0x00000000e8680000)
  from space 12800K, 0% used [0x00000000e9300000,0x00000000e9300000,0x00000000e9f80000)
  to   space 12800K, 0% used [0x00000000e8680000,0x00000000e8680000,0x00000000e9300000)
 ParOldGen       total 123904K, used 16275K [0x00000000a0000000, 0x00000000a7900000, 0x00000000e0000000)
  object space 123904K, 13% used [0x00000000a0000000,0x00000000a0fe4f60,0x00000000a7900000)
 Metaspace       used 34562K, capacity 35472K, committed 35496K, reserved 1079296K
  class space    used 4745K, capacity 5040K, committed 5040K, reserved 1048576K
}
Event: 5.393 GC heap before
{Heap before GC invocations=11 (full 2):
 PSYoungGen      total 150528K, used 137728K [0x00000000e0000000, 0x00000000eb080000, 0x0000000100000000)
  eden space 137728K, 100% used [0x00000000e0000000,0x00000000e8680000,0x00000000e8680000)
  from space 12800K, 0% used [0x00000000e9300000,0x00000000e9300000,0x00000000e9f80000)
  to   space 12800K, 0% used [0x00000000e8680000,0x00000000e8680000,0x00000000e9300000)
 ParOldGen       total 123904K, used 16275K [0x00000000a0000000, 0x00000000a7900000, 0x00000000e0000000)
  object space 123904K, 13% used [0x00000000a0000000,0x00000000a0fe4f60,0x00000000a7900000)
 Metaspace       used 44915K, capacity 46488K, committed 46640K, reserved 1089536K
  class space    used 6076K, capacity 6437K, committed 6448K, reserved 1048576K
Event: 5.413 GC heap after
Heap after GC invocations=11 (full 2):
 PSYoungGen      total 150528K, used 12779K [0x00000000e0000000, 0x00000000ec180000, 0x0000000100000000)
  eden space 137728K, 0% used [0x00000000e0000000,0x00000000e0000000,0x00000000e8680000)
  from space 12800K, 99% used [0x00000000e8680000,0x00000000e92fadb0,0x00000000e9300000)
  to   space 16384K, 0% used [0x00000000eb180000,0x00000000eb180000,0x00000000ec180000)
 ParOldGen       total 123904K, used 20909K [0x00000000a0000000, 0x00000000a7900000, 0x00000000e0000000)
  object space 123904K, 16% used [0x00000000a0000000,0x00000000a146b740,0x00000000a7900000)
 Metaspace       used 44915K, capacity 46488K, committed 46640K, reserved 1089536K
  class space    used 6076K, capacity 6437K, committed 6448K, reserved 1048576K
}
Event: 6.903 GC heap before
{Heap before GC invocations=12 (full 2):
 PSYoungGen      total 150528K, used 150507K [0x00000000e0000000, 0x00000000ec180000, 0x0000000100000000)
  eden space 137728K, 100% used [0x00000000e0000000,0x00000000e8680000,0x00000000e8680000)
  from space 12800K, 99% used [0x00000000e8680000,0x00000000e92fadb0,0x00000000e9300000)
  to   space 16384K, 0% used [0x00000000eb180000,0x00000000eb180000,0x00000000ec180000)
 ParOldGen       total 123904K, used 20909K [0x00000000a0000000, 0x00000000a7900000, 0x00000000e0000000)
  object space 123904K, 16% used [0x00000000a0000000,0x00000000a146b740,0x00000000a7900000)
 Metaspace       used 55939K, capacity 58000K, committed 58288K, reserved 1099776K
  class space    used 7584K, capacity 8062K, committed 8112K, reserved 1048576K
Event: 6.936 GC heap after
Heap after GC invocations=12 (full 2):
 PSYoungGen      total 176128K, used 16356K [0x00000000e0000000, 0x00000000ecd00000, 0x0000000100000000)
  eden space 159744K, 0% used [0x00000000e0000000,0x00000000e0000000,0x00000000e9c00000)
  from space 16384K, 99% used [0x00000000eb180000,0x00000000ec179310,0x00000000ec180000)
  to   space 22016K, 0% used [0x00000000e9c00000,0x00000000e9c00000,0x00000000eb180000)
 ParOldGen       total 123904K, used 31194K [0x00000000a0000000, 0x00000000a7900000, 0x00000000e0000000)
  object space 123904K, 25% used [0x00000000a0000000,0x00000000a1e76818,0x00000000a7900000)
 Metaspace       used 55939K, capacity 58000K, committed 58288K, reserved 1099776K
  class space    used 7584K, capacity 8062K, committed 8112K, reserved 1048576K
}
Event: 7.055 GC heap before
{Heap before GC invocations=13 (full 2):
 PSYoungGen      total 176128K, used 36144K [0x00000000e0000000, 0x00000000ecd00000, 0x0000000100000000)
  eden space 159744K, 12% used [0x00000000e0000000,0x00000000e1352f88,0x00000000e9c00000)
  from space 16384K, 99% used [0x00000000eb180000,0x00000000ec179310,0x00000000ec180000)
  to   space 22016K, 0% used [0x00000000e9c00000,0x00000000e9c00000,0x00000000eb180000)
 ParOldGen       total 123904K, used 31194K [0x00000000a0000000, 0x00000000a7900000, 0x00000000e0000000)
  object space 123904K, 25% used [0x00000000a0000000,0x00000000a1e76818,0x00000000a7900000)
 Metaspace       used 57015K, capacity 59112K, committed 59160K, reserved 1099776K
  class space    used 7744K, capacity 8232K, committed 8240K, reserved 1048576K
Event: 7.068 GC heap after
Heap after GC invocations=13 (full 2):
 PSYoungGen      total 181760K, used 1561K [0x00000000e0000000, 0x00000000ef780000, 0x0000000100000000)
  eden space 159744K, 0% used [0x00000000e0000000,0x00000000e0000000,0x00000000e9c00000)
  from space 22016K, 7% used [0x00000000e9c00000,0x00000000e9d86758,0x00000000eb180000)
  to   space 22528K, 0% used [0x00000000ee180000,0x00000000ee180000,0x00000000ef780000)
 ParOldGen       total 123904K, used 47524K [0x00000000a0000000, 0x00000000a7900000, 0x00000000e0000000)
  object space 123904K, 38% used [0x00000000a0000000,0x00000000a2e692b8,0x00000000a7900000)
 Metaspace       used 57015K, capacity 59112K, committed 59160K, reserved 1099776K
  class space    used 7744K, capacity 8232K, committed 8240K, reserved 1048576K
}
Event: 7.068 GC heap before
{Heap before GC invocations=14 (full 3):
 PSYoungGen      total 181760K, used 1561K [0x00000000e0000000, 0x00000000ef780000, 0x0000000100000000)
  eden space 159744K, 0% used [0x00000000e0000000,0x00000000e0000000,0x00000000e9c00000)
  from space 22016K, 7% used [0x00000000e9c00000,0x00000000e9d86758,0x00000000eb180000)
  to   space 22528K, 0% used [0x00000000ee180000,0x00000000ee180000,0x00000000ef780000)
 ParOldGen       total 123904K, used 47524K [0x00000000a0000000, 0x00000000a7900000, 0x00000000e0000000)
  object space 123904K, 38% used [0x00000000a0000000,0x00000000a2e692b8,0x00000000a7900000)
 Metaspace       used 57015K, capacity 59112K, committed 59160K, reserved 1099776K
  class space    used 7744K, capacity 8232K, committed 8240K, reserved 1048576K
Event: 7.286 GC heap after
Heap after GC invocations=14 (full 3):
 PSYoungGen      total 181760K, used 0K [0x00000000e0000000, 0x00000000ef780000, 0x0000000100000000)
  eden space 159744K, 0% used [0x00000000e0000000,0x00000000e0000000,0x00000000e9c00000)
  from space 22016K, 0% used [0x00000000e9c00000,0x00000000e9c00000,0x00000000eb180000)
  to   space 22528K, 0% used [0x00000000ee180000,0x00000000ee180000,0x00000000ef780000)
 ParOldGen       total 123904K, used 35144K [0x00000000a0000000, 0x00000000a7900000, 0x00000000e0000000)
  object space 123904K, 28% used [0x00000000a0000000,0x00000000a22522f0,0x00000000a7900000)
 Metaspace       used 56982K, capacity 58998K, committed 59160K, reserved 1099776K
  class space    used 7734K, capacity 8213K, committed 8240K, reserved 1048576K
}

Deoptimization events (10 events):
Event: 7.474 Thread 0x0000000019bb4000 Uncommon trap: reason=unstable_if action=reinterpret pc=0x00000000035dc168 method=java.util.regex.Pattern$BmpCharProperty.match(Ljava/util/regex/Matcher;ILjava/lang/CharSequence;)Z @ 34
Event: 7.478 Thread 0x0000000019bb4000 Uncommon trap: reason=unstable_if action=reinterpret pc=0x0000000003f954e8 method=com.sun.org.apache.xerces.internal.impl.XMLEntityScanner.scanLiteral(ILcom/sun/org/apache/xerces/internal/xni/XMLString;Z)I @ 660
Event: 7.487 Thread 0x0000000019bb4000 Uncommon trap: reason=unstable_if action=reinterpret pc=0x0000000003f92800 method=com.sun.org.apache.xerces.internal.util.SymbolTable.addSymbol([CII)Ljava/lang/String; @ 38
Event: 7.519 Thread 0x0000000019bb4000 Uncommon trap: reason=unstable_if action=reinterpret pc=0x0000000003ecacd8 method=com.google.gson.stream.JsonReader.doPeek()I @ 315
Event: 7.764 Thread 0x0000000019bb4000 Uncommon trap: reason=unstable_if action=reinterpret pc=0x0000000004181e18 method=com.esotericsoftware.kryo.io.Input.readString()Ljava/lang/String; @ 38
Event: 7.918 Thread 0x0000000019bb4000 Uncommon trap: reason=null_check action=make_not_entrant pc=0x00000000035e8be4 method=java.lang.Class.isAnnotation()Z @ 1
Event: 8.024 Thread 0x0000000019bb4000 Uncommon trap: reason=speculate_class_check action=maybe_recompile pc=0x0000000003b3b828 method=com.google.common.collect.AbstractIndexedListIterator.next()Ljava/lang/Object; @ 27
Event: 8.024 Thread 0x0000000019bb4000 Uncommon trap: reason=speculate_class_check action=maybe_recompile pc=0x0000000003b3b828 method=com.google.common.collect.AbstractIndexedListIterator.next()Ljava/lang/Object; @ 27
Event: 8.024 Thread 0x0000000019bb4000 Uncommon trap: reason=speculate_class_check action=maybe_recompile pc=0x0000000003b3b828 method=com.google.common.collect.AbstractIndexedListIterator.next()Ljava/lang/Object; @ 27
Event: 8.025 Thread 0x0000000019bb4000 Uncommon trap: reason=speculate_class_check action=maybe_recompile pc=0x0000000003b3b828 method=com.google.common.collect.AbstractIndexedListIterator.next()Ljava/lang/Object; @ 27

Classes redefined (0 events):
No events

Internal exceptions (10 events):
Event: 6.232 Thread 0x0000000019bb4000 Exception <a 'java/lang/ClassNotFoundException': java/lang/StringCustomizer> (0x00000000e5112208) thrown at [C:\src\AOSP-openjdk-git\hotspot\src\share\vm\classfile\systemDictionary.cpp, line 210]
Event: 6.314 Thread 0x0000000019bb4000 Exception <a 'java/lang/NoSuchMethodError': java.lang.Object.lambda$comparingInt$7b0bb60$1(Ljava/util/function/ToIntFunction;Ljava/lang/Object;Ljava/lang/Object;)I> (0x00000000e57c9700) thrown at [C:\src\AOSP-openjdk-git\hotspot\src\share\vm\interpreter\l
Event: 6.670 Thread 0x0000000019bb4000 Exception <a 'java/lang/ClassNotFoundException': com/android/build/gradle/internal/api/ApkVariantOutputImpl_DecoratedBeanInfo> (0x00000000e6ef2de8) thrown at [C:\src\AOSP-openjdk-git\hotspot\src\share\vm\classfile\systemDictionary.cpp, line 210]
Event: 6.670 Thread 0x0000000019bb4000 Exception <a 'java/lang/ClassNotFoundException': com/android/build/gradle/internal/api/ApkVariantOutputImplBeanInfo> (0x00000000e6f12410) thrown at [C:\src\AOSP-openjdk-git\hotspot\src\share\vm\classfile\systemDictionary.cpp, line 210]
Event: 6.670 Thread 0x0000000019bb4000 Exception <a 'java/lang/ClassNotFoundException': com/android/build/gradle/internal/api/BaseVariantOutputImplBeanInfo> (0x00000000e6f32f98) thrown at [C:\src\AOSP-openjdk-git\hotspot\src\share\vm\classfile\systemDictionary.cpp, line 210]
Event: 6.671 Thread 0x0000000019bb4000 Exception <a 'java/lang/ClassNotFoundException': com/android/build/gradle/internal/api/BaseVariantOutputImplCustomizer> (0x00000000e6f54118) thrown at [C:\src\AOSP-openjdk-git\hotspot\src\share\vm\classfile\systemDictionary.cpp, line 210]
Event: 6.671 Thread 0x0000000019bb4000 Exception <a 'java/lang/ClassNotFoundException': com/android/build/gradle/internal/api/ApkVariantOutputImplCustomizer> (0x00000000e6f8f648) thrown at [C:\src\AOSP-openjdk-git\hotspot\src\share\vm\classfile\systemDictionary.cpp, line 210]
Event: 6.672 Thread 0x0000000019bb4000 Exception <a 'java/lang/ClassNotFoundException': com/android/build/gradle/internal/api/ApkVariantOutputImpl_DecoratedCustomizer> (0x00000000e6fc5d78) thrown at [C:\src\AOSP-openjdk-git\hotspot\src\share\vm\classfile\systemDictionary.cpp, line 210]
Event: 7.049 Thread 0x0000000019bb4000 Exception <a 'java/lang/ClassNotFoundException': com/sun/org/glassfish/hk2/osgiresourcelocator/ServiceLoader> (0x00000000e0fff6e0) thrown at [C:\src\AOSP-openjdk-git\hotspot\src\share\vm\classfile\systemDictionary.cpp, line 210]
Event: 7.314 Thread 0x0000000019bb4000 Exception <a 'java/lang/NullPointerException'> (0x00000000e04558c8) thrown at [C:\src\AOSP-openjdk-git\hotspot\src\share\vm\interpreter\linkResolver.cpp, line 1287]

Events (10 events):
Event: 8.026 Thread 0x0000000018c15000 flushing nmethod 0x0000000003f69310
Event: 8.026 Thread 0x0000000018c15000 flushing nmethod 0x0000000003f69cd0
Event: 8.026 Thread 0x0000000018c15000 flushing nmethod 0x0000000003f73310
Event: 8.026 Thread 0x0000000018c15000 flushing nmethod 0x0000000003f741d0
Event: 8.026 Thread 0x0000000018c15000 flushing nmethod 0x0000000003f76b10
Event: 8.026 Thread 0x0000000018c15000 flushing nmethod 0x0000000003f96c90
Event: 8.026 Thread 0x0000000018c15000 flushing nmethod 0x0000000003fa7bd0
Event: 8.026 Thread 0x0000000018c15000 flushing nmethod 0x0000000003fac7d0
Event: 8.026 Thread 0x0000000018c15000 flushing nmethod 0x0000000003fae410
Event: 8.026 Thread 0x0000000018c15000 flushing nmethod 0x0000000003fd3a10


Dynamic libraries:
0x00007ff621290000 - 0x00007ff6212c1000 	C:\Program Files\Android\Android Studio\jre\bin\java.exe
0x00007ff9d8420000 - 0x00007ff9d8610000 	C:\WINDOWS\SYSTEM32\ntdll.dll
0x00007ff9d7900000 - 0x00007ff9d79b2000 	C:\WINDOWS\System32\KERNEL32.DLL
0x00007ff9d5760000 - 0x00007ff9d5a05000 	C:\WINDOWS\System32\KERNELBASE.dll
0x00007ff9d72b0000 - 0x00007ff9d7353000 	C:\WINDOWS\System32\ADVAPI32.dll
0x00007ff9d7a20000 - 0x00007ff9d7abe000 	C:\WINDOWS\System32\msvcrt.dll
0x00007ff9d6e20000 - 0x00007ff9d6eb7000 	C:\WINDOWS\System32\sechost.dll
0x00007ff9d6a40000 - 0x00007ff9d6b5f000 	C:\WINDOWS\System32\RPCRT4.dll
0x00007ff9d81b0000 - 0x00007ff9d8344000 	C:\WINDOWS\System32\USER32.dll
0x00007ff9d6360000 - 0x00007ff9d6381000 	C:\WINDOWS\System32\win32u.dll
0x00007ff9d83b0000 - 0x00007ff9d83d6000 	C:\WINDOWS\System32\GDI32.dll
0x00007ff9d5560000 - 0x00007ff9d56f8000 	C:\WINDOWS\System32\gdi32full.dll
0x00007ff9d62c0000 - 0x00007ff9d635e000 	C:\WINDOWS\System32\msvcp_win.dll
0x00007ff9d5a40000 - 0x00007ff9d5b3a000 	C:\WINDOWS\System32\ucrtbase.dll
0x00007ff9c3f00000 - 0x00007ff9c4184000 	C:\WINDOWS\WinSxS\amd64_microsoft.windows.common-controls_6595b64144ccf1df_6.0.18362.1440_none_9e7dbfb9e45e8e67\COMCTL32.dll
0x00007ff9d6590000 - 0x00007ff9d68c6000 	C:\WINDOWS\System32\combase.dll
0x00007ff9d6390000 - 0x00007ff9d6411000 	C:\WINDOWS\System32\bcryptPrimitives.dll
0x00007ff9d69a0000 - 0x00007ff9d69ce000 	C:\WINDOWS\System32\IMM32.DLL
0x000000005c4e0000 - 0x000000005c5b2000 	C:\Program Files\Android\Android Studio\jre\jre\bin\msvcr100.dll
0x000000005c6a0000 - 0x000000005ceeb000 	C:\Program Files\Android\Android Studio\jre\jre\bin\server\jvm.dll
0x00007ff9d6d10000 - 0x00007ff9d6d18000 	C:\WINDOWS\System32\PSAPI.DLL
0x00007ff9d0a90000 - 0x00007ff9d0a9a000 	C:\WINDOWS\SYSTEM32\VERSION.dll
0x00007ff9cc7d0000 - 0x00007ff9cc7f4000 	C:\WINDOWS\SYSTEM32\WINMM.dll
0x00007ff9c7be0000 - 0x00007ff9c7be9000 	C:\WINDOWS\SYSTEM32\WSOCK32.dll
0x00007ff9d6ec0000 - 0x00007ff9d6f2f000 	C:\WINDOWS\System32\WS2_32.dll
0x00007ff9cc750000 - 0x00007ff9cc77d000 	C:\WINDOWS\SYSTEM32\winmmbase.dll
0x00007ff9d5510000 - 0x00007ff9d555a000 	C:\WINDOWS\System32\cfgmgr32.dll
0x00007ff9d16c0000 - 0x00007ff9d16cf000 	C:\Program Files\Android\Android Studio\jre\jre\bin\verify.dll
0x00007ff9cff20000 - 0x00007ff9cff49000 	C:\Program Files\Android\Android Studio\jre\jre\bin\java.dll
0x00007ff9d0c40000 - 0x00007ff9d0c56000 	C:\Program Files\Android\Android Studio\jre\jre\bin\zip.dll
0x00007ff9d7ac0000 - 0x00007ff9d81a8000 	C:\WINDOWS\System32\SHELL32.dll
0x00007ff9d7830000 - 0x00007ff9d78d7000 	C:\WINDOWS\System32\shcore.dll
0x00007ff9d5b40000 - 0x00007ff9d62bb000 	C:\WINDOWS\System32\windows.storage.dll
0x00007ff9d5350000 - 0x00007ff9d536e000 	C:\WINDOWS\System32\profapi.dll
0x00007ff9d5300000 - 0x00007ff9d534a000 	C:\WINDOWS\System32\powrprof.dll
0x00007ff9d52d0000 - 0x00007ff9d52e0000 	C:\WINDOWS\System32\UMPDC.dll
0x00007ff9d79c0000 - 0x00007ff9d7a12000 	C:\WINDOWS\System32\shlwapi.dll
0x00007ff9d5370000 - 0x00007ff9d5381000 	C:\WINDOWS\System32\kernel.appcore.dll
0x00007ff9d54f0000 - 0x00007ff9d5507000 	C:\WINDOWS\System32\cryptsp.dll
0x00007ff9d02d0000 - 0x00007ff9d02ea000 	C:\Program Files\Android\Android Studio\jre\jre\bin\net.dll
0x00007ff9d4ab0000 - 0x00007ff9d4b17000 	C:\WINDOWS\system32\mswsock.dll
0x00007ff9cfe00000 - 0x00007ff9cfe13000 	C:\Program Files\Android\Android Studio\jre\jre\bin\nio.dll
0x00007ff9cacb0000 - 0x00007ff9cacd6000 	C:\Users\cadla_authorized_use\.gradle\native\31\windows-amd64\native-platform.dll
0x00007ff9d11d0000 - 0x00007ff9d11dd000 	C:\Program Files\Android\Android Studio\jre\jre\bin\management.dll
0x00007ff9d4630000 - 0x00007ff9d4663000 	C:\WINDOWS\system32\rsaenh.dll
0x00007ff9d5a10000 - 0x00007ff9d5a36000 	C:\WINDOWS\System32\bcrypt.dll
0x00007ff9d51f0000 - 0x00007ff9d5215000 	C:\WINDOWS\SYSTEM32\USERENV.dll
0x00007ff9d4ce0000 - 0x00007ff9d4cec000 	C:\WINDOWS\SYSTEM32\CRYPTBASE.dll
0x00007ff9d47c0000 - 0x00007ff9d47fa000 	C:\WINDOWS\SYSTEM32\IPHLPAPI.DLL
0x00007ff9d72a0000 - 0x00007ff9d72a8000 	C:\WINDOWS\System32\NSI.dll
0x00007ff9ccd90000 - 0x00007ff9ccda6000 	C:\WINDOWS\SYSTEM32\dhcpcsvc6.DLL
0x00007ff9ccd70000 - 0x00007ff9ccd8c000 	C:\WINDOWS\SYSTEM32\dhcpcsvc.DLL
0x00007ff9d4800000 - 0x00007ff9d48cb000 	C:\WINDOWS\SYSTEM32\DNSAPI.dll

VM Arguments:
jvm_args: -Xmx1536m -Dfile.encoding=windows-1252 -Duser.country=US -Duser.language=en -Duser.variant 
java_command: org.gradle.launcher.daemon.bootstrap.GradleDaemon 6.1.1
java_class_path (initial): C:\Users\cadla_authorized_use\.gradle\wrapper\dists\gradle-6.1.1-all\cfmwm155h49vnt3hynmlrsdst\gradle-6.1.1\lib\gradle-launcher-6.1.1.jar
Launcher Type: SUN_STANDARD

Environment Variables:
PATH=C:\ProgramData\Oracle\Java\javapath;C:\Program Files (x86)\Common Files\Oracle\Java\javapath;C:\Users\cadla_authorized_use\Documents\mongodb-shell-windows-x86_64-4.4.3\mongodb-win32-x86_64-windows-4.4.3\bin;C:\Python39\;C:\WINDOWS\system32;C:\WINDOWS;C:\WINDOWS\System32\Wbem;C:\WINDOWS\System32\WindowsPowerShell\v1.0\;C:\WINDOWS\System32\OpenSSH\;C:\Program Files\Intel\WiFi\bin\;C:\Program Files\Common Files\Intel\WirelessCommon\;C:\Program Files\Java\jdk1.8.0_162\bin;C:\Users\cadla_authorized_use\AppData\Local\Android\Sdk\platform-tools;C:\OpenSSL\include\openssl;C:\Program Files\Git\cmd;C:\Program Files\nodejs\;C:\Program Files (x86)\Yarn\bin\;C:\ProgramData\chocolatey\bin;C:\Users\cadla_authorized_use\Documents\flutter\bin;C:\Users\cadla_authorized_use\scoop\shims;C:\Users\cadla_authorized_use\AppData\Local\Microsoft\WindowsApps;C:\Users\cadla_authorized_use\AppData\Local\atom\bin;C:\Program Files\PostgreSQL\13\bin;C:\Users\cadla_authorized_use\AppData\Roaming\npm;C:\Users\cadla_authorized_use\AppData\Local\Yarn\bin;C:\Users\cadla_authorized_use\AppData\Local\Programs\Microsoft VS Code\bin
USERNAME=cadla_authorized_use
OS=Windows_NT
PROCESSOR_IDENTIFIER=Intel64 Family 6 Model 142 Stepping 10, GenuineIntel



---------------  S Y S T E M  ---------------

OS: Windows 10.0 , 64 bit Build 18362 (10.0.18362.1350)

CPU:total 8 (initial active 8) (4 cores per cpu, 2 threads per core) family 6 model 142 stepping 10, cmov, cx8, fxsr, mmx, sse, sse2, sse3, ssse3, sse4.1, sse4.2, popcnt, avx, avx2, aes, clmul, erms, 3dnowpref, lzcnt, ht, tsc, tscinvbit, bmi1, bmi2, adx

Memory: 4k page, physical 12463124k(660708k free), swap 34477584k(3492k free)

vm_info: OpenJDK 64-Bit Server VM (25.242-b01) for windows-amd64 JRE (1.8.0_242-release-1644-b01), built by "builder" with MS VC++ 10.0 (VS2010)

time: Fri Apr 02 22:03:27 2021
timezone: India Standard Time
elapsed time: 8 seconds (0d 0h 0m 8s)

